Database Connecting...
[EL Info]: 2018-07-16 18:57:43.18--ServerSession(403147759)--EclipseLink, version: Eclipse Persistence Services - 2.5.1.v20130918-f2b9fc5
[EL Info]: connection: 2018-07-16 18:57:43.445--ServerSession(403147759)--file:/home/indicate/dist/indicate.jar_TramPU login successful
host_name: teak
Host: Host[763560746]: teak, ip: 1.1.1.11, os: Ubuntu, location: apartment
IB Client ID: 1000
Service
 ServiceData[55540991] aex.bol.1m, active, refresh: 60
 Host[763560746]: teak, ip: 1.1.1.11, os: Ubuntu, location: apartment
 Fund[203819921] fti
 Frame[881264810]: 1m
 Set[309566535] bol
Servive[55540991] timer(start: 18:58:01, refresh: 60s)
Service
 ServiceData[684811292] aex.ema.15.1m, active, refresh: 60
 Host[763560746]: teak, ip: 1.1.1.11, os: Ubuntu, location: apartment
 Fund[203819921] fti
 Frame[881264810]: 1m
 Set[122110586] ema15
Servive[684811292] timer(start: 18:58:01, refresh: 60s)
Service
 ServiceData[634373963] aex.ema.30.1m, active, refresh: 60
 Host[763560746]: teak, ip: 1.1.1.11, os: Ubuntu, location: apartment
 Fund[203819921] fti
 Frame[881264810]: 1m
 Set[85709944] ema30
Servive[634373963] timer(start: 18:58:01, refresh: 60s)
Service
 ServiceData[655480598] aex.ema.360.1m, active, refresh: 60
 Host[763560746]: teak, ip: 1.1.1.11, os: Ubuntu, location: apartment
 Fund[203819921] fti
 Frame[881264810]: 1m
 Set[36431554] ema360
Servive[655480598] timer(start: 18:58:01, refresh: 60s)
Service
 ServiceData[758073400] aex.ema.60.1m, active, refresh: 60
 Host[763560746]: teak, ip: 1.1.1.11, os: Ubuntu, location: apartment
 Fund[203819921] fti
 Frame[881264810]: 1m
 Set[946610226] ema60
Servive[758073400] timer(start: 18:58:02, refresh: 60s)
Service
 ServiceData[604954925] aex.line.1m, active, refresh: 60
 Host[763560746]: teak, ip: 1.1.1.11, os: Ubuntu, location: apartment
 Fund[203819921] fti
 Frame[881264810]: 1m
 Set[286569721] line
18:57:43:565 {line}  [1m] Updatable Services:
Servive[604954925] timer(start: 18:58:02, refresh: 60s)
Service
 ServiceData[772197162] aex.macd.1m, active, refresh: 60
 Host[763560746]: teak, ip: 1.1.1.11, os: Ubuntu, location: apartment
 Fund[203819921] fti
 Frame[881264810]: 1m
 Set[621989106] macd
Servive[772197162] timer(start: 18:58:02, refresh: 60s)
Service
 ServiceData[307754199] aex.rsi.1m, active, refresh: 60
 Host[763560746]: teak, ip: 1.1.1.11, os: Ubuntu, location: apartment
 Fund[203819921] fti
 Frame[881264810]: 1m
 Set[407410407] rsi
Servive[307754199] timer(start: 18:58:02, refresh: 60s)
Service
 ServiceData[70464271] aex.sar.1m, active, refresh: 60
 Host[763560746]: teak, ip: 1.1.1.11, os: Ubuntu, location: apartment
 Fund[203819921] fti
 Frame[881264810]: 1m
 Set[723207662] sar
Servive[70464271] timer(start: 18:58:02, refresh: 60s)
Service
 ServiceData[18566372] aex.sol5m.1m, active, refresh: 60
 Host[763560746]: teak, ip: 1.1.1.11, os: Ubuntu, location: apartment
 Fund[203819921] fti
 Frame[881264810]: 1m
 Set[199911235] sol5m
Servive[18566372] timer(start: 18:58:03, refresh: 60s)
Service
 ServiceData[403921003] aex.trend.1m, active, refresh: 60
 Host[763560746]: teak, ip: 1.1.1.11, os: Ubuntu, location: apartment
 Fund[203819921] fti
 Frame[881264810]: 1m
 Set[888877993] trend
Servive[403921003] timer(start: 18:58:03, refresh: 60s)
Edge not found for set: bol
18:58:01:162 {bol} fti 60 ms
Datum[null], edge: ema15, neuron: Neuron::Angle, fund: fti, frame: 1m, value: 2, time: 18:48:30
Datum[null], edge: ema15, neuron: Neuron::Angle, fund: fti, frame: 1m, value: 9, time: 18:50:30
Datum[null], edge: ema15, neuron: Neuron::Angle, fund: fti, frame: 1m, value: 9, time: 18:51:30
Datum[null], edge: ema15, neuron: Neuron::Angle, fund: fti, frame: 1m, value: 9, time: 18:52:30
Datum[null], edge: ema15, neuron: Neuron::Angle, fund: fti, frame: 1m, value: 9, time: 18:53:30
Datum[null], edge: ema15, neuron: Neuron::Sign, fund: fti, frame: 1m, value: 1, time: 18:48:30
Datum[null], edge: ema15, neuron: Neuron::Sign, fund: fti, frame: 1m, value: 1, time: 18:50:30
Datum[null], edge: ema15, neuron: Neuron::Sign, fund: fti, frame: 1m, value: 1, time: 18:51:30
Datum[null], edge: ema15, neuron: Neuron::Sign, fund: fti, frame: 1m, value: 1, time: 18:52:30
Datum[null], edge: ema15, neuron: Neuron::Sign, fund: fti, frame: 1m, value: 1, time: 18:53:30
Datum[null], edge: ema15, neuron: Neuron::Trend, fund: fti, frame: 1m, value: 1, time: 18:48:30
Datum[null], edge: ema15, neuron: Neuron::Trend, fund: fti, frame: 1m, value: 2, time: 18:50:30
Datum[null], edge: ema15, neuron: Neuron::Trend, fund: fti, frame: 1m, value: 3, time: 18:51:30
Datum[null], edge: ema15, neuron: Neuron::Trend, fund: fti, frame: 1m, value: 4, time: 18:52:30
Datum[null], edge: ema15, neuron: Neuron::Trend, fund: fti, frame: 1m, value: 5, time: 18:53:30
Datum[null], edge: ema15, neuron: Neuron::Level, fund: fti, frame: 1m, value: -8, time: 18:48:30
Datum[null], edge: ema15, neuron: Neuron::Level, fund: fti, frame: 1m, value: -4, time: 18:50:30
Datum[null], edge: ema15, neuron: Neuron::Level, fund: fti, frame: 1m, value: 1, time: 18:51:30
Datum[null], edge: ema15, neuron: Neuron::Level, fund: fti, frame: 1m, value: 5, time: 18:52:30
Datum[null], edge: ema15, neuron: Neuron::Level, fund: fti, frame: 1m, value: 9, time: 18:53:30
18:44:30:000 neuron: Neuron[122110586], edge: ema15, type: Neuron::Out, position: 0, factor: 1.0 datum: null
18:44:30:000 neuron: Neuron[122110586], edge: ema15, type: Neuron::Out, position: 0, factor: 1.0 datum: null
18:44:30:000 neuron: Neuron[122110586], edge: ema15, type: Neuron::Out, position: 0, factor: 1.0 datum: null
18:44:30:000 neuron: Neuron[122110586], edge: ema15, type: Neuron::Out, position: 0, factor: 1.0 datum: null
Datum[null], edge: ema15, neuron: Neuron::Out, fund: fti, frame: 1m, value: 0, time: 18:44:30
Datum[null], edge: ema15, neuron: Neuron::Out, fund: fti, frame: 1m, value: 1, time: 18:48:30
Datum[null], edge: ema15, neuron: Neuron::Out, fund: fti, frame: 1m, value: 4, time: 18:50:30
Datum[null], edge: ema15, neuron: Neuron::Out, fund: fti, frame: 1m, value: 6, time: 18:51:30
Datum[null], edge: ema15, neuron: Neuron::Out, fund: fti, frame: 1m, value: 7, time: 18:52:30
Datum[null], edge: ema15, neuron: Neuron::Out, fund: fti, frame: 1m, value: 8, time: 18:53:30
18:58:01:408 {ema15} fti 107 ms
Datum[null], edge: ema30, neuron: Neuron::Angle, fund: fti, frame: 1m, value: 2, time: 18:48:30
Datum[null], edge: ema30, neuron: Neuron::Angle, fund: fti, frame: 1m, value: 9, time: 18:50:30
Datum[null], edge: ema30, neuron: Neuron::Angle, fund: fti, frame: 1m, value: 9, time: 18:51:30
Datum[null], edge: ema30, neuron: Neuron::Angle, fund: fti, frame: 1m, value: 9, time: 18:52:30
Datum[null], edge: ema30, neuron: Neuron::Angle, fund: fti, frame: 1m, value: 9, time: 18:53:30
Datum[null], edge: ema30, neuron: Neuron::Sign, fund: fti, frame: 1m, value: 1, time: 18:48:30
Datum[null], edge: ema30, neuron: Neuron::Sign, fund: fti, frame: 1m, value: 1, time: 18:50:30
Datum[null], edge: ema30, neuron: Neuron::Sign, fund: fti, frame: 1m, value: 1, time: 18:51:30
Datum[null], edge: ema30, neuron: Neuron::Sign, fund: fti, frame: 1m, value: 1, time: 18:52:30
Datum[null], edge: ema30, neuron: Neuron::Sign, fund: fti, frame: 1m, value: 1, time: 18:53:30
Datum[null], edge: ema30, neuron: Neuron::Trend, fund: fti, frame: 1m, value: 1, time: 18:48:30
Datum[null], edge: ema30, neuron: Neuron::Trend, fund: fti, frame: 1m, value: 2, time: 18:50:30
Datum[null], edge: ema30, neuron: Neuron::Trend, fund: fti, frame: 1m, value: 3, time: 18:51:30
Datum[null], edge: ema30, neuron: Neuron::Trend, fund: fti, frame: 1m, value: 4, time: 18:52:30
Datum[null], edge: ema30, neuron: Neuron::Trend, fund: fti, frame: 1m, value: 5, time: 18:53:30
Datum[null], edge: ema30, neuron: Neuron::Level, fund: fti, frame: 1m, value: -8, time: 18:48:30
Datum[null], edge: ema30, neuron: Neuron::Level, fund: fti, frame: 1m, value: -4, time: 18:50:30
Datum[null], edge: ema30, neuron: Neuron::Level, fund: fti, frame: 1m, value: 0, time: 18:51:30
Datum[null], edge: ema30, neuron: Neuron::Level, fund: fti, frame: 1m, value: 5, time: 18:52:30
Datum[null], edge: ema30, neuron: Neuron::Level, fund: fti, frame: 1m, value: 9, time: 18:53:30
18:44:30:000 neuron: Neuron[85709944], edge: ema30, type: Neuron::Out, position: 0, factor: 1.0 datum: null
18:44:30:000 neuron: Neuron[85709944], edge: ema30, type: Neuron::Out, position: 0, factor: 1.0 datum: null
18:44:30:000 neuron: Neuron[85709944], edge: ema30, type: Neuron::Out, position: 0, factor: 1.0 datum: null
18:44:30:000 neuron: Neuron[85709944], edge: ema30, type: Neuron::Out, position: 0, factor: 1.0 datum: null
Datum[null], edge: ema30, neuron: Neuron::Out, fund: fti, frame: 1m, value: 0, time: 18:44:30
Datum[null], edge: ema30, neuron: Neuron::Out, fund: fti, frame: 1m, value: 1, time: 18:48:30
Datum[null], edge: ema30, neuron: Neuron::Out, fund: fti, frame: 1m, value: 4, time: 18:50:30
Datum[null], edge: ema30, neuron: Neuron::Out, fund: fti, frame: 1m, value: 5, time: 18:51:30
Datum[null], edge: ema30, neuron: Neuron::Out, fund: fti, frame: 1m, value: 7, time: 18:52:30
Datum[null], edge: ema30, neuron: Neuron::Out, fund: fti, frame: 1m, value: 8, time: 18:53:30
18:58:01:593 {ema30} fti 93 ms
Datum[null], edge: ema360, neuron: Neuron::Angle, fund: fti, frame: 1m, value: 6, time: 18:48:30
Datum[null], edge: ema360, neuron: Neuron::Angle, fund: fti, frame: 1m, value: 9, time: 18:50:30
Datum[null], edge: ema360, neuron: Neuron::Angle, fund: fti, frame: 1m, value: 9, time: 18:51:30
Datum[null], edge: ema360, neuron: Neuron::Angle, fund: fti, frame: 1m, value: 9, time: 18:52:30
Datum[null], edge: ema360, neuron: Neuron::Angle, fund: fti, frame: 1m, value: 9, time: 18:53:30
Datum[null], edge: ema360, neuron: Neuron::Sign, fund: fti, frame: 1m, value: 1, time: 18:48:30
Datum[null], edge: ema360, neuron: Neuron::Sign, fund: fti, frame: 1m, value: 1, time: 18:50:30
Datum[null], edge: ema360, neuron: Neuron::Sign, fund: fti, frame: 1m, value: 1, time: 18:51:30
Datum[null], edge: ema360, neuron: Neuron::Sign, fund: fti, frame: 1m, value: 1, time: 18:52:30
Datum[null], edge: ema360, neuron: Neuron::Sign, fund: fti, frame: 1m, value: 1, time: 18:53:30
Datum[null], edge: ema360, neuron: Neuron::Trend, fund: fti, frame: 1m, value: 1, time: 18:48:30
Datum[null], edge: ema360, neuron: Neuron::Trend, fund: fti, frame: 1m, value: 2, time: 18:50:30
Datum[null], edge: ema360, neuron: Neuron::Trend, fund: fti, frame: 1m, value: 3, time: 18:51:30
Datum[null], edge: ema360, neuron: Neuron::Trend, fund: fti, frame: 1m, value: 4, time: 18:52:30
Datum[null], edge: ema360, neuron: Neuron::Trend, fund: fti, frame: 1m, value: 5, time: 18:53:30
Datum[null], edge: ema360, neuron: Neuron::Level, fund: fti, frame: 1m, value: -9, time: 18:48:30
Datum[null], edge: ema360, neuron: Neuron::Level, fund: fti, frame: 1m, value: -5, time: 18:50:30
Datum[null], edge: ema360, neuron: Neuron::Level, fund: fti, frame: 1m, value: -1, time: 18:51:30
Datum[null], edge: ema360, neuron: Neuron::Level, fund: fti, frame: 1m, value: 4, time: 18:52:30
Datum[null], edge: ema360, neuron: Neuron::Level, fund: fti, frame: 1m, value: 9, time: 18:53:30
18:44:30:000 neuron: Neuron[36431554], edge: ema360, type: Neuron::Out, position: 0, factor: 1.0 datum: null
18:44:30:000 neuron: Neuron[36431554], edge: ema360, type: Neuron::Out, position: 0, factor: 1.0 datum: null
18:44:30:000 neuron: Neuron[36431554], edge: ema360, type: Neuron::Out, position: 0, factor: 1.0 datum: null
18:44:30:000 neuron: Neuron[36431554], edge: ema360, type: Neuron::Out, position: 0, factor: 1.0 datum: null
Datum[null], edge: ema360, neuron: Neuron::Out, fund: fti, frame: 1m, value: 0, time: 18:44:30
Datum[null], edge: ema360, neuron: Neuron::Out, fund: fti, frame: 1m, value: 2, time: 18:48:30
Datum[null], edge: ema360, neuron: Neuron::Out, fund: fti, frame: 1m, value: 4, time: 18:50:30
Datum[null], edge: ema360, neuron: Neuron::Out, fund: fti, frame: 1m, value: 5, time: 18:51:30
Datum[null], edge: ema360, neuron: Neuron::Out, fund: fti, frame: 1m, value: 7, time: 18:52:30
Datum[null], edge: ema360, neuron: Neuron::Out, fund: fti, frame: 1m, value: 8, time: 18:53:30
18:58:01:780 {ema360} fti 80 ms
Datum[null], edge: ema60, neuron: Neuron::Angle, fund: fti, frame: 1m, value: 2, time: 18:48:30
Datum[null], edge: ema60, neuron: Neuron::Angle, fund: fti, frame: 1m, value: 9, time: 18:50:30
Datum[null], edge: ema60, neuron: Neuron::Angle, fund: fti, frame: 1m, value: 9, time: 18:51:30
Datum[null], edge: ema60, neuron: Neuron::Angle, fund: fti, frame: 1m, value: 9, time: 18:52:30
Datum[null], edge: ema60, neuron: Neuron::Angle, fund: fti, frame: 1m, value: 9, time: 18:53:30
Datum[null], edge: ema60, neuron: Neuron::Sign, fund: fti, frame: 1m, value: 1, time: 18:48:30
Datum[null], edge: ema60, neuron: Neuron::Sign, fund: fti, frame: 1m, value: 1, time: 18:50:30
Datum[null], edge: ema60, neuron: Neuron::Sign, fund: fti, frame: 1m, value: 1, time: 18:51:30
Datum[null], edge: ema60, neuron: Neuron::Sign, fund: fti, frame: 1m, value: 1, time: 18:52:30
Datum[null], edge: ema60, neuron: Neuron::Sign, fund: fti, frame: 1m, value: 1, time: 18:53:30
Datum[null], edge: ema60, neuron: Neuron::Trend, fund: fti, frame: 1m, value: 1, time: 18:48:30
Datum[null], edge: ema60, neuron: Neuron::Trend, fund: fti, frame: 1m, value: 2, time: 18:50:30
Datum[null], edge: ema60, neuron: Neuron::Trend, fund: fti, frame: 1m, value: 3, time: 18:51:30
Datum[null], edge: ema60, neuron: Neuron::Trend, fund: fti, frame: 1m, value: 4, time: 18:52:30
Datum[null], edge: ema60, neuron: Neuron::Trend, fund: fti, frame: 1m, value: 5, time: 18:53:30
Datum[null], edge: ema60, neuron: Neuron::Level, fund: fti, frame: 1m, value: -9, time: 18:48:30
Datum[null], edge: ema60, neuron: Neuron::Level, fund: fti, frame: 1m, value: -5, time: 18:50:30
Datum[null], edge: ema60, neuron: Neuron::Level, fund: fti, frame: 1m, value: 0, time: 18:51:30
Datum[null], edge: ema60, neuron: Neuron::Level, fund: fti, frame: 1m, value: 4, time: 18:52:30
Datum[null], edge: ema60, neuron: Neuron::Level, fund: fti, frame: 1m, value: 9, time: 18:53:30
18:44:30:000 neuron: Neuron[946610226], edge: ema60, type: Neuron::Out, position: 0, factor: 1.0 datum: null
18:44:30:000 neuron: Neuron[946610226], edge: ema60, type: Neuron::Out, position: 0, factor: 1.0 datum: null
18:44:30:000 neuron: Neuron[946610226], edge: ema60, type: Neuron::Out, position: 0, factor: 1.0 datum: null
18:44:30:000 neuron: Neuron[946610226], edge: ema60, type: Neuron::Out, position: 0, factor: 1.0 datum: null
Datum[null], edge: ema60, neuron: Neuron::Out, fund: fti, frame: 1m, value: 0, time: 18:44:30
Datum[null], edge: ema60, neuron: Neuron::Out, fund: fti, frame: 1m, value: 1, time: 18:48:30
Datum[null], edge: ema60, neuron: Neuron::Out, fund: fti, frame: 1m, value: 4, time: 18:50:30
Datum[null], edge: ema60, neuron: Neuron::Out, fund: fti, frame: 1m, value: 5, time: 18:51:30
Datum[null], edge: ema60, neuron: Neuron::Out, fund: fti, frame: 1m, value: 7, time: 18:52:30
Datum[null], edge: ema60, neuron: Neuron::Out, fund: fti, frame: 1m, value: 8, time: 18:53:30
18:58:02:005 {ema60} fti 105 ms
18:58:02:100 {line}  [1m] null
18:58:02:100 {line} fti 0 ms
Edge not found for set: macd
18:58:02:322 {macd} fti 22 ms
18:58:02:505 {rsi} fti 5 ms
18:58:02:710 {sar} fti 9 ms
18:58:02:914 {sol5m} fti 13 ms
No vertical range found for derivatives
No vertical range found
18:58:03:109 {trend} fti 9 ms
Database Connecting...
[EL Info]: 2018-07-16 18:59:36.385--ServerSession(403147759)--EclipseLink, version: Eclipse Persistence Services - 2.5.1.v20130918-f2b9fc5
[EL Info]: connection: 2018-07-16 18:59:36.66--ServerSession(403147759)--file:/home/indicate/dist/indicate.jar_TramPU login successful
host_name: teak
Host: Host[763560746]: teak, ip: 1.1.1.11, os: Ubuntu, location: apartment
IB Client ID: 203819921
Service
 ServiceData[55540991] aex.bol.1m, active, refresh: 60
 Host[763560746]: teak, ip: 1.1.1.11, os: Ubuntu, location: apartment
 Fund[203819921] fti
 Frame[881264810]: 1m
 Set[309566535] bol
Servive[55540991] timer(start: 19:00:01, refresh: 60s)
Service
 ServiceData[307754199] aex.rsi.1m, active, refresh: 60
 Host[763560746]: teak, ip: 1.1.1.11, os: Ubuntu, location: apartment
 Fund[203819921] fti
 Frame[881264810]: 1m
 Set[407410407] rsi
Servive[307754199] timer(start: 19:00:01, refresh: 60s)
Service
 ServiceData[70464271] aex.sar.1m, active, refresh: 60
 Host[763560746]: teak, ip: 1.1.1.11, os: Ubuntu, location: apartment
 Fund[203819921] fti
 Frame[881264810]: 1m
 Set[723207662] sar
Servive[70464271] timer(start: 19:00:01, refresh: 60s)
Service
 ServiceData[18566372] aex.sol5m.1m, active, refresh: 60
 Host[763560746]: teak, ip: 1.1.1.11, os: Ubuntu, location: apartment
 Fund[203819921] fti
 Frame[881264810]: 1m
 Set[199911235] sol5m
Servive[18566372] timer(start: 19:00:01, refresh: 60s)
Service
 ServiceData[403921003] aex.trend.1m, active, refresh: 60
 Host[763560746]: teak, ip: 1.1.1.11, os: Ubuntu, location: apartment
 Fund[203819921] fti
 Frame[881264810]: 1m
 Set[888877993] trend
Servive[403921003] timer(start: 19:00:02, refresh: 60s)
Service
 ServiceData[684811292] aex.ema.15.1m, active, refresh: 60
 Host[763560746]: teak, ip: 1.1.1.11, os: Ubuntu, location: apartment
 Fund[203819921] fti
 Frame[881264810]: 1m
 Set[122110586] ema15
Servive[684811292] timer(start: 19:00:02, refresh: 60s)
Service
 ServiceData[634373963] aex.ema.30.1m, active, refresh: 60
 Host[763560746]: teak, ip: 1.1.1.11, os: Ubuntu, location: apartment
 Fund[203819921] fti
 Frame[881264810]: 1m
 Set[85709944] ema30
Servive[634373963] timer(start: 19:00:02, refresh: 60s)
Service
 ServiceData[655480598] aex.ema.360.1m, active, refresh: 60
 Host[763560746]: teak, ip: 1.1.1.11, os: Ubuntu, location: apartment
 Fund[203819921] fti
 Frame[881264810]: 1m
 Set[36431554] ema360
Servive[655480598] timer(start: 19:00:02, refresh: 60s)
Service
 ServiceData[758073400] aex.ema.60.1m, active, refresh: 60
 Host[763560746]: teak, ip: 1.1.1.11, os: Ubuntu, location: apartment
 Fund[203819921] fti
 Frame[881264810]: 1m
 Set[946610226] ema60
Servive[758073400] timer(start: 19:00:02, refresh: 60s)
Service
 ServiceData[604954925] aex.line.1m, active, refresh: 60
 Host[763560746]: teak, ip: 1.1.1.11, os: Ubuntu, location: apartment
 Fund[203819921] fti
 Frame[881264810]: 1m
 Set[286569721] line
18:59:36:781 {line}  [1m] Updatable Services:
Servive[604954925] timer(start: 19:00:03, refresh: 60s)
Service
 ServiceData[772197162] aex.macd.1m, active, refresh: 60
 Host[763560746]: teak, ip: 1.1.1.11, os: Ubuntu, location: apartment
 Fund[203819921] fti
 Frame[881264810]: 1m
 Set[621989106] macd
Servive[772197162] timer(start: 19:00:03, refresh: 60s)
Edge not found for set: bol
19:00:01:158 {bol} fti 57 ms
19:00:01:308 {rsi} fti 8 ms
Edge not found for set: sar
19:00:01:525 {sar} fti 24 ms
19:00:01:728 {sol5m} fti 28 ms
No vertical range found for derivatives
No vertical range found
19:00:01:911 {trend} fti 10 ms
Datum[null], edge: ema15, neuron: Neuron::Angle, fund: fti, frame: 1m, value: -9, time: 18:44:30
Datum[null], edge: ema15, neuron: Neuron::Angle, fund: fti, frame: 1m, value: 7, time: 18:57:30
Datum[null], edge: ema15, neuron: Neuron::Angle, fund: fti, frame: 1m, value: 9, time: 18:58:30
Datum[null], edge: ema15, neuron: Neuron::Angle, fund: fti, frame: 1m, value: 9, time: 18:59:30
Datum[null], edge: ema15, neuron: Neuron::Sign, fund: fti, frame: 1m, value: -1, time: 18:44:30
Datum[null], edge: ema15, neuron: Neuron::Sign, fund: fti, frame: 1m, value: 1, time: 18:57:30
Datum[null], edge: ema15, neuron: Neuron::Sign, fund: fti, frame: 1m, value: 1, time: 18:58:30
Datum[null], edge: ema15, neuron: Neuron::Sign, fund: fti, frame: 1m, value: 1, time: 18:59:30
Datum[null], edge: ema15, neuron: Neuron::Trend, fund: fti, frame: 1m, value: -1, time: 18:44:30
Datum[null], edge: ema15, neuron: Neuron::Trend, fund: fti, frame: 1m, value: 6, time: 18:57:30
Datum[null], edge: ema15, neuron: Neuron::Trend, fund: fti, frame: 1m, value: 7, time: 18:58:30
Datum[null], edge: ema15, neuron: Neuron::Trend, fund: fti, frame: 1m, value: 8, time: 18:59:30
Datum[null], edge: ema15, neuron: Neuron::Level, fund: fti, frame: 1m, value: -9, time: 18:44:30
Datum[null], edge: ema15, neuron: Neuron::Level, fund: fti, frame: 1m, value: 3, time: 18:57:30
Datum[null], edge: ema15, neuron: Neuron::Level, fund: fti, frame: 1m, value: 6, time: 18:58:30
Datum[null], edge: ema15, neuron: Neuron::Level, fund: fti, frame: 1m, value: 9, time: 18:59:30
18:43:30:000 neuron: Neuron[122110586], edge: ema15, type: Neuron::Out, position: 0, factor: 1.0 datum: null
18:43:30:000 neuron: Neuron[122110586], edge: ema15, type: Neuron::Out, position: 0, factor: 1.0 datum: null
18:43:30:000 neuron: Neuron[122110586], edge: ema15, type: Neuron::Out, position: 0, factor: 1.0 datum: null
18:43:30:000 neuron: Neuron[122110586], edge: ema15, type: Neuron::Out, position: 0, factor: 1.0 datum: null
Datum[null], edge: ema15, neuron: Neuron::Out, fund: fti, frame: 1m, value: 0, time: 18:43:30
Datum[null], edge: ema15, neuron: Neuron::Out, fund: fti, frame: 1m, value: 6, time: 18:57:30
Datum[null], edge: ema15, neuron: Neuron::Out, fund: fti, frame: 1m, value: 8, time: 18:58:30
Datum[null], edge: ema15, neuron: Neuron::Out, fund: fti, frame: 1m, value: 9, time: 18:59:30
19:00:02:199 {ema15} fti 99 ms
Datum[null], edge: ema30, neuron: Neuron::Angle, fund: fti, frame: 1m, value: -9, time: 18:44:30
Datum[null], edge: ema30, neuron: Neuron::Angle, fund: fti, frame: 1m, value: 9, time: 18:57:30
Datum[null], edge: ema30, neuron: Neuron::Angle, fund: fti, frame: 1m, value: 9, time: 18:58:30
Datum[null], edge: ema30, neuron: Neuron::Angle, fund: fti, frame: 1m, value: 9, time: 18:59:30
Datum[null], edge: ema30, neuron: Neuron::Sign, fund: fti, frame: 1m, value: -1, time: 18:44:30
Datum[null], edge: ema30, neuron: Neuron::Sign, fund: fti, frame: 1m, value: 1, time: 18:57:30
Datum[null], edge: ema30, neuron: Neuron::Sign, fund: fti, frame: 1m, value: 1, time: 18:58:30
Datum[null], edge: ema30, neuron: Neuron::Sign, fund: fti, frame: 1m, value: 1, time: 18:59:30
Datum[null], edge: ema30, neuron: Neuron::Trend, fund: fti, frame: 1m, value: -1, time: 18:44:30
Datum[null], edge: ema30, neuron: Neuron::Trend, fund: fti, frame: 1m, value: 6, time: 18:57:30
Datum[null], edge: ema30, neuron: Neuron::Trend, fund: fti, frame: 1m, value: 7, time: 18:58:30
Datum[null], edge: ema30, neuron: Neuron::Trend, fund: fti, frame: 1m, value: 8, time: 18:59:30
Datum[null], edge: ema30, neuron: Neuron::Level, fund: fti, frame: 1m, value: -9, time: 18:44:30
Datum[null], edge: ema30, neuron: Neuron::Level, fund: fti, frame: 1m, value: 2, time: 18:57:30
Datum[null], edge: ema30, neuron: Neuron::Level, fund: fti, frame: 1m, value: 6, time: 18:58:30
Datum[null], edge: ema30, neuron: Neuron::Level, fund: fti, frame: 1m, value: 9, time: 18:59:30
18:43:30:000 neuron: Neuron[85709944], edge: ema30, type: Neuron::Out, position: 0, factor: 1.0 datum: null
18:43:30:000 neuron: Neuron[85709944], edge: ema30, type: Neuron::Out, position: 0, factor: 1.0 datum: null
18:43:30:000 neuron: Neuron[85709944], edge: ema30, type: Neuron::Out, position: 0, factor: 1.0 datum: null
18:43:30:000 neuron: Neuron[85709944], edge: ema30, type: Neuron::Out, position: 0, factor: 1.0 datum: null
Datum[null], edge: ema30, neuron: Neuron::Out, fund: fti, frame: 1m, value: 0, time: 18:43:30
Datum[null], edge: ema30, neuron: Neuron::Out, fund: fti, frame: 1m, value: 7, time: 18:57:30
Datum[null], edge: ema30, neuron: Neuron::Out, fund: fti, frame: 1m, value: 8, time: 18:58:30
Datum[null], edge: ema30, neuron: Neuron::Out, fund: fti, frame: 1m, value: 9, time: 18:59:30
19:00:02:384 {ema30} fti 84 ms
Datum[null], edge: ema360, neuron: Neuron::Angle, fund: fti, frame: 1m, value: -9, time: 18:44:30
Datum[null], edge: ema360, neuron: Neuron::Angle, fund: fti, frame: 1m, value: 9, time: 18:57:30
Datum[null], edge: ema360, neuron: Neuron::Angle, fund: fti, frame: 1m, value: 9, time: 18:58:30
Datum[null], edge: ema360, neuron: Neuron::Angle, fund: fti, frame: 1m, value: 9, time: 18:59:30
Datum[null], edge: ema360, neuron: Neuron::Sign, fund: fti, frame: 1m, value: -1, time: 18:44:30
Datum[null], edge: ema360, neuron: Neuron::Sign, fund: fti, frame: 1m, value: 1, time: 18:57:30
Datum[null], edge: ema360, neuron: Neuron::Sign, fund: fti, frame: 1m, value: 1, time: 18:58:30
Datum[null], edge: ema360, neuron: Neuron::Sign, fund: fti, frame: 1m, value: 1, time: 18:59:30
Datum[null], edge: ema360, neuron: Neuron::Trend, fund: fti, frame: 1m, value: -1, time: 18:44:30
Datum[null], edge: ema360, neuron: Neuron::Trend, fund: fti, frame: 1m, value: 6, time: 18:57:30
Datum[null], edge: ema360, neuron: Neuron::Trend, fund: fti, frame: 1m, value: 7, time: 18:58:30
Datum[null], edge: ema360, neuron: Neuron::Trend, fund: fti, frame: 1m, value: 8, time: 18:59:30
Datum[null], edge: ema360, neuron: Neuron::Level, fund: fti, frame: 1m, value: -9, time: 18:44:30
Datum[null], edge: ema360, neuron: Neuron::Level, fund: fti, frame: 1m, value: 2, time: 18:57:30
Datum[null], edge: ema360, neuron: Neuron::Level, fund: fti, frame: 1m, value: 5, time: 18:58:30
Datum[null], edge: ema360, neuron: Neuron::Level, fund: fti, frame: 1m, value: 9, time: 18:59:30
18:43:30:000 neuron: Neuron[36431554], edge: ema360, type: Neuron::Out, position: 0, factor: 1.0 datum: null
18:43:30:000 neuron: Neuron[36431554], edge: ema360, type: Neuron::Out, position: 0, factor: 1.0 datum: null
18:43:30:000 neuron: Neuron[36431554], edge: ema360, type: Neuron::Out, position: 0, factor: 1.0 datum: null
18:43:30:000 neuron: Neuron[36431554], edge: ema360, type: Neuron::Out, position: 0, factor: 1.0 datum: null
Datum[null], edge: ema360, neuron: Neuron::Out, fund: fti, frame: 1m, value: 0, time: 18:43:30
Datum[null], edge: ema360, neuron: Neuron::Out, fund: fti, frame: 1m, value: 7, time: 18:57:30
Datum[null], edge: ema360, neuron: Neuron::Out, fund: fti, frame: 1m, value: 8, time: 18:58:30
Datum[null], edge: ema360, neuron: Neuron::Out, fund: fti, frame: 1m, value: 9, time: 18:59:30
19:00:02:603 {ema360} fti 103 ms
Datum[null], edge: ema60, neuron: Neuron::Angle, fund: fti, frame: 1m, value: -9, time: 18:44:30
Datum[null], edge: ema60, neuron: Neuron::Angle, fund: fti, frame: 1m, value: 9, time: 18:57:30
Datum[null], edge: ema60, neuron: Neuron::Angle, fund: fti, frame: 1m, value: 9, time: 18:58:30
Datum[null], edge: ema60, neuron: Neuron::Angle, fund: fti, frame: 1m, value: 9, time: 18:59:30
Datum[null], edge: ema60, neuron: Neuron::Sign, fund: fti, frame: 1m, value: -1, time: 18:44:30
Datum[null], edge: ema60, neuron: Neuron::Sign, fund: fti, frame: 1m, value: 1, time: 18:57:30
Datum[null], edge: ema60, neuron: Neuron::Sign, fund: fti, frame: 1m, value: 1, time: 18:58:30
Datum[null], edge: ema60, neuron: Neuron::Sign, fund: fti, frame: 1m, value: 1, time: 18:59:30
Datum[null], edge: ema60, neuron: Neuron::Trend, fund: fti, frame: 1m, value: -1, time: 18:44:30
Datum[null], edge: ema60, neuron: Neuron::Trend, fund: fti, frame: 1m, value: 6, time: 18:57:30
Datum[null], edge: ema60, neuron: Neuron::Trend, fund: fti, frame: 1m, value: 7, time: 18:58:30
Datum[null], edge: ema60, neuron: Neuron::Trend, fund: fti, frame: 1m, value: 8, time: 18:59:30
Datum[null], edge: ema60, neuron: Neuron::Level, fund: fti, frame: 1m, value: -9, time: 18:44:30
Datum[null], edge: ema60, neuron: Neuron::Level, fund: fti, frame: 1m, value: 2, time: 18:57:30
Datum[null], edge: ema60, neuron: Neuron::Level, fund: fti, frame: 1m, value: 6, time: 18:58:30
Datum[null], edge: ema60, neuron: Neuron::Level, fund: fti, frame: 1m, value: 9, time: 18:59:30
18:43:30:000 neuron: Neuron[946610226], edge: ema60, type: Neuron::Out, position: 0, factor: 1.0 datum: null
18:43:30:000 neuron: Neuron[946610226], edge: ema60, type: Neuron::Out, position: 0, factor: 1.0 datum: null
18:43:30:000 neuron: Neuron[946610226], edge: ema60, type: Neuron::Out, position: 0, factor: 1.0 datum: null
18:43:30:000 neuron: Neuron[946610226], edge: ema60, type: Neuron::Out, position: 0, factor: 1.0 datum: null
Datum[null], edge: ema60, neuron: Neuron::Out, fund: fti, frame: 1m, value: 0, time: 18:43:30
Datum[null], edge: ema60, neuron: Neuron::Out, fund: fti, frame: 1m, value: 7, time: 18:57:30
Datum[null], edge: ema60, neuron: Neuron::Out, fund: fti, frame: 1m, value: 8, time: 18:58:30
Datum[null], edge: ema60, neuron: Neuron::Out, fund: fti, frame: 1m, value: 9, time: 18:59:30
19:00:02:773 {ema60} fti 73 ms
19:00:02:901 {line}  [1m] null
19:00:02:901 {line} fti 0 ms
Edge not found for set: macd
19:00:03:123 {macd} fti 23 ms
Database Connecting...
[EL Info]: 2018-07-16 19:02:28.865--ServerSession(403147759)--EclipseLink, version: Eclipse Persistence Services - 2.5.1.v20130918-f2b9fc5
[EL Info]: connection: 2018-07-16 19:02:29.215--ServerSession(403147759)--file:/home/indicate/dist/indicate.jar_TramPU login successful
host_name: teak
Host: Host[763560746]: teak, ip: 1.1.1.11, os: Ubuntu, location: apartment
IB Client ID: 203819921
Service
 ServiceData[307754199] aex.rsi.1m, active, refresh: 60
 Host[763560746]: teak, ip: 1.1.1.11, os: Ubuntu, location: apartment
 Fund[203819921] fti
 Frame[881264810]: 1m
 Set[407410407] rsi
Servive[307754199] timer(start: 19:03:01, refresh: 60s)
Service
 ServiceData[70464271] aex.sar.1m, active, refresh: 60
 Host[763560746]: teak, ip: 1.1.1.11, os: Ubuntu, location: apartment
 Fund[203819921] fti
 Frame[881264810]: 1m
 Set[723207662] sar
Servive[70464271] timer(start: 19:03:01, refresh: 60s)
Service
 ServiceData[18566372] aex.sol5m.1m, active, refresh: 60
 Host[763560746]: teak, ip: 1.1.1.11, os: Ubuntu, location: apartment
 Fund[203819921] fti
 Frame[881264810]: 1m
 Set[199911235] sol5m
Servive[18566372] timer(start: 19:03:01, refresh: 60s)
Service
 ServiceData[403921003] aex.trend.1m, active, refresh: 60
 Host[763560746]: teak, ip: 1.1.1.11, os: Ubuntu, location: apartment
 Fund[203819921] fti
 Frame[881264810]: 1m
 Set[888877993] trend
Servive[403921003] timer(start: 19:03:01, refresh: 60s)
Service
 ServiceData[55540991] aex.bol.1m, active, refresh: 60
 Host[763560746]: teak, ip: 1.1.1.11, os: Ubuntu, location: apartment
 Fund[203819921] fti
 Frame[881264810]: 1m
 Set[309566535] bol
Servive[55540991] timer(start: 19:03:02, refresh: 60s)
Service
 ServiceData[684811292] aex.ema.15.1m, active, refresh: 60
 Host[763560746]: teak, ip: 1.1.1.11, os: Ubuntu, location: apartment
 Fund[203819921] fti
 Frame[881264810]: 1m
 Set[122110586] ema15
Servive[684811292] timer(start: 19:03:02, refresh: 60s)
Service
 ServiceData[634373963] aex.ema.30.1m, active, refresh: 60
 Host[763560746]: teak, ip: 1.1.1.11, os: Ubuntu, location: apartment
 Fund[203819921] fti
 Frame[881264810]: 1m
 Set[85709944] ema30
Servive[634373963] timer(start: 19:03:02, refresh: 60s)
Service
 ServiceData[655480598] aex.ema.360.1m, active, refresh: 60
 Host[763560746]: teak, ip: 1.1.1.11, os: Ubuntu, location: apartment
 Fund[203819921] fti
 Frame[881264810]: 1m
 Set[36431554] ema360
Servive[655480598] timer(start: 19:03:02, refresh: 60s)
Service
 ServiceData[758073400] aex.ema.60.1m, active, refresh: 60
 Host[763560746]: teak, ip: 1.1.1.11, os: Ubuntu, location: apartment
 Fund[203819921] fti
 Frame[881264810]: 1m
 Set[946610226] ema60
Servive[758073400] timer(start: 19:03:02, refresh: 60s)
Service
 ServiceData[604954925] aex.line.1m, active, refresh: 60
 Host[763560746]: teak, ip: 1.1.1.11, os: Ubuntu, location: apartment
 Fund[203819921] fti
 Frame[881264810]: 1m
 Set[286569721] line
19:02:29:374 {line}  [1m] Updatable Services:
Servive[604954925] timer(start: 19:03:03, refresh: 60s)
Service
 ServiceData[772197162] aex.macd.1m, active, refresh: 60
 Host[763560746]: teak, ip: 1.1.1.11, os: Ubuntu, location: apartment
 Fund[203819921] fti
 Frame[881264810]: 1m
 Set[621989106] macd
Servive[772197162] timer(start: 19:03:03, refresh: 60s)
19:03:01:134 {rsi} fti 33 ms
Edge not found for set: sar
19:03:01:331 {sar} fti 30 ms
19:03:01:533 {sol5m} fti 32 ms
Edge not found for set: trend
No vertical range found for derivatives
No vertical range found
19:03:01:719 {trend} fti 19 ms
Edge not found for set: bol
19:03:01:922 {bol} fti 22 ms
Datum[null], edge: ema15, neuron: Neuron::Angle, fund: fti, frame: 1m, value: 9, time: 19:00:05
Datum[null], edge: ema15, neuron: Neuron::Angle, fund: fti, frame: 1m, value: 9, time: 19:01:05
Datum[null], edge: ema15, neuron: Neuron::Angle, fund: fti, frame: 1m, value: 9, time: 19:02:30
Datum[null], edge: ema15, neuron: Neuron::Sign, fund: fti, frame: 1m, value: 1, time: 19:00:05
Datum[null], edge: ema15, neuron: Neuron::Sign, fund: fti, frame: 1m, value: 1, time: 19:01:05
Datum[null], edge: ema15, neuron: Neuron::Sign, fund: fti, frame: 1m, value: 1, time: 19:02:30
Datum[null], edge: ema15, neuron: Neuron::Trend, fund: fti, frame: 1m, value: 9, time: 19:00:05
Datum[null], edge: ema15, neuron: Neuron::Trend, fund: fti, frame: 1m, value: 9, time: 19:01:05
Datum[null], edge: ema15, neuron: Neuron::Trend, fund: fti, frame: 1m, value: 9, time: 19:02:30
Datum[null], edge: ema15, neuron: Neuron::Level, fund: fti, frame: 1m, value: 6, time: 19:00:05
Datum[null], edge: ema15, neuron: Neuron::Level, fund: fti, frame: 1m, value: 8, time: 19:01:05
Datum[null], edge: ema15, neuron: Neuron::Level, fund: fti, frame: 1m, value: 9, time: 19:02:30
Datum[null], edge: ema15, neuron: Neuron::Out, fund: fti, frame: 1m, value: 8, time: 19:00:05
Datum[null], edge: ema15, neuron: Neuron::Out, fund: fti, frame: 1m, value: 9, time: 19:01:05
Datum[null], edge: ema15, neuron: Neuron::Out, fund: fti, frame: 1m, value: 9, time: 19:02:30
19:03:02:189 {ema15} fti 89 ms
Datum[null], edge: ema30, neuron: Neuron::Angle, fund: fti, frame: 1m, value: 9, time: 19:00:05
Datum[null], edge: ema30, neuron: Neuron::Angle, fund: fti, frame: 1m, value: 9, time: 19:01:05
Datum[null], edge: ema30, neuron: Neuron::Angle, fund: fti, frame: 1m, value: 9, time: 19:02:30
Datum[null], edge: ema30, neuron: Neuron::Sign, fund: fti, frame: 1m, value: 1, time: 19:00:05
Datum[null], edge: ema30, neuron: Neuron::Sign, fund: fti, frame: 1m, value: 1, time: 19:01:05
Datum[null], edge: ema30, neuron: Neuron::Sign, fund: fti, frame: 1m, value: 1, time: 19:02:30
Datum[null], edge: ema30, neuron: Neuron::Trend, fund: fti, frame: 1m, value: 9, time: 19:00:05
Datum[null], edge: ema30, neuron: Neuron::Trend, fund: fti, frame: 1m, value: 9, time: 19:01:05
Datum[null], edge: ema30, neuron: Neuron::Trend, fund: fti, frame: 1m, value: 9, time: 19:02:30
Datum[null], edge: ema30, neuron: Neuron::Level, fund: fti, frame: 1m, value: 5, time: 19:00:05
Datum[null], edge: ema30, neuron: Neuron::Level, fund: fti, frame: 1m, value: 7, time: 19:01:05
Datum[null], edge: ema30, neuron: Neuron::Level, fund: fti, frame: 1m, value: 9, time: 19:02:30
Datum[null], edge: ema30, neuron: Neuron::Out, fund: fti, frame: 1m, value: 8, time: 19:00:05
Datum[null], edge: ema30, neuron: Neuron::Out, fund: fti, frame: 1m, value: 9, time: 19:01:05
Datum[null], edge: ema30, neuron: Neuron::Out, fund: fti, frame: 1m, value: 9, time: 19:02:30
19:03:02:382 {ema30} fti 81 ms
Datum[null], edge: ema360, neuron: Neuron::Angle, fund: fti, frame: 1m, value: 9, time: 19:00:05
Datum[null], edge: ema360, neuron: Neuron::Angle, fund: fti, frame: 1m, value: 9, time: 19:01:05
Datum[null], edge: ema360, neuron: Neuron::Angle, fund: fti, frame: 1m, value: 9, time: 19:02:30
Datum[null], edge: ema360, neuron: Neuron::Sign, fund: fti, frame: 1m, value: 1, time: 19:00:05
Datum[null], edge: ema360, neuron: Neuron::Sign, fund: fti, frame: 1m, value: 1, time: 19:01:05
Datum[null], edge: ema360, neuron: Neuron::Sign, fund: fti, frame: 1m, value: 1, time: 19:02:30
Datum[null], edge: ema360, neuron: Neuron::Trend, fund: fti, frame: 1m, value: 9, time: 19:00:05
Datum[null], edge: ema360, neuron: Neuron::Trend, fund: fti, frame: 1m, value: 9, time: 19:01:05
Datum[null], edge: ema360, neuron: Neuron::Trend, fund: fti, frame: 1m, value: 9, time: 19:02:30
Datum[null], edge: ema360, neuron: Neuron::Level, fund: fti, frame: 1m, value: 5, time: 19:00:05
Datum[null], edge: ema360, neuron: Neuron::Level, fund: fti, frame: 1m, value: 7, time: 19:01:05
Datum[null], edge: ema360, neuron: Neuron::Level, fund: fti, frame: 1m, value: 9, time: 19:02:30
Datum[null], edge: ema360, neuron: Neuron::Out, fund: fti, frame: 1m, value: 8, time: 19:00:05
Datum[null], edge: ema360, neuron: Neuron::Out, fund: fti, frame: 1m, value: 9, time: 19:01:05
Datum[null], edge: ema360, neuron: Neuron::Out, fund: fti, frame: 1m, value: 9, time: 19:02:30
19:03:02:600 {ema360} fti 100 ms
Datum[null], edge: ema60, neuron: Neuron::Angle, fund: fti, frame: 1m, value: 9, time: 19:00:05
Datum[null], edge: ema60, neuron: Neuron::Angle, fund: fti, frame: 1m, value: 9, time: 19:01:05
Datum[null], edge: ema60, neuron: Neuron::Angle, fund: fti, frame: 1m, value: 9, time: 19:02:30
Datum[null], edge: ema60, neuron: Neuron::Sign, fund: fti, frame: 1m, value: 1, time: 19:00:05
Datum[null], edge: ema60, neuron: Neuron::Sign, fund: fti, frame: 1m, value: 1, time: 19:01:05
Datum[null], edge: ema60, neuron: Neuron::Sign, fund: fti, frame: 1m, value: 1, time: 19:02:30
Datum[null], edge: ema60, neuron: Neuron::Trend, fund: fti, frame: 1m, value: 9, time: 19:00:05
Datum[null], edge: ema60, neuron: Neuron::Trend, fund: fti, frame: 1m, value: 9, time: 19:01:05
Datum[null], edge: ema60, neuron: Neuron::Trend, fund: fti, frame: 1m, value: 9, time: 19:02:30
Datum[null], edge: ema60, neuron: Neuron::Level, fund: fti, frame: 1m, value: 5, time: 19:00:05
Datum[null], edge: ema60, neuron: Neuron::Level, fund: fti, frame: 1m, value: 7, time: 19:01:05
Datum[null], edge: ema60, neuron: Neuron::Level, fund: fti, frame: 1m, value: 9, time: 19:02:30
Datum[null], edge: ema60, neuron: Neuron::Out, fund: fti, frame: 1m, value: 8, time: 19:00:05
Datum[null], edge: ema60, neuron: Neuron::Out, fund: fti, frame: 1m, value: 9, time: 19:01:05
Datum[null], edge: ema60, neuron: Neuron::Out, fund: fti, frame: 1m, value: 9, time: 19:02:30
19:03:02:767 {ema60} fti 67 ms
19:03:02:900 {line}  [1m] null
19:03:02:900 {line} fti 0 ms
Edge not found for set: macd
Edge not found for set: macd
Edge not found for set: macd
19:03:03:140 {macd} fti 40 ms
19:04:01:111 {rsi} fti 10 ms
Edge not found for set: sar
19:04:01:313 {sar} fti 13 ms
19:04:01:514 {sol5m} fti 14 ms
Edge not found for set: trend
No vertical range found for derivatives
No vertical range found
19:04:01:710 {trend} fti 10 ms
Edge not found for set: bol
19:04:01:914 {bol} fti 14 ms
Datum[null], edge: ema15, neuron: Neuron::Angle, fund: fti, frame: 1m, value: 9, time: 19:03:30
Datum[null], edge: ema15, neuron: Neuron::Sign, fund: fti, frame: 1m, value: 1, time: 19:03:30
Datum[null], edge: ema15, neuron: Neuron::Trend, fund: fti, frame: 1m, value: 9, time: 19:03:30
Datum[null], edge: ema15, neuron: Neuron::Level, fund: fti, frame: 1m, value: 9, time: 19:03:30
Datum[null], edge: ema15, neuron: Neuron::Out, fund: fti, frame: 1m, value: 9, time: 19:03:30
19:04:02:147 {ema15} fti 47 ms
Datum[null], edge: ema30, neuron: Neuron::Angle, fund: fti, frame: 1m, value: 9, time: 19:03:30
Datum[null], edge: ema30, neuron: Neuron::Sign, fund: fti, frame: 1m, value: 1, time: 19:03:30
Datum[null], edge: ema30, neuron: Neuron::Trend, fund: fti, frame: 1m, value: 9, time: 19:03:30
Datum[null], edge: ema30, neuron: Neuron::Level, fund: fti, frame: 1m, value: 9, time: 19:03:30
Datum[null], edge: ema30, neuron: Neuron::Out, fund: fti, frame: 1m, value: 9, time: 19:03:30
19:04:02:342 {ema30} fti 42 ms
Datum[null], edge: ema360, neuron: Neuron::Angle, fund: fti, frame: 1m, value: 9, time: 19:03:30
Datum[null], edge: ema360, neuron: Neuron::Sign, fund: fti, frame: 1m, value: 1, time: 19:03:30
Datum[null], edge: ema360, neuron: Neuron::Trend, fund: fti, frame: 1m, value: 9, time: 19:03:30
Datum[null], edge: ema360, neuron: Neuron::Level, fund: fti, frame: 1m, value: 9, time: 19:03:30
Datum[null], edge: ema360, neuron: Neuron::Out, fund: fti, frame: 1m, value: 9, time: 19:03:30
19:04:02:542 {ema360} fti 42 ms
Datum[null], edge: ema60, neuron: Neuron::Angle, fund: fti, frame: 1m, value: 9, time: 19:03:30
Datum[null], edge: ema60, neuron: Neuron::Sign, fund: fti, frame: 1m, value: 1, time: 19:03:30
Datum[null], edge: ema60, neuron: Neuron::Trend, fund: fti, frame: 1m, value: 9, time: 19:03:30
Datum[null], edge: ema60, neuron: Neuron::Level, fund: fti, frame: 1m, value: 9, time: 19:03:30
Datum[null], edge: ema60, neuron: Neuron::Out, fund: fti, frame: 1m, value: 9, time: 19:03:30
19:04:02:739 {ema60} fti 39 ms
19:04:02:901 {line}  [1m] null
19:04:02:901 {line} fti 0 ms
Edge not found for set: macd
Edge not found for set: macd
Edge not found for set: macd
19:04:03:124 {macd} fti 24 ms
19:05:01:108 {rsi} fti 8 ms
Edge not found for set: sar
19:05:01:310 {sar} fti 10 ms
19:05:01:511 {sol5m} fti 10 ms
Edge not found for set: trend
No vertical range found for derivatives
No vertical range found
19:05:01:710 {trend} fti 10 ms
Edge not found for set: bol
19:05:01:910 {bol} fti 10 ms
Datum[null], edge: ema15, neuron: Neuron::Angle, fund: fti, frame: 1m, value: 7, time: 19:04:30
Datum[null], edge: ema15, neuron: Neuron::Sign, fund: fti, frame: 1m, value: 1, time: 19:04:30
Datum[null], edge: ema15, neuron: Neuron::Trend, fund: fti, frame: 1m, value: 9, time: 19:04:30
Datum[null], edge: ema15, neuron: Neuron::Level, fund: fti, frame: 1m, value: 9, time: 19:04:30
Datum[null], edge: ema15, neuron: Neuron::Out, fund: fti, frame: 1m, value: 9, time: 19:04:30
19:05:02:142 {ema15} fti 41 ms
Datum[null], edge: ema30, neuron: Neuron::Angle, fund: fti, frame: 1m, value: 9, time: 19:04:30
Datum[null], edge: ema30, neuron: Neuron::Sign, fund: fti, frame: 1m, value: 1, time: 19:04:30
Datum[null], edge: ema30, neuron: Neuron::Trend, fund: fti, frame: 1m, value: 9, time: 19:04:30
Datum[null], edge: ema30, neuron: Neuron::Level, fund: fti, frame: 1m, value: 9, time: 19:04:30
Datum[null], edge: ema30, neuron: Neuron::Out, fund: fti, frame: 1m, value: 9, time: 19:04:30
19:05:02:339 {ema30} fti 38 ms
Datum[null], edge: ema360, neuron: Neuron::Angle, fund: fti, frame: 1m, value: 9, time: 19:04:30
Datum[null], edge: ema360, neuron: Neuron::Sign, fund: fti, frame: 1m, value: 1, time: 19:04:30
Datum[null], edge: ema360, neuron: Neuron::Trend, fund: fti, frame: 1m, value: 9, time: 19:04:30
Datum[null], edge: ema360, neuron: Neuron::Level, fund: fti, frame: 1m, value: 9, time: 19:04:30
Datum[null], edge: ema360, neuron: Neuron::Out, fund: fti, frame: 1m, value: 9, time: 19:04:30
19:05:02:537 {ema360} fti 36 ms
Datum[null], edge: ema60, neuron: Neuron::Angle, fund: fti, frame: 1m, value: 9, time: 19:04:30
Datum[null], edge: ema60, neuron: Neuron::Sign, fund: fti, frame: 1m, value: 1, time: 19:04:30
Datum[null], edge: ema60, neuron: Neuron::Trend, fund: fti, frame: 1m, value: 9, time: 19:04:30
Datum[null], edge: ema60, neuron: Neuron::Level, fund: fti, frame: 1m, value: 9, time: 19:04:30
Datum[null], edge: ema60, neuron: Neuron::Out, fund: fti, frame: 1m, value: 9, time: 19:04:30
19:05:02:737 {ema60} fti 37 ms
19:05:02:901 {line}  [1m] null
19:05:02:901 {line} fti 0 ms
Edge not found for set: macd
Edge not found for set: macd
Edge not found for set: macd
19:05:03:124 {macd} fti 24 ms
19:06:01:108 {rsi} fti 8 ms
Edge not found for set: sar
19:06:01:308 {sar} fti 8 ms
19:06:01:512 {sol5m} fti 11 ms
Edge not found for set: trend
No vertical range found for derivatives
No vertical range found
19:06:01:709 {trend} fti 9 ms
Edge not found for set: bol
19:06:01:911 {bol} fti 10 ms
Datum[null], edge: ema15, neuron: Neuron::Angle, fund: fti, frame: 1m, value: 6, time: 19:05:30
Datum[null], edge: ema15, neuron: Neuron::Sign, fund: fti, frame: 1m, value: 1, time: 19:05:30
Datum[null], edge: ema15, neuron: Neuron::Trend, fund: fti, frame: 1m, value: 9, time: 19:05:30
Datum[null], edge: ema15, neuron: Neuron::Level, fund: fti, frame: 1m, value: 9, time: 19:05:30
Datum[null], edge: ema15, neuron: Neuron::Out, fund: fti, frame: 1m, value: 8, time: 19:05:30
19:06:02:141 {ema15} fti 41 ms
Datum[null], edge: ema30, neuron: Neuron::Angle, fund: fti, frame: 1m, value: 9, time: 19:05:30
Datum[null], edge: ema30, neuron: Neuron::Sign, fund: fti, frame: 1m, value: 1, time: 19:05:30
Datum[null], edge: ema30, neuron: Neuron::Trend, fund: fti, frame: 1m, value: 9, time: 19:05:30
Datum[null], edge: ema30, neuron: Neuron::Level, fund: fti, frame: 1m, value: 9, time: 19:05:30
Datum[null], edge: ema30, neuron: Neuron::Out, fund: fti, frame: 1m, value: 9, time: 19:05:30
19:06:02:337 {ema30} fti 37 ms
Datum[null], edge: ema360, neuron: Neuron::Angle, fund: fti, frame: 1m, value: 9, time: 19:05:30
Datum[null], edge: ema360, neuron: Neuron::Sign, fund: fti, frame: 1m, value: 1, time: 19:05:30
Datum[null], edge: ema360, neuron: Neuron::Trend, fund: fti, frame: 1m, value: 9, time: 19:05:30
Datum[null], edge: ema360, neuron: Neuron::Level, fund: fti, frame: 1m, value: 9, time: 19:05:30
Datum[null], edge: ema360, neuron: Neuron::Out, fund: fti, frame: 1m, value: 9, time: 19:05:30
19:06:02:537 {ema360} fti 37 ms
Datum[null], edge: ema60, neuron: Neuron::Angle, fund: fti, frame: 1m, value: 9, time: 19:05:30
Datum[null], edge: ema60, neuron: Neuron::Sign, fund: fti, frame: 1m, value: 1, time: 19:05:30
Datum[null], edge: ema60, neuron: Neuron::Trend, fund: fti, frame: 1m, value: 9, time: 19:05:30
Datum[null], edge: ema60, neuron: Neuron::Level, fund: fti, frame: 1m, value: 9, time: 19:05:30
Datum[null], edge: ema60, neuron: Neuron::Out, fund: fti, frame: 1m, value: 9, time: 19:05:30
19:06:02:736 {ema60} fti 35 ms
19:06:02:901 {line}  [1m] null
19:06:02:901 {line} fti 0 ms
Edge not found for set: macd
Edge not found for set: macd
Edge not found for set: macd
19:06:03:122 {macd} fti 22 ms
19:07:01:104 {rsi} fti 4 ms
Edge not found for set: sar
19:07:01:312 {sar} fti 12 ms
19:07:01:507 {sol5m} fti 7 ms
Edge not found for set: trend
No vertical range found for derivatives
No vertical range found
19:07:01:709 {trend} fti 9 ms
Edge not found for set: bol
19:07:01:909 {bol} fti 9 ms
19:07:02:114 {ema15} fti 14 ms
19:07:02:313 {ema30} fti 13 ms
19:07:02:513 {ema360} fti 12 ms
19:07:02:714 {ema60} fti 13 ms
19:07:02:900 {line}  [1m] null
19:07:02:900 {line} fti 0 ms
Edge not found for set: macd
Edge not found for set: macd
Edge not found for set: macd
19:07:03:116 {macd} fti 16 ms
19:08:01:105 {rsi} fti 5 ms
Edge not found for set: sar
19:08:01:305 {sar} fti 5 ms
19:08:01:507 {sol5m} fti 6 ms
Edge not found for set: trend
No vertical range found for derivatives
No vertical range found
19:08:01:709 {trend} fti 9 ms
Edge not found for set: bol
19:08:01:908 {bol} fti 8 ms
19:08:02:113 {ema15} fti 13 ms
19:08:02:314 {ema30} fti 13 ms
19:08:02:517 {ema360} fti 16 ms
19:08:02:713 {ema60} fti 13 ms
19:08:02:901 {line}  [1m] null
19:08:02:901 {line} fti 0 ms
Edge not found for set: macd
Edge not found for set: macd
Edge not found for set: macd
19:08:03:117 {macd} fti 17 ms
19:09:01:104 {rsi} fti 4 ms
Edge not found for set: sar
19:09:01:306 {sar} fti 6 ms
19:09:01:511 {sol5m} fti 11 ms
Edge not found for set: trend
No vertical range found for derivatives
No vertical range found
19:09:01:708 {trend} fti 8 ms
Edge not found for set: bol
19:09:01:909 {bol} fti 9 ms
19:09:02:114 {ema15} fti 14 ms
19:09:02:313 {ema30} fti 13 ms
19:09:02:516 {ema360} fti 16 ms
19:09:02:713 {ema60} fti 12 ms
19:09:02:900 {line}  [1m] null
19:09:02:901 {line} fti 0 ms
Edge not found for set: macd
Edge not found for set: macd
Edge not found for set: macd
19:09:03:114 {macd} fti 14 ms
19:10:01:105 {rsi} fti 4 ms
Edge not found for set: sar
19:10:01:305 {sar} fti 5 ms
19:10:01:507 {sol5m} fti 7 ms
Edge not found for set: trend
No vertical range found for derivatives
No vertical range found
19:10:01:709 {trend} fti 9 ms
Edge not found for set: bol
19:10:01:912 {bol} fti 12 ms
19:10:02:113 {ema15} fti 12 ms
19:10:02:317 {ema30} fti 16 ms
19:10:02:513 {ema360} fti 13 ms
19:10:02:713 {ema60} fti 13 ms
19:10:02:900 {line}  [1m] null
19:10:02:900 {line} fti 0 ms
Edge not found for set: macd
Edge not found for set: macd
Edge not found for set: macd
19:10:03:117 {macd} fti 16 ms
19:11:01:104 {rsi} fti 4 ms
Edge not found for set: sar
19:11:01:310 {sar} fti 10 ms
19:11:01:506 {sol5m} fti 6 ms
Edge not found for set: trend
No vertical range found for derivatives
No vertical range found
19:11:01:709 {trend} fti 9 ms
Edge not found for set: bol
19:11:01:908 {bol} fti 8 ms
19:11:02:113 {ema15} fti 13 ms
19:11:02:313 {ema30} fti 13 ms
19:11:02:513 {ema360} fti 12 ms
19:11:02:718 {ema60} fti 18 ms
19:11:02:900 {line}  [1m] null
19:11:02:900 {line} fti 0 ms
Edge not found for set: macd
Edge not found for set: macd
Edge not found for set: macd
19:11:03:117 {macd} fti 16 ms
19:12:01:104 {rsi} fti 4 ms
Edge not found for set: sar
19:12:01:306 {sar} fti 6 ms
19:12:01:507 {sol5m} fti 6 ms
Edge not found for set: trend
No vertical range found for derivatives
No vertical range found
19:12:01:707 {trend} fti 6 ms
Edge not found for set: bol
19:12:01:908 {bol} fti 7 ms
19:12:02:114 {ema15} fti 13 ms
19:12:02:313 {ema30} fti 13 ms
19:12:02:513 {ema360} fti 12 ms
19:12:02:712 {ema60} fti 12 ms
19:12:02:900 {line}  [1m] null
19:12:02:901 {line} fti 0 ms
Edge not found for set: macd
Edge not found for set: macd
Edge not found for set: macd
19:12:03:114 {macd} fti 14 ms
19:13:01:105 {rsi} fti 5 ms
Edge not found for set: sar
19:13:01:305 {sar} fti 5 ms
19:13:01:507 {sol5m} fti 6 ms
Edge not found for set: trend
No vertical range found for derivatives
No vertical range found
19:13:01:708 {trend} fti 8 ms
Edge not found for set: bol
19:13:01:908 {bol} fti 8 ms
19:13:02:113 {ema15} fti 12 ms
19:13:02:313 {ema30} fti 13 ms
19:13:02:513 {ema360} fti 12 ms
19:13:02:717 {ema60} fti 17 ms
19:13:02:900 {line}  [1m] null
19:13:02:900 {line} fti 0 ms
Edge not found for set: macd
Edge not found for set: macd
Edge not found for set: macd
19:13:03:114 {macd} fti 14 ms
19:14:01:104 {rsi} fti 4 ms
Edge not found for set: sar
19:14:01:311 {sar} fti 10 ms
19:14:01:507 {sol5m} fti 6 ms
Edge not found for set: trend
No vertical range found for derivatives
No vertical range found
19:14:01:709 {trend} fti 8 ms
Edge not found for set: bol
19:14:01:908 {bol} fti 8 ms
19:14:02:112 {ema15} fti 12 ms
19:14:02:312 {ema30} fti 12 ms
19:14:02:513 {ema360} fti 12 ms
19:14:02:712 {ema60} fti 12 ms
19:14:02:900 {line}  [1m] null
19:14:02:900 {line} fti 0 ms
Edge not found for set: macd
Edge not found for set: macd
Edge not found for set: macd
19:14:03:116 {macd} fti 16 ms
19:15:01:105 {rsi} fti 5 ms
Edge not found for set: sar
19:15:01:305 {sar} fti 5 ms
19:15:01:506 {sol5m} fti 6 ms
Edge not found for set: trend
No vertical range found for derivatives
No vertical range found
19:15:01:708 {trend} fti 7 ms
Edge not found for set: bol
19:15:01:908 {bol} fti 8 ms
19:15:02:112 {ema15} fti 12 ms
19:15:02:313 {ema30} fti 12 ms
19:15:02:514 {ema360} fti 14 ms
19:15:02:713 {ema60} fti 13 ms
19:15:02:900 {line}  [1m] null
19:15:02:900 {line} fti 0 ms
Edge not found for set: macd
Edge not found for set: macd
Edge not found for set: macd
19:15:03:115 {macd} fti 15 ms
19:16:01:116 {rsi} fti 15 ms
Edge not found for set: sar
19:16:01:317 {sar} fti 16 ms
19:16:01:531 {sol5m} fti 30 ms
Edge not found for set: trend
No vertical range found for derivatives
No vertical range found
19:16:01:733 {trend} fti 33 ms
Edge not found for set: bol
19:16:01:931 {bol} fti 31 ms
19:16:02:125 {ema15} fti 25 ms
19:16:02:313 {ema30} fti 13 ms
19:16:02:512 {ema360} fti 11 ms
19:16:02:724 {ema60} fti 24 ms
19:16:02:900 {line}  [1m] null
19:16:02:900 {line} fti 0 ms
Edge not found for set: macd
Edge not found for set: macd
Edge not found for set: macd
19:16:03:137 {macd} fti 37 ms
19:17:01:118 {rsi} fti 17 ms
Edge not found for set: sar
19:17:01:321 {sar} fti 21 ms
19:17:01:523 {sol5m} fti 23 ms
Edge not found for set: trend
No vertical range found for derivatives
No vertical range found
19:17:01:732 {trend} fti 31 ms
Edge not found for set: bol
19:17:01:937 {bol} fti 36 ms
19:17:02:126 {ema15} fti 26 ms
19:17:02:325 {ema30} fti 25 ms
19:17:02:525 {ema360} fti 25 ms
19:17:02:725 {ema60} fti 25 ms
19:17:02:900 {line}  [1m] null
19:17:02:900 {line} fti 0 ms
Edge not found for set: macd
Edge not found for set: macd
Edge not found for set: macd
19:17:03:136 {macd} fti 35 ms
19:18:01:130 {rsi} fti 29 ms
Edge not found for set: sar
19:18:01:317 {sar} fti 17 ms
19:18:01:531 {sol5m} fti 31 ms
Edge not found for set: trend
No vertical range found for derivatives
No vertical range found
19:18:01:732 {trend} fti 32 ms
Edge not found for set: bol
19:18:01:933 {bol} fti 33 ms
19:18:02:132 {ema15} fti 32 ms
19:18:02:326 {ema30} fti 25 ms
19:18:02:527 {ema360} fti 27 ms
19:18:02:725 {ema60} fti 25 ms
19:18:02:900 {line}  [1m] null
19:18:02:900 {line} fti 0 ms
Edge not found for set: macd
Edge not found for set: macd
Edge not found for set: macd
19:18:03:137 {macd} fti 36 ms
19:19:01:117 {rsi} fti 17 ms
Edge not found for set: sar
19:19:01:318 {sar} fti 18 ms
19:19:01:532 {sol5m} fti 32 ms
Edge not found for set: trend
No vertical range found for derivatives
No vertical range found
19:19:01:720 {trend} fti 20 ms
Edge not found for set: bol
19:19:01:933 {bol} fti 33 ms
19:19:02:126 {ema15} fti 26 ms
19:19:02:325 {ema30} fti 25 ms
19:19:02:525 {ema360} fti 25 ms
19:19:02:738 {ema60} fti 37 ms
19:19:02:900 {line}  [1m] null
19:19:02:901 {line} fti 0 ms
Edge not found for set: macd
Edge not found for set: macd
Edge not found for set: macd
19:19:03:138 {macd} fti 38 ms
19:20:01:117 {rsi} fti 16 ms
Edge not found for set: sar
19:20:01:319 {sar} fti 19 ms
19:20:01:531 {sol5m} fti 31 ms
Edge not found for set: trend
No vertical range found for derivatives
No vertical range found
19:20:01:732 {trend} fti 31 ms
Edge not found for set: bol
19:20:01:932 {bol} fti 32 ms
19:20:02:125 {ema15} fti 25 ms
19:20:02:325 {ema30} fti 25 ms
19:20:02:526 {ema360} fti 26 ms
19:20:02:740 {ema60} fti 40 ms
19:20:02:900 {line}  [1m] null
19:20:02:900 {line} fti 0 ms
Edge not found for set: macd
Edge not found for set: macd
Edge not found for set: macd
19:20:03:137 {macd} fti 37 ms
19:21:01:117 {rsi} fti 16 ms
Edge not found for set: sar
19:21:01:318 {sar} fti 18 ms
19:21:01:531 {sol5m} fti 31 ms
Edge not found for set: trend
No vertical range found for derivatives
No vertical range found
19:21:01:733 {trend} fti 33 ms
Edge not found for set: bol
19:21:01:932 {bol} fti 31 ms
19:21:02:134 {ema15} fti 34 ms
19:21:02:325 {ema30} fti 25 ms
19:21:02:525 {ema360} fti 24 ms
19:21:02:740 {ema60} fti 40 ms
19:21:02:900 {line}  [1m] null
19:21:02:900 {line} fti 0 ms
Edge not found for set: macd
Edge not found for set: macd
Edge not found for set: macd
19:21:03:137 {macd} fti 37 ms
19:22:01:116 {rsi} fti 16 ms
Edge not found for set: sar
19:22:01:318 {sar} fti 18 ms
19:22:01:531 {sol5m} fti 31 ms
Edge not found for set: trend
No vertical range found for derivatives
No vertical range found
19:22:01:733 {trend} fti 33 ms
Edge not found for set: bol
19:22:01:941 {bol} fti 41 ms
19:22:02:128 {ema15} fti 27 ms
19:22:02:326 {ema30} fti 26 ms
19:22:02:525 {ema360} fti 25 ms
19:22:02:725 {ema60} fti 25 ms
19:22:02:900 {line}  [1m] null
19:22:02:900 {line} fti 0 ms
Edge not found for set: macd
Edge not found for set: macd
Edge not found for set: macd
19:22:03:135 {macd} fti 34 ms
19:23:01:116 {rsi} fti 16 ms
Edge not found for set: sar
19:23:01:318 {sar} fti 18 ms
19:23:01:532 {sol5m} fti 31 ms
Edge not found for set: trend
No vertical range found for derivatives
No vertical range found
19:23:01:719 {trend} fti 19 ms
Edge not found for set: bol
19:23:01:932 {bol} fti 32 ms
19:23:02:125 {ema15} fti 25 ms
19:23:02:320 {ema30} fti 18 ms
19:23:02:525 {ema360} fti 25 ms
19:23:02:724 {ema60} fti 24 ms
19:23:02:900 {line}  [1m] null
19:23:02:900 {line} fti 0 ms
Edge not found for set: macd
Edge not found for set: macd
Edge not found for set: macd
19:23:03:137 {macd} fti 37 ms
19:24:01:117 {rsi} fti 17 ms
Edge not found for set: sar
19:24:01:329 {sar} fti 28 ms
19:24:01:532 {sol5m} fti 31 ms
Edge not found for set: trend
No vertical range found for derivatives
No vertical range found
19:24:01:730 {trend} fti 30 ms
Edge not found for set: bol
19:24:01:921 {bol} fti 21 ms
19:24:02:126 {ema15} fti 25 ms
19:24:02:326 {ema30} fti 25 ms
19:24:02:540 {ema360} fti 39 ms
19:24:02:724 {ema60} fti 24 ms
19:24:02:900 {line}  [1m] null
19:24:02:900 {line} fti 0 ms
Edge not found for set: macd
Edge not found for set: macd
Edge not found for set: macd
19:24:03:137 {macd} fti 36 ms
19:25:01:116 {rsi} fti 16 ms
Edge not found for set: sar
19:25:01:319 {sar} fti 18 ms
19:25:01:518 {sol5m} fti 18 ms
Edge not found for set: trend
No vertical range found for derivatives
No vertical range found
19:25:01:719 {trend} fti 19 ms
Edge not found for set: bol
19:25:01:933 {bol} fti 33 ms
19:25:02:130 {ema15} fti 30 ms
19:25:02:326 {ema30} fti 26 ms
19:25:02:526 {ema360} fti 26 ms
19:25:02:725 {ema60} fti 25 ms
19:25:02:901 {line}  [1m] null
19:25:02:901 {line} fti 0 ms
Edge not found for set: macd
Edge not found for set: macd
Edge not found for set: macd
19:25:03:138 {macd} fti 38 ms
19:26:01:117 {rsi} fti 17 ms
Edge not found for set: sar
19:26:01:318 {sar} fti 18 ms
19:26:01:519 {sol5m} fti 19 ms
Edge not found for set: trend
No vertical range found for derivatives
No vertical range found
19:26:01:720 {trend} fti 20 ms
Edge not found for set: bol
19:26:01:931 {bol} fti 31 ms
19:26:02:133 {ema15} fti 33 ms
19:26:02:325 {ema30} fti 24 ms
19:26:02:525 {ema360} fti 25 ms
19:26:02:725 {ema60} fti 24 ms
19:26:02:901 {line}  [1m] null
19:26:02:901 {line} fti 0 ms
Edge not found for set: macd
Edge not found for set: macd
Edge not found for set: macd
19:26:03:137 {macd} fti 37 ms
19:27:01:129 {rsi} fti 29 ms
Edge not found for set: sar
19:27:01:318 {sar} fti 18 ms
19:27:01:531 {sol5m} fti 31 ms
Edge not found for set: trend
No vertical range found for derivatives
No vertical range found
19:27:01:738 {trend} fti 38 ms
Edge not found for set: bol
19:27:01:932 {bol} fti 32 ms
19:27:02:125 {ema15} fti 25 ms
19:27:02:326 {ema30} fti 26 ms
19:27:02:525 {ema360} fti 25 ms
19:27:02:725 {ema60} fti 25 ms
19:27:02:900 {line}  [1m] null
19:27:02:900 {line} fti 0 ms
Edge not found for set: macd
Edge not found for set: macd
Edge not found for set: macd
19:27:03:139 {macd} fti 38 ms
19:28:01:117 {rsi} fti 17 ms
Edge not found for set: sar
19:28:01:329 {sar} fti 28 ms
19:28:01:532 {sol5m} fti 31 ms
Edge not found for set: trend
No vertical range found for derivatives
No vertical range found
19:28:01:720 {trend} fti 20 ms
Edge not found for set: bol
19:28:01:931 {bol} fti 31 ms
19:28:02:124 {ema15} fti 23 ms
19:28:02:322 {ema30} fti 22 ms
19:28:02:524 {ema360} fti 24 ms
19:28:02:713 {ema60} fti 12 ms
19:28:02:900 {line}  [1m] null
19:28:02:900 {line} fti 0 ms
Edge not found for set: macd
Edge not found for set: macd
Edge not found for set: macd
19:28:03:138 {macd} fti 38 ms
19:29:01:117 {rsi} fti 17 ms
Edge not found for set: sar
19:29:01:327 {sar} fti 27 ms
19:29:01:518 {sol5m} fti 18 ms
Edge not found for set: trend
No vertical range found for derivatives
No vertical range found
19:29:01:720 {trend} fti 20 ms
Edge not found for set: bol
19:29:01:934 {bol} fti 34 ms
19:29:02:125 {ema15} fti 25 ms
19:29:02:325 {ema30} fti 25 ms
19:29:02:524 {ema360} fti 24 ms
19:29:02:722 {ema60} fti 22 ms
19:29:02:900 {line}  [1m] null
19:29:02:900 {line} fti 0 ms
Edge not found for set: macd
Edge not found for set: macd
Edge not found for set: macd
19:29:03:138 {macd} fti 38 ms
19:30:01:117 {rsi} fti 17 ms
Edge not found for set: sar
19:30:01:318 {sar} fti 18 ms
19:30:01:532 {sol5m} fti 31 ms
Edge not found for set: trend
No vertical range found for derivatives
No vertical range found
19:30:01:719 {trend} fti 19 ms
Edge not found for set: bol
19:30:01:921 {bol} fti 21 ms
19:30:02:127 {ema15} fti 27 ms
19:30:02:324 {ema30} fti 23 ms
19:30:02:525 {ema360} fti 25 ms
19:30:02:725 {ema60} fti 25 ms
19:30:02:900 {line}  [1m] null
19:30:02:900 {line} fti 0 ms
Edge not found for set: macd
Edge not found for set: macd
Edge not found for set: macd
19:30:03:138 {macd} fti 38 ms
19:31:01:120 {rsi} fti 19 ms
Edge not found for set: sar
19:31:01:330 {sar} fti 29 ms
19:31:01:519 {sol5m} fti 19 ms
Edge not found for set: trend
No vertical range found for derivatives
No vertical range found
19:31:01:720 {trend} fti 20 ms
Edge not found for set: bol
19:31:01:933 {bol} fti 33 ms
19:31:02:119 {ema15} fti 19 ms
19:31:02:326 {ema30} fti 25 ms
19:31:02:525 {ema360} fti 25 ms
19:31:02:725 {ema60} fti 24 ms
19:31:02:900 {line}  [1m] null
19:31:02:900 {line} fti 0 ms
Edge not found for set: macd
Edge not found for set: macd
Edge not found for set: macd
19:31:03:138 {macd} fti 37 ms
19:32:01:117 {rsi} fti 17 ms
Edge not found for set: sar
19:32:01:318 {sar} fti 18 ms
19:32:01:532 {sol5m} fti 32 ms
Edge not found for set: trend
No vertical range found for derivatives
No vertical range found
19:32:01:719 {trend} fti 19 ms
Edge not found for set: bol
19:32:01:930 {bol} fti 30 ms
19:32:02:125 {ema15} fti 25 ms
19:32:02:325 {ema30} fti 25 ms
19:32:02:526 {ema360} fti 25 ms
19:32:02:725 {ema60} fti 25 ms
19:32:02:900 {line}  [1m] null
19:32:02:900 {line} fti 0 ms
Edge not found for set: macd
Edge not found for set: macd
Edge not found for set: macd
19:32:03:138 {macd} fti 38 ms
19:33:01:129 {rsi} fti 29 ms
Edge not found for set: sar
19:33:01:318 {sar} fti 18 ms
19:33:01:531 {sol5m} fti 31 ms
Edge not found for set: trend
No vertical range found for derivatives
No vertical range found
19:33:01:719 {trend} fti 19 ms
Edge not found for set: bol
19:33:01:931 {bol} fti 31 ms
19:33:02:136 {ema15} fti 35 ms
19:33:02:325 {ema30} fti 25 ms
19:33:02:525 {ema360} fti 25 ms
19:33:02:723 {ema60} fti 23 ms
19:33:02:901 {line}  [1m] null
19:33:02:901 {line} fti 0 ms
Edge not found for set: macd
Edge not found for set: macd
Edge not found for set: macd
19:33:03:139 {macd} fti 39 ms
19:34:01:117 {rsi} fti 17 ms
Edge not found for set: sar
19:34:01:305 {sar} fti 5 ms
19:34:01:531 {sol5m} fti 30 ms
Edge not found for set: trend
No vertical range found for derivatives
No vertical range found
19:34:01:721 {trend} fti 21 ms
Edge not found for set: bol
19:34:01:933 {bol} fti 33 ms
19:34:02:125 {ema15} fti 25 ms
19:34:02:325 {ema30} fti 25 ms
19:34:02:525 {ema360} fti 25 ms
19:34:02:724 {ema60} fti 24 ms
19:34:02:900 {line}  [1m] null
19:34:02:900 {line} fti 0 ms
Edge not found for set: macd
Edge not found for set: macd
Edge not found for set: macd
19:34:03:137 {macd} fti 37 ms
19:35:01:117 {rsi} fti 17 ms
Edge not found for set: sar
19:35:01:319 {sar} fti 19 ms
19:35:01:518 {sol5m} fti 18 ms
Edge not found for set: trend
No vertical range found for derivatives
No vertical range found
19:35:01:719 {trend} fti 19 ms
Edge not found for set: bol
19:35:01:933 {bol} fti 32 ms
19:35:02:126 {ema15} fti 26 ms
19:35:02:325 {ema30} fti 25 ms
19:35:02:524 {ema360} fti 24 ms
19:35:02:726 {ema60} fti 26 ms
19:35:02:900 {line}  [1m] null
19:35:02:900 {line} fti 0 ms
Edge not found for set: macd
Edge not found for set: macd
Edge not found for set: macd
19:35:03:138 {macd} fti 37 ms
19:36:01:129 {rsi} fti 29 ms
Edge not found for set: sar
19:36:01:329 {sar} fti 29 ms
19:36:01:519 {sol5m} fti 19 ms
Edge not found for set: trend
No vertical range found for derivatives
No vertical range found
19:36:01:719 {trend} fti 19 ms
Edge not found for set: bol
19:36:01:932 {bol} fti 31 ms
19:36:02:125 {ema15} fti 25 ms
19:36:02:325 {ema30} fti 25 ms
19:36:02:524 {ema360} fti 24 ms
19:36:02:724 {ema60} fti 24 ms
19:36:02:901 {line}  [1m] null
19:36:02:902 {line} fti 0 ms
Edge not found for set: macd
Edge not found for set: macd
Edge not found for set: macd
19:36:03:139 {macd} fti 39 ms
19:37:01:116 {rsi} fti 16 ms
Edge not found for set: sar
19:37:01:319 {sar} fti 19 ms
19:37:01:518 {sol5m} fti 18 ms
Edge not found for set: trend
No vertical range found for derivatives
No vertical range found
19:37:01:719 {trend} fti 19 ms
Edge not found for set: bol
19:37:01:932 {bol} fti 32 ms
19:37:02:125 {ema15} fti 25 ms
19:37:02:325 {ema30} fti 25 ms
19:37:02:525 {ema360} fti 25 ms
19:37:02:724 {ema60} fti 23 ms
19:37:02:900 {line}  [1m] null
19:37:02:900 {line} fti 0 ms
Edge not found for set: macd
Edge not found for set: macd
Edge not found for set: macd
19:37:03:148 {macd} fti 48 ms
19:38:01:117 {rsi} fti 17 ms
Edge not found for set: sar
19:38:01:317 {sar} fti 17 ms
19:38:01:525 {sol5m} fti 25 ms
Edge not found for set: trend
No vertical range found for derivatives
No vertical range found
19:38:01:718 {trend} fti 18 ms
Edge not found for set: bol
19:38:01:932 {bol} fti 32 ms
19:38:02:124 {ema15} fti 24 ms
19:38:02:325 {ema30} fti 25 ms
19:38:02:525 {ema360} fti 25 ms
19:38:02:723 {ema60} fti 23 ms
19:38:02:901 {line}  [1m] null
19:38:02:901 {line} fti 0 ms
Edge not found for set: macd
Edge not found for set: macd
Edge not found for set: macd
19:38:03:138 {macd} fti 38 ms
19:39:01:130 {rsi} fti 29 ms
Edge not found for set: sar
19:39:01:326 {sar} fti 26 ms
19:39:01:517 {sol5m} fti 17 ms
Edge not found for set: trend
No vertical range found for derivatives
No vertical range found
19:39:01:733 {trend} fti 32 ms
Edge not found for set: bol
19:39:01:920 {bol} fti 20 ms
19:39:02:124 {ema15} fti 23 ms
19:39:02:323 {ema30} fti 23 ms
19:39:02:524 {ema360} fti 24 ms
19:39:02:725 {ema60} fti 25 ms
19:39:02:900 {line}  [1m] null
19:39:02:900 {line} fti 0 ms
Edge not found for set: macd
Edge not found for set: macd
Edge not found for set: macd
19:39:03:138 {macd} fti 38 ms
19:40:01:116 {rsi} fti 16 ms
Edge not found for set: sar
19:40:01:329 {sar} fti 29 ms
19:40:01:520 {sol5m} fti 19 ms
Edge not found for set: trend
No vertical range found for derivatives
No vertical range found
19:40:01:720 {trend} fti 20 ms
Edge not found for set: bol
19:40:01:930 {bol} fti 30 ms
19:40:02:127 {ema15} fti 27 ms
19:40:02:325 {ema30} fti 25 ms
19:40:02:524 {ema360} fti 24 ms
19:40:02:725 {ema60} fti 24 ms
19:40:02:900 {line}  [1m] null
19:40:02:900 {line} fti 0 ms
Edge not found for set: macd
Edge not found for set: macd
Edge not found for set: macd
19:40:03:139 {macd} fti 39 ms
19:41:01:117 {rsi} fti 17 ms
Edge not found for set: sar
19:41:01:318 {sar} fti 18 ms
19:41:01:518 {sol5m} fti 18 ms
Edge not found for set: trend
No vertical range found for derivatives
No vertical range found
19:41:01:719 {trend} fti 19 ms
Edge not found for set: bol
19:41:01:933 {bol} fti 33 ms
19:41:02:124 {ema15} fti 24 ms
19:41:02:325 {ema30} fti 25 ms
19:41:02:525 {ema360} fti 25 ms
19:41:02:723 {ema60} fti 23 ms
19:41:02:900 {line}  [1m] null
19:41:02:900 {line} fti 0 ms
Edge not found for set: macd
Edge not found for set: macd
Edge not found for set: macd
19:41:03:138 {macd} fti 38 ms
19:42:01:129 {rsi} fti 29 ms
Edge not found for set: sar
19:42:01:329 {sar} fti 29 ms
19:42:01:518 {sol5m} fti 18 ms
Edge not found for set: trend
No vertical range found for derivatives
No vertical range found
19:42:01:719 {trend} fti 19 ms
Edge not found for set: bol
19:42:01:933 {bol} fti 33 ms
19:42:02:127 {ema15} fti 27 ms
19:42:02:324 {ema30} fti 24 ms
19:42:02:525 {ema360} fti 25 ms
19:42:02:724 {ema60} fti 24 ms
19:42:02:900 {line}  [1m] null
19:42:02:900 {line} fti 0 ms
Edge not found for set: macd
Edge not found for set: macd
Edge not found for set: macd
19:42:03:139 {macd} fti 39 ms
19:43:01:116 {rsi} fti 16 ms
Edge not found for set: sar
19:43:01:318 {sar} fti 17 ms
19:43:01:518 {sol5m} fti 18 ms
Edge not found for set: trend
No vertical range found for derivatives
No vertical range found
19:43:01:717 {trend} fti 17 ms
Edge not found for set: bol
19:43:01:933 {bol} fti 33 ms
19:43:02:124 {ema15} fti 24 ms
19:43:02:325 {ema30} fti 25 ms
19:43:02:525 {ema360} fti 25 ms
19:43:02:724 {ema60} fti 24 ms
19:43:02:900 {line}  [1m] null
19:43:02:900 {line} fti 0 ms
Edge not found for set: macd
Edge not found for set: macd
Edge not found for set: macd
19:43:03:138 {macd} fti 37 ms
19:44:01:117 {rsi} fti 17 ms
Edge not found for set: sar
19:44:01:330 {sar} fti 29 ms
19:44:01:528 {sol5m} fti 28 ms
Edge not found for set: trend
No vertical range found for derivatives
No vertical range found
19:44:01:720 {trend} fti 20 ms
Edge not found for set: bol
19:44:01:933 {bol} fti 33 ms
19:44:02:125 {ema15} fti 25 ms
19:44:02:326 {ema30} fti 26 ms
19:44:02:524 {ema360} fti 24 ms
19:44:02:725 {ema60} fti 25 ms
19:44:02:900 {line}  [1m] null
19:44:02:901 {line} fti 0 ms
Edge not found for set: macd
Edge not found for set: macd
Edge not found for set: macd
19:44:03:139 {macd} fti 39 ms
19:45:01:133 {rsi} fti 33 ms
Edge not found for set: sar
19:45:01:323 {sar} fti 23 ms
19:45:01:530 {sol5m} fti 30 ms
Edge not found for set: trend
No vertical range found for derivatives
No vertical range found
19:45:01:721 {trend} fti 21 ms
Edge not found for set: bol
19:45:01:932 {bol} fti 32 ms
19:45:02:125 {ema15} fti 25 ms
19:45:02:325 {ema30} fti 25 ms
19:45:02:525 {ema360} fti 25 ms
19:45:02:723 {ema60} fti 23 ms
19:45:02:900 {line}  [1m] null
19:45:02:900 {line} fti 0 ms
Edge not found for set: macd
Edge not found for set: macd
Edge not found for set: macd
19:45:03:137 {macd} fti 36 ms
Database Connecting...
[EL Info]: 2018-07-16 19:45:27.896--ServerSession(403147759)--EclipseLink, version: Eclipse Persistence Services - 2.5.1.v20130918-f2b9fc5
[EL Info]: connection: 2018-07-16 19:45:28.175--ServerSession(403147759)--file:/home/indicate/dist/indicate.jar_TramPU login successful
host_name: teak
Host: Host[763560746]: teak, ip: 1.1.1.11, os: Ubuntu, location: apartment
IB Client ID: 203819921
Service
 ServiceData[307754199] aex.rsi.1m, active, refresh: 60
 Host[763560746]: teak, ip: 1.1.1.11, os: Ubuntu, location: apartment
 Fund[203819921] fti
 Frame[881264810]: 1m
 Set[407410407] rsi
Servive[307754199] timer(start: 19:46:01, refresh: 60s)
Service
 ServiceData[70464271] aex.sar.1m, active, refresh: 60
 Host[763560746]: teak, ip: 1.1.1.11, os: Ubuntu, location: apartment
 Fund[203819921] fti
 Frame[881264810]: 1m
 Set[723207662] sar
Servive[70464271] timer(start: 19:46:01, refresh: 60s)
Service
 ServiceData[55540991] aex.bol.1m, active, refresh: 60
 Host[763560746]: teak, ip: 1.1.1.11, os: Ubuntu, location: apartment
 Fund[203819921] fti
 Frame[881264810]: 1m
 Set[309566535] bol
Servive[55540991] timer(start: 19:46:01, refresh: 60s)
Service
 ServiceData[18566372] aex.sol5m.1m, active, refresh: 60
 Host[763560746]: teak, ip: 1.1.1.11, os: Ubuntu, location: apartment
 Fund[203819921] fti
 Frame[881264810]: 1m
 Set[199911235] sol5m
Servive[18566372] timer(start: 19:46:01, refresh: 60s)
Service
 ServiceData[403921003] aex.trend.1m, active, refresh: 60
 Host[763560746]: teak, ip: 1.1.1.11, os: Ubuntu, location: apartment
 Fund[203819921] fti
 Frame[881264810]: 1m
 Set[888877993] trend
Servive[403921003] timer(start: 19:46:02, refresh: 60s)
Service
 ServiceData[604954925] aex.line.1m, active, refresh: 60
 Host[763560746]: teak, ip: 1.1.1.11, os: Ubuntu, location: apartment
 Fund[203819921] fti
 Frame[881264810]: 1m
 Set[286569721] line
19:45:28:295 {line}  [1m] Updatable Services:
Servive[604954925] timer(start: 19:46:02, refresh: 60s)
Service
 ServiceData[772197162] aex.macd.1m, active, refresh: 60
 Host[763560746]: teak, ip: 1.1.1.11, os: Ubuntu, location: apartment
 Fund[203819921] fti
 Frame[881264810]: 1m
 Set[621989106] macd
Servive[772197162] timer(start: 19:46:02, refresh: 60s)
Service
 ServiceData[684811292] aex.ema.15.1m, active, refresh: 60
 Host[763560746]: teak, ip: 1.1.1.11, os: Ubuntu, location: apartment
 Fund[203819921] fti
 Frame[881264810]: 1m
 Set[122110586] ema15
Servive[684811292] timer(start: 19:46:02, refresh: 60s)
Service
 ServiceData[634373963] aex.ema.30.1m, active, refresh: 60
 Host[763560746]: teak, ip: 1.1.1.11, os: Ubuntu, location: apartment
 Fund[203819921] fti
 Frame[881264810]: 1m
 Set[85709944] ema30
Servive[634373963] timer(start: 19:46:02, refresh: 60s)
Service
 ServiceData[655480598] aex.ema.360.1m, active, refresh: 60
 Host[763560746]: teak, ip: 1.1.1.11, os: Ubuntu, location: apartment
 Fund[203819921] fti
 Frame[881264810]: 1m
 Set[36431554] ema360
Servive[655480598] timer(start: 19:46:03, refresh: 60s)
Service
 ServiceData[758073400] aex.ema.60.1m, active, refresh: 60
 Host[763560746]: teak, ip: 1.1.1.11, os: Ubuntu, location: apartment
 Fund[203819921] fti
 Frame[881264810]: 1m
 Set[946610226] ema60
Servive[758073400] timer(start: 19:46:03, refresh: 60s)
19:46:01:147 {rsi} fti 45 ms
Edge not found for set: sar
19:46:01:343 {sar} fti 42 ms
Edge not found for set: bol
19:46:01:540 {bol} fti 40 ms
19:46:01:753 {sol5m} fti 52 ms
Edge not found for set: trend
Edge not found for set: trend
19:46:01:959 {trend} fti 59 ms
19:46:02:100 {line}  [1m] null
19:46:02:100 {line} fti 0 ms
Edge not found for set: macd
Edge not found for set: macd
Edge not found for set: macd
19:46:02:396 {macd} fti 95 ms
Datum[null], edge: ema15, neuron: Neuron::Angle, fund: fti, frame: 1m, value: 0, time: 19:00:30
Datum[null], edge: ema15, neuron: Neuron::Angle, fund: fti, frame: 1m, value: -3, time: 19:01:30
Datum[null], edge: ema15, neuron: Neuron::Sign, fund: fti, frame: 1m, value: 0, time: 19:00:30
Datum[null], edge: ema15, neuron: Neuron::Sign, fund: fti, frame: 1m, value: -1, time: 19:01:30
Datum[null], edge: ema15, neuron: Neuron::Trend, fund: fti, frame: 1m, value: 9, time: 19:00:30
Datum[null], edge: ema15, neuron: Neuron::Trend, fund: fti, frame: 1m, value: 8, time: 19:01:30
Datum[null], edge: ema15, neuron: Neuron::Level, fund: fti, frame: 1m, value: 4, time: 19:00:30
Datum[null], edge: ema15, neuron: Neuron::Level, fund: fti, frame: 1m, value: 5, time: 19:01:30
Datum[null], edge: ema15, neuron: Neuron::Out, fund: fti, frame: 1m, value: 3, time: 19:00:30
Datum[null], edge: ema15, neuron: Neuron::Out, fund: fti, frame: 1m, value: 0, time: 19:01:30
19:46:02:747 {ema15} fti 247 ms
Datum[null], edge: ema30, neuron: Neuron::Angle, fund: fti, frame: 1m, value: 0, time: 19:00:30
Datum[null], edge: ema30, neuron: Neuron::Angle, fund: fti, frame: 1m, value: -3, time: 19:01:30
Datum[null], edge: ema30, neuron: Neuron::Sign, fund: fti, frame: 1m, value: 0, time: 19:00:30
Datum[null], edge: ema30, neuron: Neuron::Sign, fund: fti, frame: 1m, value: -1, time: 19:01:30
Datum[null], edge: ema30, neuron: Neuron::Trend, fund: fti, frame: 1m, value: 9, time: 19:00:30
Datum[null], edge: ema30, neuron: Neuron::Trend, fund: fti, frame: 1m, value: 8, time: 19:01:30
Datum[null], edge: ema30, neuron: Neuron::Level, fund: fti, frame: 1m, value: 3, time: 19:00:30
Datum[null], edge: ema30, neuron: Neuron::Level, fund: fti, frame: 1m, value: 4, time: 19:01:30
Datum[null], edge: ema30, neuron: Neuron::Out, fund: fti, frame: 1m, value: 3, time: 19:00:30
Datum[null], edge: ema30, neuron: Neuron::Out, fund: fti, frame: 1m, value: 0, time: 19:01:30
19:46:02:945 {ema30} fti 198 ms
Datum[null], edge: ema360, neuron: Neuron::Angle, fund: fti, frame: 1m, value: 0, time: 19:00:30
Datum[null], edge: ema360, neuron: Neuron::Angle, fund: fti, frame: 1m, value: -9, time: 19:01:30
Datum[null], edge: ema360, neuron: Neuron::Sign, fund: fti, frame: 1m, value: 0, time: 19:00:30
Datum[null], edge: ema360, neuron: Neuron::Sign, fund: fti, frame: 1m, value: -1, time: 19:01:30
Datum[null], edge: ema360, neuron: Neuron::Trend, fund: fti, frame: 1m, value: 9, time: 19:00:30
Datum[null], edge: ema360, neuron: Neuron::Trend, fund: fti, frame: 1m, value: 8, time: 19:01:30
Datum[null], edge: ema360, neuron: Neuron::Level, fund: fti, frame: 1m, value: 1, time: 19:00:30
Datum[null], edge: ema360, neuron: Neuron::Level, fund: fti, frame: 1m, value: 3, time: 19:01:30
Datum[null], edge: ema360, neuron: Neuron::Out, fund: fti, frame: 1m, value: 3, time: 19:00:30
Datum[null], edge: ema360, neuron: Neuron::Out, fund: fti, frame: 1m, value: -2, time: 19:01:30
19:46:03:147 {ema360} fti 201 ms
Datum[null], edge: ema60, neuron: Neuron::Angle, fund: fti, frame: 1m, value: 0, time: 19:00:30
Datum[null], edge: ema60, neuron: Neuron::Angle, fund: fti, frame: 1m, value: -3, time: 19:01:30
Datum[null], edge: ema60, neuron: Neuron::Sign, fund: fti, frame: 1m, value: 0, time: 19:00:30
Datum[null], edge: ema60, neuron: Neuron::Sign, fund: fti, frame: 1m, value: -1, time: 19:01:30
Datum[null], edge: ema60, neuron: Neuron::Trend, fund: fti, frame: 1m, value: 9, time: 19:00:30
Datum[null], edge: ema60, neuron: Neuron::Trend, fund: fti, frame: 1m, value: 8, time: 19:01:30
Datum[null], edge: ema60, neuron: Neuron::Level, fund: fti, frame: 1m, value: 2, time: 19:00:30
Datum[null], edge: ema60, neuron: Neuron::Level, fund: fti, frame: 1m, value: 3, time: 19:01:30
Datum[null], edge: ema60, neuron: Neuron::Out, fund: fti, frame: 1m, value: 3, time: 19:00:30
Datum[null], edge: ema60, neuron: Neuron::Out, fund: fti, frame: 1m, value: 0, time: 19:01:30
19:46:03:343 {ema60} fti 195 ms
19:47:01:118 {rsi} fti 18 ms
Edge not found for set: sar
19:47:01:335 {sar} fti 35 ms
Edge not found for set: bol
19:47:01:532 {bol} fti 31 ms
19:47:01:737 {sol5m} fti 37 ms
Edge not found for set: trend
Edge not found for set: trend
19:47:01:925 {trend} fti 25 ms
19:47:02:100 {line}  [1m] null
19:47:02:100 {line} fti 0 ms
Edge not found for set: macd
Edge not found for set: macd
Edge not found for set: macd
19:47:02:369 {macd} fti 69 ms
Datum[null], edge: ema15, neuron: Neuron::Angle, fund: fti, frame: 1m, value: -1, time: 19:45:55
Datum[null], edge: ema15, neuron: Neuron::Sign, fund: fti, frame: 1m, value: -1, time: 19:45:55
Datum[null], edge: ema15, neuron: Neuron::Trend, fund: fti, frame: 1m, value: 8, time: 19:45:55
Datum[null], edge: ema15, neuron: Neuron::Level, fund: fti, frame: 1m, value: 4, time: 19:45:55
Datum[null], edge: ema15, neuron: Neuron::Out, fund: fti, frame: 1m, value: 1, time: 19:45:55
19:47:02:682 {ema15} fti 181 ms
Datum[null], edge: ema30, neuron: Neuron::Angle, fund: fti, frame: 1m, value: -1, time: 19:45:55
Datum[null], edge: ema30, neuron: Neuron::Sign, fund: fti, frame: 1m, value: -1, time: 19:45:55
Datum[null], edge: ema30, neuron: Neuron::Trend, fund: fti, frame: 1m, value: 8, time: 19:45:55
Datum[null], edge: ema30, neuron: Neuron::Level, fund: fti, frame: 1m, value: 6, time: 19:45:55
Datum[null], edge: ema30, neuron: Neuron::Out, fund: fti, frame: 1m, value: 1, time: 19:45:55
19:47:02:960 {ema30} fti 260 ms
Datum[null], edge: ema360, neuron: Neuron::Angle, fund: fti, frame: 1m, value: -2, time: 19:45:55
Datum[null], edge: ema360, neuron: Neuron::Sign, fund: fti, frame: 1m, value: -1, time: 19:45:55
Datum[null], edge: ema360, neuron: Neuron::Trend, fund: fti, frame: 1m, value: 8, time: 19:45:55
Datum[null], edge: ema360, neuron: Neuron::Level, fund: fti, frame: 1m, value: 7, time: 19:45:55
Datum[null], edge: ema360, neuron: Neuron::Out, fund: fti, frame: 1m, value: 1, time: 19:45:55
19:47:03:162 {ema360} fti 202 ms
Datum[null], edge: ema60, neuron: Neuron::Angle, fund: fti, frame: 1m, value: -1, time: 19:45:55
Datum[null], edge: ema60, neuron: Neuron::Sign, fund: fti, frame: 1m, value: -1, time: 19:45:55
Datum[null], edge: ema60, neuron: Neuron::Trend, fund: fti, frame: 1m, value: 8, time: 19:45:55
Datum[null], edge: ema60, neuron: Neuron::Level, fund: fti, frame: 1m, value: 7, time: 19:45:55
Datum[null], edge: ema60, neuron: Neuron::Out, fund: fti, frame: 1m, value: 1, time: 19:45:55
19:47:03:337 {ema60} fti 175 ms
19:48:01:117 {rsi} fti 17 ms
Edge not found for set: sar
19:48:01:331 {sar} fti 30 ms
Edge not found for set: bol
19:48:01:522 {bol} fti 22 ms
19:48:01:720 {sol5m} fti 19 ms
Edge not found for set: trend
Edge not found for set: trend
19:48:01:924 {trend} fti 23 ms
19:48:02:100 {line}  [1m] null
19:48:02:100 {line} fti 0 ms
Edge not found for set: macd
Edge not found for set: macd
Edge not found for set: macd
19:48:02:331 {macd} fti 31 ms
19:48:02:528 {ema15} fti 28 ms
19:48:02:728 {ema30} fti 28 ms
19:48:02:928 {ema360} fti 28 ms
19:48:03:139 {ema60} fti 39 ms
