2018-05-23 10:01:15.329 [PJ] INFO  [JTS-Main] - ------------------------------- TWS RESTART --------------------------------
2018-05-23 10:01:15.334 [PJ] INFO  [JTS-Main] - Jts dir is /home/eugene/Jts/
2018-05-23 10:01:15.345 [PJ] INFO  [JTS-Main] - PROXY Installed custom selector
2018-05-23 10:01:15.357 [PJ] INFO  [JTS-Main] - SSL support status for gdc1.ibllc.com:4000 is true
2018-05-23 10:01:15.360 [PJ] INFO  [JTS-Main] - LOCALE: Property locale_to_use=null
2018-05-23 10:01:15.365 [PJ] INFO  [JTS-Main] - LOCALE: JTS Locale=en_US  country=United States  variant=
2018-05-23 10:01:15.365 [PJ] INFO  [JTS-Main] - Region: from ini us -> America
2018-05-23 10:01:15.366 [PJ] INFO  [JTS-Main] - LOCALE: Property locale_to_use=null
2018-05-23 10:01:15.366 [PJ] INFO  [JTS-Main] - LOCALE: JTS Locale=en_US  country=United States  variant=
2018-05-23 10:01:15.366 [PJ] INFO  [JTS-Main] - Region:America
2018-05-23 10:01:15.366 [PJ] INFO  [JTS-Main] - URL for locales.jar from argument: http://www.clientam.com/java/classes/broker/lynx
2018-05-23 10:01:15.369 [PJ] INFO  [JTS-Main] - Starting to download 'http://www.clientam.com/java/classes/broker/lynx/locales.jar' using HotBackup 'http://www.clientam.com/java/classes/broker/lynx/locales.jar'
2018-05-23 10:01:15.676 [PJ] INFO  [JTS-Main] - LOCALE: needToUpdate  dest=/home/eugene/Jts/lynx10/jars/locales.jar  sourceMod=2013-02-06 12:40:45  destMod=2013-02-06 12:40:45  sourceSize=61490  destSize=61490  conditions=[NEWER_REMOTE, LOCAL_IN_FUTURE, SIZE_DIFFERS]  download=false
2018-05-23 10:01:15.677 [PJ] INFO  [JTS-Main] - LOCALE: /home/eugene/Jts/lynx10/jars/locales.jar already up-to-date
2018-05-23 10:01:15.756 [PJ] INFO  [JTS-Main] - LOCALE: loaded 9 supported locales
2018-05-23 10:01:15.771 [PJ] INFO  [JTS-Main] - LOCALE: loaded 8 countries
2018-05-23 10:01:15.776 [PJ] INFO  [JTS-Main] - Locale from ini: en
2018-05-23 10:01:15.776 [PJ] INFO  [JTS-Main] - LOCALE: created classloader java.net.URLClassLoader@18ce0030 with file:/home/eugene/Jts/lynx10/jars/locales.jar, parent: sun.misc.Launcher$AppClassLoader@70dea4e
2018-05-23 10:01:15.777 [PJ] INFO  [JTS-Main] - LOCALE: Property locale_to_use=en
2018-05-23 10:01:15.777 [PJ] INFO  [JTS-Main] - LOCALE: JTS Locale=en_US  country=United States  variant=
2018-05-23 10:01:15.777 [PJ] INFO  [JTS-Main] - Locale=en_US  country=United States  variant=
2018-05-23 10:01:15.780 [PJ] INFO  [JTS-Main] - prohibiting class lookup [twslaunch.ji18n.LauncherLanguage]
2018-05-23 10:01:15.782 [PJ] INFO  [JTS-Main] - prohibiting class lookup [twslaunch.ji18n.LauncherLanguage_en]
2018-05-23 10:01:15.782 [PJ] INFO  [JTS-Main] - prohibiting class lookup [twslaunch.ji18n.LauncherLanguage_en_US]
2018-05-23 10:01:15.782 [PJ] INFO  [JTS-Main] - LOCALE: type: launcher intended: en_US actual:  size: 328
2018-05-23 10:01:15.805 [PJ] INFO  [JTS-Main] - TWS installer version: 2.8
2018-05-23 10:01:15.805 [PJ] INFO  [JTS-Main] - TWS installer type: standalone-white-label
2018-05-23 10:01:15.991 [PJ] INFO  [JTS-Main] - prohibiting class lookup [org.jfree.chart.LocalizationBundle]
2018-05-23 10:01:16.026 [PJ] INFO  [JTS-Main] - prohibiting class lookup [org.jfree.chart.LocalizationBundle_en]
2018-05-23 10:01:16.027 [PJ] INFO  [JTS-Main] - prohibiting resource lookup [org/jfree/chart/LocalizationBundle_en.properties]
2018-05-23 10:01:16.027 [PJ] INFO  [JTS-Main] - prohibiting class lookup [org.jfree.chart.LocalizationBundle_en_US]
2018-05-23 10:01:16.027 [PJ] INFO  [JTS-Main] - prohibiting resource lookup [org/jfree/chart/LocalizationBundle_en_US.properties]
2018-05-23 10:01:16.027 [PJ] INFO  [JTS-Main] - prohibiting class lookup [org.jfree.chart.plot.LocalizationBundle]
2018-05-23 10:01:16.027 [PJ] INFO  [JTS-Main] - prohibiting class lookup [org.jfree.chart.plot.LocalizationBundle_en]
2018-05-23 10:01:16.027 [PJ] INFO  [JTS-Main] - prohibiting resource lookup [org/jfree/chart/plot/LocalizationBundle_en.properties]
2018-05-23 10:01:16.027 [PJ] INFO  [JTS-Main] - prohibiting class lookup [org.jfree.chart.plot.LocalizationBundle_en_US]
2018-05-23 10:01:16.027 [PJ] INFO  [JTS-Main] - prohibiting resource lookup [org/jfree/chart/plot/LocalizationBundle_en_US.properties]
2018-05-23 10:01:16.311 [PJ] INFO  [JTS-Main] - jfreechart version =1.0.8
2018-05-23 10:01:16.311 [PJ] INFO  [JTS-Main] - jcommon version =1.0.12
2018-05-23 10:01:16.311 [PJ] INFO  [JTS-Main] - JDOMFactory Class =interface org.jdom.JDOMFactory
2018-05-23 10:01:16.315 [PJ] INFO  [JTS-Main] - hsqldb jdbc =class org.hsqldb.jdbcDriver 2.2
2018-05-23 10:01:16.613 [PJ] INFO  [JTS-Main] - initPreUI() - entry
2018-05-23 10:01:16.620 [PJ] INFO  [JTS-Main] - Build 964.1a, Mar 21, 2017 4:03:11 PM
2018-05-23 10:01:16.658 [PJ] INFO  [JTS-Main] - LookAndFeelChangedListener installed
2018-05-23 10:01:16.665 [PJ] INFO  [JTS-Main] - JtsLookAndFeel initialized
2018-05-23 10:01:16.743 [PJ] INFO  [JTS-Main] - Current LAF: TWS LAF
2018-05-23 10:01:16.743 [PJ] INFO  [JTS-Main] - initPreUI() - exit
2018-05-23 10:01:16.749 [PJ] INFO  [JTS-Main] - Connect and request MiscUrls
2018-05-23 10:01:16.750 [PJ] INFO  [JTS-MiscUlrsRequester-3] - Connecting gdc1.ibllc.com:4000 timeout=0
2018-05-23 10:01:16.853 [PJ] INFO  [JTS-MiscUlrsRequester-3] - Connected to gdc1.ibllc.com:4000 on local port 0 socket local addrs:port /192.168.1.103:59668
2018-05-23 10:01:16.855 [PJ] INFO  [JTS-MiscUlrsRequester-3] - Resolving mac address
2018-05-23 10:01:16.856 [PJ] INFO  [JTS-MiscUlrsRequester-3] - MACNetworkInfo created <0186c0ec|D0:67:E5:F0:D9:45|192.168.1.103>
2018-05-23 10:01:16.858 [PJ] INFO  [JTS-MISC URLsListenerS1-4] - Starting Listener thread
2018-05-23 10:01:16.872 [PJ] INFO  [JTS-MiscUlrsRequester-3] - Sending MiscUrls request
2018-05-23 10:01:16.872 [PJ] INFO  [JTS-AuthDispatcherS1-5] - Starting dispatcher
2018-05-23 10:01:16.874 [PJ] INFO  [JTS-MiscUlrsRequester-3] - LOGIN_TIME_MONITOR	 false 10:01:16:874 since start = 0 thread delay = 0 global delay = 0 tag=null, cls=AuthDispatcher method=send
2018-05-23 10:01:16.874 [PJ] INFO  [JTS-AuthResponseMonitor-6] - Starting auth response monitor thread
2018-05-23 10:01:16.875 [PJ] INFO  [JTS-MISC URLsListenerS1-4] - Initial listener buffer size is 187200
2018-05-23 10:01:16.875 [PJ] INFO  [JTS-MISC URLsListenerS1-4] - Capping listener buffer size at 65536
2018-05-23 10:01:16.961 [PJ] INFO  [JTS-AuthDispatcherS1-5] - Received NS_MISC_URLS
2018-05-23 10:01:16.963 [PJ] INFO  [JTS-AuthDispatcherS1-5] - Received URLs ='{alpine_help=https://www.interactivebrokers.com/en/general/alpineHelp.php, ib_system_status=http://status.interactivebrokers.net/cgi-bin/bb_status.pl, customer_service=https://www.interactivebrokers.com/en/p.php?f=customerService&ib_entity=llc, wbdemo=direct, java_upgrade_howto=https://www.interactivebrokers.com/en/software/downloadPlugin.php?ib_entity=llc, demo=email, ssl=1, pass_change_ib=https://gdcdyn.interactivebrokers.com/sso/Login?service=AM.LOGIN&MSG=PWD, paper_account_creation=https://gdcdyn.interactivebrokers.com/sso/Login, pass_reset=https://gdcdyn.interactivebrokers.com/Universal/servlet/AccountAccess.PasswordReset, bingo_help=https://www.interactivebrokers.com/en/general/bingoHelp.php, pass_reset_wb=https://www.clientam.com/Universal/servlet/AccountAccess.PasswordReset, gold_help=https://www.interactivebrokers.com/en/general/goldHelp.php, s3store=1}'
2018-05-23 10:01:16.965 [PJ] INFO  [AWT-EventQueue-0] - OvernightManager.dayInit: new values: dayOfTheWeek: 4 (Wed), YYYYMMofToday: 201805, YYYYMMDDofToday: 20180523, m_todayDate: 20180523, dueToChangeInTimezone: false
2018-05-23 10:01:16.966 [PJ] INFO  [JTS-AuthDispatcherS1-5] - Disconnecting gdc1.ibllc.com:4000 with status DISCONNECT_BY_DESIGN
2018-05-23 10:01:16.966 [PJ] INFO  [JTS-AuthDispatcherS1-5] - Terminating dispatcher
2018-05-23 10:01:16.966 [PJ] INFO  [JTS-MISC URLsListenerS1-4] - Socket for connection gdc1.ibllc.com:4000 was closed by another thread
2018-05-23 10:01:16.966 [PJ] INFO  [JTS-AuthResponseMonitor-6] - Terminating auth response monitor thread
2018-05-23 10:01:16.966 [PJ] INFO  [JTS-MISC URLsListenerS1-4] - Terminating Listener thread
2018-05-23 10:01:16.976 [PJ] INFO  [AWT-EventQueue-0] - LauncherFontUpdater: simulatehighdefscreen=false
2018-05-23 10:01:16.976 [PJ] INFO  [AWT-EventQueue-0] - LauncherFontUpdater: Screen dimensions=3840x2160
2018-05-23 10:01:16.976 [PJ] INFO  [AWT-EventQueue-0] - LauncherFontUpdater: highres=true
2018-05-23 10:01:16.977 [PJ] INFO  [AWT-EventQueue-0] - LauncherFontUpdater: FontSize=0
2018-05-23 10:01:17.257 [PJ] INFO  [AWT-EventQueue-0] - twslaunch.autoupdate.serviceImpl: com.ib.tws.twslaunch.install4j.Install4jAutoUpdateService
2018-05-23 10:01:17.259 [PJ] INFO  [AWT-EventQueue-0] - updateDownloadUrl: null
2018-05-23 10:01:17.259 [PJ] INFO  [AWT-EventQueue-0] - skipUpdateCheck: null
2018-05-23 10:01:17.259 [PJ] INFO  [AWT-EventQueue-0] - nightlyEnabled: true
2018-05-23 10:01:17.259 [PJ] INFO  [AWT-EventQueue-0] - channelNameArg: null
2018-05-23 10:01:17.259 [PJ] INFO  [AWT-EventQueue-0] - channelName: latest
2018-05-23 10:01:17.259 [PJ] INFO  [AWT-EventQueue-0] - jtsConfigDir: null
2018-05-23 10:01:17.259 [PJ] INFO  [AWT-EventQueue-0] - sessionId: not set
2018-05-23 10:01:17.260 [PJ] INFO  [AWT-EventQueue-0] - apiPort: null
2018-05-23 10:01:17.260 [PJ] INFO  [AWT-EventQueue-0] - installDir: /home/eugene/Jts/lynx10/
2018-05-23 10:01:17.260 [PJ] INFO  [AWT-EventQueue-0] - exeName: null
2018-05-23 10:01:17.369 [PJ] INFO  [AWT-EventQueue-0] - Started on 20180523-09:01:17 Europe/London
2018-05-23 10:01:17.369 [PJ] INFO  [AWT-EventQueue-0] - java version = 1.8.0_60
2018-05-23 10:01:17.369 [PJ] INFO  [AWT-EventQueue-0] - sun.arch.data.model = 64
2018-05-23 10:01:17.369 [PJ] INFO  [AWT-EventQueue-0] - os = Linux
2018-05-23 10:01:17.369 [PJ] INFO  [AWT-EventQueue-0] - os architecture = 32
2018-05-23 10:01:17.369 [PJ] INFO  [AWT-EventQueue-0] - runtime = Java(TM) SE Runtime Environment
2018-05-23 10:01:17.369 [PJ] INFO  [AWT-EventQueue-0] - vendor = Oracle Corporation
2018-05-23 10:01:17.369 [PJ] INFO  [AWT-EventQueue-0] - vm name = Java HotSpot(TM) 64-Bit Server VM
2018-05-23 10:01:17.369 [PJ] INFO  [AWT-EventQueue-0] - username = 'eugene'
2018-05-23 10:01:17.505 [PJ] INFO  [AWT-EventQueue-0] - Basic init done. Login window shown
2018-05-23 10:01:24.389 [PJ] INFO  [AWT-EventQueue-0] - username = diulishzrp
2018-05-23 10:01:24.389 [PJ] INFO  [AWT-EventQueue-0] - Setting dir is /home/eugene/Jts/
2018-05-23 10:01:24.390 [PJ] INFO  [AWT-EventQueue-0] - PROXY Cleared HTTP proxy: no valid proxy is present (passing on :0)
2018-05-23 10:01:24.401 [PJ] INFO  [AWT-EventQueue-0] - host = gdc1.ibllc.com
2018-05-23 10:01:24.401 [PJ] INFO  [AWT-EventQueue-0] - remotePort = 4000
2018-05-23 10:01:24.401 [PJ] INFO  [AWT-EventQueue-0] - localPort = 0
2018-05-23 10:01:24.403 [PJ] INFO  [AWT-EventQueue-0] - SPLASH Creating screen with 15 steps
2018-05-23 10:01:24.484 [PJ] INFO  [AWT-EventQueue-0] - mapProdToPaper: m_simulatedTradingModeSelected=false
2018-05-23 10:01:24.484 [PJ] INFO  [AWT-EventQueue-0] - CONN CALC: Last connection attempt time is cleared!
2018-05-23 10:01:24.484 [PJ] INFO  [AWT-EventQueue-0] - CONN CALC: Last connection set as now:10:01:24:484
2018-05-23 10:01:24.484 [PJ] INFO  [AWT-EventQueue-0] - Prelogin delay:0
2018-05-23 10:01:24.486 [PJ] INFO  [JTS-Login-10] - Starting launcher login thread
2018-05-23 10:01:24.486 [PJ] INFO  [JTS-Login-10] - SPLASH Connecting to server
2018-05-23 10:01:24.486 [PJ] INFO  [AWT-EventQueue-0] - Network monitor is activated
2018-05-23 10:01:24.487 [PJ] INFO  [JTS-Login-10] - Connecting gdc1.ibllc.com:4000 timeout=20000
2018-05-23 10:01:24.572 [PJ] INFO  [JTS-Login-10] - Connected to gdc1.ibllc.com:4000 on local port 0 socket local addrs:port /192.168.1.103:59670
2018-05-23 10:01:24.583 [PJ] INFO  [JTS-Login-10] - NSCX init:false
2018-05-23 10:01:24.583 [PJ] INFO  [JTS-Login-10] - Changing state for connection from PRELOGON to PRELOGON in y 1476783310: SessionSocket:2
2018-05-23 10:01:24.583 [PJ] INFO  [JTS-Login-10] - Authenticating
2018-05-23 10:01:24.584 [PJ] INFO  [JTS-CCPListenerS2-12] - Starting Listener thread
2018-05-23 10:01:24.584 [PJ] INFO  [JTS-Login-10] - AuthTimeoutMonitor: deactivate
2018-05-23 10:01:24.584 [PJ] INFO  [JTS-Login-10] - AuthTimeoutMonitor: timeout=20000
2018-05-23 10:01:24.585 [PJ] INFO  [JTS-Login-10] - AuthTimeoutMonitor: activate
2018-05-23 10:01:24.585 [PJ] INFO  [JTS-AuthTimeoutMonitorThread-14] - Starting auth timeout monitor thread
2018-05-23 10:01:24.585 [PJ] INFO  [JTS-Login-10] - SPLASH -0001 step 1 AuthDispatcher.connect
2018-05-23 10:01:24.586 [PJ] INFO  [JTS-Login-10] - Sending connect request
2018-05-23 10:01:24.586 [PJ] INFO  [JTS-AuthDispatcherS2-13] - Starting dispatcher
2018-05-23 10:01:24.588 [PJ] INFO  [JTS-Login-10] - SPLASH Authenticating
2018-05-23 10:01:24.588 [PJ] INFO  [JTS-CCPListenerS2-12] - Initial listener buffer size is 187200
2018-05-23 10:01:24.588 [PJ] INFO  [JTS-CCPListenerS2-12] - Capping listener buffer size at 65536
2018-05-23 10:01:24.590 [PJ] INFO  [JTS-Login-10] - Terminating launcher login thread
2018-05-23 10:01:24.717 [PJ] INFO  [JTS-AuthDispatcherS2-13] - cert #0 subject:CN=tws.ibllc.com,OU=tws.ibllc.com,O=IBLLC,C=US	issuer:CN=prod.ckg.ibllc.com,O=Interactive Brokers LLC,L=Greenwich,ST=Connecticut,C=US	notBefore:20180522-15:13:56 Europe/London	notAfter:20180524-23:13:56 Europe/London
2018-05-23 10:01:24.718 [PJ] INFO  [JTS-AuthDispatcherS2-13] - cert #1 subject:CN=prod.ckg.ibllc.com,O=Interactive Brokers LLC,L=Greenwich,ST=Connecticut,C=US	issuer:CN=DigiCert SHA2 Secure Server CA,O=DigiCert Inc,C=US	notBefore:20150806-01:00:00 Europe/London	notAfter:20180810-13:00:00 Europe/London
2018-05-23 10:01:24.718 [PJ] INFO  [JTS-AuthDispatcherS2-13] - cert #2 subject:CN=DigiCert SHA2 Secure Server CA,O=DigiCert Inc,C=US	issuer:CN=DigiCert Global Root CA,OU=www.digicert.com,O=DigiCert Inc,C=US	notBefore:20130308-12:00:00 Europe/London	notAfter:20230308-12:00:00 Europe/London
2018-05-23 10:01:24.719 [PJ] INFO  [JTS-AuthDispatcherS2-13] - Current time is: 20180523-09:01:24 Europe/London
2018-05-23 10:01:24.872 [PJ] INFO  [JTS-AuthDispatcherS2-13] - CipherContext initialization successed.
2018-05-23 10:01:24.930 [PJ] INFO  [JTS-AuthDispatcherS2-13] - SPLASH 0345 step 2 AuthDispatcher.send
2018-05-23 10:01:25.019 [PJ] INFO  [JTS-AuthDispatcherS2-13] - Received NS_AUTH_START: 1
2018-05-23 10:01:25.020 [PJ] INFO  [JTS-AuthDispatcherS2-13] - pwd time to expiry ms: 2575313916000 days: 29807
2018-05-23 10:01:25.020 [PJ] INFO  [JTS-AuthDispatcherS2-13] - Long pwd allowed : true
2018-05-23 10:01:25.020 [PJ] INFO  [JTS-AuthDispatcherS2-13] -  NS_AUTH_START version=28 pwd=1 soft=0 token=3 tokenSubtype=0 initialTokenType=PWD authenticationType=MARKET_DATA_CONNECTION identityHashcode=782011025
2018-05-23 10:01:25.021 [PJ] INFO  [JTS-AuthDispatcherS2-13] - Starting password Authentication
2018-05-23 10:01:25.021 [PJ] INFO  [JTS-AuthDispatcherS2-13] - sendXYZMessage: 777
2018-05-23 10:01:25.111 [PJ] INFO  [JTS-AuthDispatcherS2-13] - Receiver: 777
2018-05-23 10:01:25.112 [PJ] INFO  [JTS-AuthDispatcherS2-13] - processXYZMessage: 777 protocol version: 28
2018-05-23 10:01:25.112 [PJ] INFO  [JTS-AuthDispatcherS2-13] - Received AUTH_PARAMS
2018-05-23 10:01:25.113 [PJ] INFO  [JTS-AuthDispatcherS2-13] - sendXYZMessage: 777
2018-05-23 10:01:25.200 [PJ] INFO  [JTS-AuthDispatcherS2-13] - SPLASH 0269 step 3 AuthDispatcher.processDataItr
2018-05-23 10:01:25.200 [PJ] INFO  [JTS-AuthDispatcherS2-13] - Receiver: 777
2018-05-23 10:01:25.200 [PJ] INFO  [JTS-AuthDispatcherS2-13] - processXYZMessage: 777 protocol version: 28
2018-05-23 10:01:25.200 [PJ] INFO  [JTS-AuthDispatcherS2-13] - Received SERVER_PARAMS
2018-05-23 10:01:25.202 [PJ] INFO  [JTS-AuthDispatcherS2-13] - Session Token received in AuthenticationMessageXYZ: 82636ac48ec4ab736447f150f6121a9515b480c4  messageId=SERVER_KEY (4)
2018-05-23 10:01:25.202 [PJ] INFO  [JTS-AuthDispatcherS2-13] - sendXYZMessage: 777
2018-05-23 10:01:25.289 [PJ] INFO  [JTS-AuthDispatcherS2-13] - Receiver: 777
2018-05-23 10:01:25.289 [PJ] INFO  [JTS-AuthDispatcherS2-13] - processXYZMessage: 777 protocol version: 28
2018-05-23 10:01:25.289 [PJ] INFO  [JTS-AuthDispatcherS2-13] - Received AUTH_RESULT
2018-05-23 10:01:25.289 [PJ] INFO  [JTS-AuthDispatcherS2-13] - Passed pwd authentication.
2018-05-23 10:01:25.289 [PJ] INFO  [JTS-AuthDispatcherS2-13] - sendXYZMessage: 773
2018-05-23 10:01:25.384 [PJ] INFO  [JTS-AuthDispatcherS2-13] - Receiver: 773
2018-05-23 10:01:25.384 [PJ] INFO  [JTS-AuthDispatcherS2-13] - processXYZMessage: 773 protocol version: 28
2018-05-23 10:01:25.385 [PJ] INFO  [JTS-AuthDispatcherS2-13] - Received CHALLENGE: 338
2018-05-23 10:01:25.385 [PJ] INFO  [JTS-AuthDispatcherS2-13] - AuthTimeoutMonitor: pause
2018-05-23 10:01:45.376 [PJ] INFO  [JTS-AuthDispatcherS2-13] - SPLASH 20177 step 3 AuthDispatcher.processDataItr
2018-05-23 10:01:45.376 [PJ] INFO  [JTS-AuthDispatcherS2-13] - Received NS_TEST_REQUEST
2018-05-23 10:01:45.376 [PJ] INFO  [JTS-AuthDispatcherS2-13] - Sent NS_HEART_BEAT:#%#%0000MISC8;531;20180523-08:01:45;
2018-05-23 10:01:46.098 [PJ] INFO  [AWT-EventQueue-0] - Response: ***
2018-05-23 10:01:46.098 [PJ] INFO  [AWT-EventQueue-0] - AuthTimeoutMonitor: resume, idleTime=20713
2018-05-23 10:01:46.098 [PJ] INFO  [AWT-EventQueue-0] - sendXYZMessage: 773
2018-05-23 10:01:46.099 [PJ] INFO  [AWT-EventQueue-0] - SPLASH 0723 step 4 AuthDispatcher.send
2018-05-23 10:01:46.186 [PJ] INFO  [JTS-AuthDispatcherS2-13] - Receiver: 773
2018-05-23 10:01:46.186 [PJ] INFO  [JTS-AuthDispatcherS2-13] - processXYZMessage: 773 protocol version: 28
2018-05-23 10:01:46.186 [PJ] INFO  [JTS-AuthDispatcherS2-13] - Received Result
2018-05-23 10:01:46.186 [PJ] INFO  [JTS-AuthDispatcherS2-13] - Passed token authentication.
2018-05-23 10:01:46.313 [PJ] INFO  [JTS-AuthDispatcherS2-13] - SPLASH 0214 step 5 AuthDispatcher.processDataItr
2018-05-23 10:01:46.313 [PJ] INFO  [JTS-AuthDispatcherS2-13] - Receiver: 771
2018-05-23 10:01:46.314 [PJ] INFO  [JTS-AuthDispatcherS2-13] - processXYZMessage: 771 protocol version: 28
2018-05-23 10:01:46.314 [PJ] INFO  [JTS-AuthDispatcherS2-13] - Received Finish
2018-05-23 10:01:46.314 [PJ] INFO  [JTS-AuthDispatcherS2-13] - Finished authentication.
2018-05-23 10:01:46.314 [PJ] INFO  [JTS-AuthDispatcherS2-13] - Authentication completed.
2018-05-23 10:01:46.314 [PJ] INFO  [JTS-AuthDispatcherS2-13] - setting session token in AuthenticationHandler: authenticationType=MARKET_DATA_CONNECTION hashCode=782011025 new=82636ac48ec4ab736447f150f6121a9515b480c4 old=NULL ctciOld=NULL
2018-05-23 10:01:46.314 [PJ] INFO  [JTS-AuthDispatcherS2-13] - Received NS_CONNECT_RESPONSE
2018-05-23 10:01:46.314 [PJ] INFO  [JTS-AuthDispatcherS2-13] - Log encryption support is disabled [logKeyId: ].
2018-05-23 10:01:46.401 [PJ] INFO  [JTS-AuthDispatcherS2-13] - Received NS_FIX_START
2018-05-23 10:01:46.402 [PJ] INFO  [JTS-AuthDispatcherS2-13] - Terminating dispatcher
2018-05-23 10:01:46.403 [PJ] INFO  [JTS-PostAuthenticateS2-20] - AuthTimeoutMonitor: deactivate
2018-05-23 10:01:46.403 [PJ] INFO  [JTS-AuthTimeoutMonitorThread-14] - Terminating auth timeout monitor thread
2018-05-23 10:01:46.403 [PJ] INFO  [JTS-PostAuthenticateS2-20] - Authentication complete
2018-05-23 10:01:46.404 [PJ] INFO  [JTS-PostAuthenticateS2-20] - Starting FIX logon [sessionId: 2]...
2018-05-23 10:01:46.404 [PJ] INFO  [JTS-PostAuthenticateS2-20] - Creating a FixLogonHandlerFactory instance...
2018-05-23 10:01:46.406 [PJ] INFO  [JTS-PostAuthenticateS2-20] - Instance created.
2018-05-23 10:01:46.413 [PJ] INFO  [JTS-PostAuthenticateS2-20] - jfreechart version =1.0.8
2018-05-23 10:01:46.413 [PJ] INFO  [JTS-PostAuthenticateS2-20] - jcommon version =1.0.12
2018-05-23 10:01:46.413 [PJ] INFO  [JTS-PostAuthenticateS2-20] - JDOMFactory Class =interface org.jdom.JDOMFactory
2018-05-23 10:01:46.413 [PJ] INFO  [JTS-PostAuthenticateS2-20] - hsqldb jdbc =class org.hsqldb.jdbcDriver 2.2
2018-05-23 10:01:46.415 [PJ] INFO  [JTS-PostAuthenticateS2-20] - Changing state for connection from PRELOGON to PRELOGON in y 1476783310: SessionSocket:2
2018-05-23 10:01:46.415 [PJ] INFO  [JTS-PostAuthenticateS2-20] - Switching to a new log '/home/eugene/Jts/diulishzrp/tws.log'...
2018-05-23 17:02:55.915 [RX] INFO  [JTS-Main] - ------------------------------- TWS RESTART --------------------------------
2018-05-23 17:02:55.916 [RX] INFO  [JTS-Main] - Jts dir is /home/eugene/Jts/
2018-05-23 17:02:55.921 [RX] INFO  [JTS-Main] - PROXY Installed custom selector
2018-05-23 17:02:55.930 [RX] INFO  [JTS-Main] - SSL support status for gdc1.ibllc.com:4000 is true
2018-05-23 17:02:55.933 [RX] INFO  [JTS-Main] - LOCALE: Property locale_to_use=null
2018-05-23 17:02:55.937 [RX] INFO  [JTS-Main] - LOCALE: JTS Locale=en_US  country=United States  variant=
2018-05-23 17:02:55.938 [RX] INFO  [JTS-Main] - Region: from ini us -> America
2018-05-23 17:02:55.938 [RX] INFO  [JTS-Main] - LOCALE: Property locale_to_use=null
2018-05-23 17:02:55.938 [RX] INFO  [JTS-Main] - LOCALE: JTS Locale=en_US  country=United States  variant=
2018-05-23 17:02:55.938 [RX] INFO  [JTS-Main] - Region:America
2018-05-23 17:02:55.938 [RX] INFO  [JTS-Main] - URL for locales.jar from argument: http://www.clientam.com/java/classes/broker/lynx
2018-05-23 17:02:55.941 [RX] INFO  [JTS-Main] - Starting to download 'http://www.clientam.com/java/classes/broker/lynx/locales.jar' using HotBackup 'http://www.clientam.com/java/classes/broker/lynx/locales.jar'
2018-05-23 17:02:56.259 [RX] INFO  [JTS-Main] - LOCALE: needToUpdate  dest=/home/eugene/Jts/lynx10/jars/locales.jar  sourceMod=2013-02-06 12:40:45  destMod=2013-02-06 12:40:45  sourceSize=61490  destSize=61490  conditions=[NEWER_REMOTE, LOCAL_IN_FUTURE, SIZE_DIFFERS]  download=false
2018-05-23 17:02:56.259 [RX] INFO  [JTS-Main] - LOCALE: /home/eugene/Jts/lynx10/jars/locales.jar already up-to-date
2018-05-23 17:02:56.310 [RX] INFO  [JTS-Main] - LOCALE: loaded 9 supported locales
2018-05-23 17:02:56.349 [RX] INFO  [JTS-Main] - LOCALE: loaded 8 countries
2018-05-23 17:02:56.354 [RX] INFO  [JTS-Main] - Locale from ini: en
2018-05-23 17:02:56.355 [RX] INFO  [JTS-Main] - LOCALE: created classloader java.net.URLClassLoader@1d082e88 with file:/home/eugene/Jts/lynx10/jars/locales.jar, parent: sun.misc.Launcher$AppClassLoader@70dea4e
2018-05-23 17:02:56.355 [RX] INFO  [JTS-Main] - LOCALE: Property locale_to_use=en
2018-05-23 17:02:56.355 [RX] INFO  [JTS-Main] - LOCALE: JTS Locale=en_US  country=United States  variant=
2018-05-23 17:02:56.355 [RX] INFO  [JTS-Main] - Locale=en_US  country=United States  variant=
2018-05-23 17:02:56.358 [RX] INFO  [JTS-Main] - prohibiting class lookup [twslaunch.ji18n.LauncherLanguage]
2018-05-23 17:02:56.359 [RX] INFO  [JTS-Main] - prohibiting class lookup [twslaunch.ji18n.LauncherLanguage_en]
2018-05-23 17:02:56.359 [RX] INFO  [JTS-Main] - prohibiting class lookup [twslaunch.ji18n.LauncherLanguage_en_US]
2018-05-23 17:02:56.360 [RX] INFO  [JTS-Main] - LOCALE: type: launcher intended: en_US actual:  size: 328
2018-05-23 17:02:56.376 [RX] INFO  [JTS-Main] - TWS installer version: 2.8
2018-05-23 17:02:56.377 [RX] INFO  [JTS-Main] - TWS installer type: standalone-white-label
2018-05-23 17:02:56.536 [RX] INFO  [JTS-Main] - prohibiting class lookup [org.jfree.chart.LocalizationBundle]
2018-05-23 17:02:56.592 [RX] INFO  [JTS-Main] - prohibiting class lookup [org.jfree.chart.LocalizationBundle_en]
2018-05-23 17:02:56.593 [RX] INFO  [JTS-Main] - prohibiting resource lookup [org/jfree/chart/LocalizationBundle_en.properties]
2018-05-23 17:02:56.593 [RX] INFO  [JTS-Main] - prohibiting class lookup [org.jfree.chart.LocalizationBundle_en_US]
2018-05-23 17:02:56.593 [RX] INFO  [JTS-Main] - prohibiting resource lookup [org/jfree/chart/LocalizationBundle_en_US.properties]
2018-05-23 17:02:56.593 [RX] INFO  [JTS-Main] - prohibiting class lookup [org.jfree.chart.plot.LocalizationBundle]
2018-05-23 17:02:56.593 [RX] INFO  [JTS-Main] - prohibiting class lookup [org.jfree.chart.plot.LocalizationBundle_en]
2018-05-23 17:02:56.593 [RX] INFO  [JTS-Main] - prohibiting resource lookup [org/jfree/chart/plot/LocalizationBundle_en.properties]
2018-05-23 17:02:56.593 [RX] INFO  [JTS-Main] - prohibiting class lookup [org.jfree.chart.plot.LocalizationBundle_en_US]
2018-05-23 17:02:56.593 [RX] INFO  [JTS-Main] - prohibiting resource lookup [org/jfree/chart/plot/LocalizationBundle_en_US.properties]
2018-05-23 17:02:56.877 [RX] INFO  [JTS-Main] - jfreechart version =1.0.8
2018-05-23 17:02:56.877 [RX] INFO  [JTS-Main] - jcommon version =1.0.12
2018-05-23 17:02:56.878 [RX] INFO  [JTS-Main] - JDOMFactory Class =interface org.jdom.JDOMFactory
2018-05-23 17:02:56.882 [RX] INFO  [JTS-Main] - hsqldb jdbc =class org.hsqldb.jdbcDriver 2.2
2018-05-23 17:02:57.203 [RX] INFO  [JTS-Main] - initPreUI() - entry
2018-05-23 17:02:57.210 [RX] INFO  [JTS-Main] - Build 964.1a, Mar 21, 2017 4:03:11 PM
2018-05-23 17:02:57.248 [RX] INFO  [JTS-Main] - LookAndFeelChangedListener installed
2018-05-23 17:02:57.255 [RX] INFO  [JTS-Main] - JtsLookAndFeel initialized
2018-05-23 17:02:57.335 [RX] INFO  [JTS-Main] - Current LAF: TWS LAF
2018-05-23 17:02:57.336 [RX] INFO  [JTS-Main] - initPreUI() - exit
2018-05-23 17:02:57.341 [RX] INFO  [JTS-Main] - Connect and request MiscUrls
2018-05-23 17:02:57.343 [RX] INFO  [JTS-MiscUlrsRequester-3] - Connecting gdc1.ibllc.com:4000 timeout=0
2018-05-23 17:02:57.445 [RX] INFO  [JTS-MiscUlrsRequester-3] - Connected to gdc1.ibllc.com:4000 on local port 0 socket local addrs:port /192.168.1.103:35406
2018-05-23 17:02:57.447 [RX] INFO  [JTS-MiscUlrsRequester-3] - Resolving mac address
2018-05-23 17:02:57.449 [RX] INFO  [JTS-MiscUlrsRequester-3] - MACNetworkInfo created <0186c0ec|D0:67:E5:F0:D9:45|192.168.1.103>
2018-05-23 17:02:57.451 [RX] INFO  [JTS-MISC URLsListenerS1-4] - Starting Listener thread
2018-05-23 17:02:57.465 [RX] INFO  [JTS-MiscUlrsRequester-3] - Sending MiscUrls request
2018-05-23 17:02:57.465 [RX] INFO  [JTS-AuthDispatcherS1-5] - Starting dispatcher
2018-05-23 17:02:57.467 [RX] INFO  [JTS-MiscUlrsRequester-3] - LOGIN_TIME_MONITOR	 false 17:02:57:466 since start = 0 thread delay = 0 global delay = 0 tag=null, cls=AuthDispatcher method=send
2018-05-23 17:02:57.467 [RX] INFO  [JTS-AuthResponseMonitor-6] - Starting auth response monitor thread
2018-05-23 17:02:57.467 [RX] INFO  [JTS-MISC URLsListenerS1-4] - Initial listener buffer size is 187200
2018-05-23 17:02:57.467 [RX] INFO  [JTS-MISC URLsListenerS1-4] - Capping listener buffer size at 65536
2018-05-23 17:02:57.555 [RX] INFO  [JTS-AuthDispatcherS1-5] - Received NS_MISC_URLS
2018-05-23 17:02:57.557 [RX] INFO  [JTS-AuthDispatcherS1-5] - Received URLs ='{alpine_help=https://www.interactivebrokers.com/en/general/alpineHelp.php, ib_system_status=http://status.interactivebrokers.net/cgi-bin/bb_status.pl, customer_service=https://www.interactivebrokers.com/en/p.php?f=customerService&ib_entity=llc, wbdemo=direct, java_upgrade_howto=https://www.interactivebrokers.com/en/software/downloadPlugin.php?ib_entity=llc, demo=email, ssl=1, pass_change_ib=https://gdcdyn.interactivebrokers.com/sso/Login?service=AM.LOGIN&MSG=PWD, paper_account_creation=https://gdcdyn.interactivebrokers.com/sso/Login, pass_reset=https://gdcdyn.interactivebrokers.com/Universal/servlet/AccountAccess.PasswordReset, bingo_help=https://www.interactivebrokers.com/en/general/bingoHelp.php, pass_reset_wb=https://www.clientam.com/Universal/servlet/AccountAccess.PasswordReset, gold_help=https://www.interactivebrokers.com/en/general/goldHelp.php, s3store=1}'
2018-05-23 17:02:57.558 [RX] INFO  [AWT-EventQueue-0] - OvernightManager.dayInit: new values: dayOfTheWeek: 4 (Wed), YYYYMMofToday: 201805, YYYYMMDDofToday: 20180523, m_todayDate: 20180523, dueToChangeInTimezone: false
2018-05-23 17:02:57.559 [RX] INFO  [JTS-AuthDispatcherS1-5] - Disconnecting gdc1.ibllc.com:4000 with status DISCONNECT_BY_DESIGN
2018-05-23 17:02:57.560 [RX] INFO  [JTS-AuthDispatcherS1-5] - Terminating dispatcher
2018-05-23 17:02:57.560 [RX] INFO  [JTS-MISC URLsListenerS1-4] - Socket for connection gdc1.ibllc.com:4000 was closed by another thread
2018-05-23 17:02:57.560 [RX] INFO  [JTS-AuthResponseMonitor-6] - Terminating auth response monitor thread
2018-05-23 17:02:57.560 [RX] INFO  [JTS-MISC URLsListenerS1-4] - Terminating Listener thread
2018-05-23 17:02:57.569 [RX] INFO  [AWT-EventQueue-0] - LauncherFontUpdater: simulatehighdefscreen=false
2018-05-23 17:02:57.570 [RX] INFO  [AWT-EventQueue-0] - LauncherFontUpdater: Screen dimensions=3840x2160
2018-05-23 17:02:57.570 [RX] INFO  [AWT-EventQueue-0] - LauncherFontUpdater: highres=true
2018-05-23 17:02:57.570 [RX] INFO  [AWT-EventQueue-0] - LauncherFontUpdater: FontSize=0
2018-05-23 17:02:57.999 [RX] INFO  [AWT-EventQueue-0] - twslaunch.autoupdate.serviceImpl: com.ib.tws.twslaunch.install4j.Install4jAutoUpdateService
2018-05-23 17:02:58.002 [RX] INFO  [AWT-EventQueue-0] - updateDownloadUrl: null
2018-05-23 17:02:58.002 [RX] INFO  [AWT-EventQueue-0] - skipUpdateCheck: null
2018-05-23 17:02:58.002 [RX] INFO  [AWT-EventQueue-0] - nightlyEnabled: true
2018-05-23 17:02:58.002 [RX] INFO  [AWT-EventQueue-0] - channelNameArg: null
2018-05-23 17:02:58.002 [RX] INFO  [AWT-EventQueue-0] - channelName: latest
2018-05-23 17:02:58.002 [RX] INFO  [AWT-EventQueue-0] - jtsConfigDir: null
2018-05-23 17:02:58.002 [RX] INFO  [AWT-EventQueue-0] - sessionId: not set
2018-05-23 17:02:58.002 [RX] INFO  [AWT-EventQueue-0] - apiPort: null
2018-05-23 17:02:58.002 [RX] INFO  [AWT-EventQueue-0] - installDir: /home/eugene/Jts/lynx10/
2018-05-23 17:02:58.002 [RX] INFO  [AWT-EventQueue-0] - exeName: null
2018-05-23 17:02:58.108 [RX] INFO  [AWT-EventQueue-0] - Started on 20180523-16:02:58 Europe/London
2018-05-23 17:02:58.108 [RX] INFO  [AWT-EventQueue-0] - java version = 1.8.0_60
2018-05-23 17:02:58.108 [RX] INFO  [AWT-EventQueue-0] - sun.arch.data.model = 64
2018-05-23 17:02:58.108 [RX] INFO  [AWT-EventQueue-0] - os = Linux
2018-05-23 17:02:58.108 [RX] INFO  [AWT-EventQueue-0] - os architecture = 32
2018-05-23 17:02:58.108 [RX] INFO  [AWT-EventQueue-0] - runtime = Java(TM) SE Runtime Environment
2018-05-23 17:02:58.108 [RX] INFO  [AWT-EventQueue-0] - vendor = Oracle Corporation
2018-05-23 17:02:58.108 [RX] INFO  [AWT-EventQueue-0] - vm name = Java HotSpot(TM) 64-Bit Server VM
2018-05-23 17:02:58.108 [RX] INFO  [AWT-EventQueue-0] - username = 'eugene'
2018-05-23 17:02:58.243 [RX] INFO  [AWT-EventQueue-0] - Basic init done. Login window shown
2018-05-23 17:02:59.789 [RX] INFO  [AWT-EventQueue-0] - Application exit
