2018-05-24 09:03:52.640 [NJ] INFO  [JTS-Main] - ------------------------------- TWS RESTART --------------------------------
2018-05-24 09:03:52.645 [NJ] INFO  [JTS-Main] - Jts dir is /home/eugene/Jts/
2018-05-24 09:03:52.657 [NJ] INFO  [JTS-Main] - PROXY Installed custom selector
2018-05-24 09:03:52.672 [NJ] INFO  [JTS-Main] - SSL support status for gdc1.ibllc.com:4000 is true
2018-05-24 09:03:52.676 [NJ] INFO  [JTS-Main] - LOCALE: Property locale_to_use=null
2018-05-24 09:03:52.681 [NJ] INFO  [JTS-Main] - LOCALE: JTS Locale=en_US  country=United States  variant=
2018-05-24 09:03:52.681 [NJ] INFO  [JTS-Main] - Region: from ini us -> America
2018-05-24 09:03:52.681 [NJ] INFO  [JTS-Main] - LOCALE: Property locale_to_use=null
2018-05-24 09:03:52.681 [NJ] INFO  [JTS-Main] - LOCALE: JTS Locale=en_US  country=United States  variant=
2018-05-24 09:03:52.681 [NJ] INFO  [JTS-Main] - Region:America
2018-05-24 09:03:52.681 [NJ] INFO  [JTS-Main] - URL for locales.jar from argument: http://www.clientam.com/java/classes/broker/lynx
2018-05-24 09:03:52.685 [NJ] INFO  [JTS-Main] - Starting to download 'http://www.clientam.com/java/classes/broker/lynx/locales.jar' using HotBackup 'http://www.clientam.com/java/classes/broker/lynx/locales.jar'
2018-05-24 09:03:52.996 [NJ] INFO  [JTS-Main] - LOCALE: needToUpdate  dest=/home/eugene/Jts/lynx10/jars/locales.jar  sourceMod=2013-02-06 12:40:45  destMod=2013-02-06 12:40:45  sourceSize=61490  destSize=61490  conditions=[NEWER_REMOTE, LOCAL_IN_FUTURE, SIZE_DIFFERS]  download=false
2018-05-24 09:03:52.996 [NJ] INFO  [JTS-Main] - LOCALE: /home/eugene/Jts/lynx10/jars/locales.jar already up-to-date
2018-05-24 09:03:53.074 [NJ] INFO  [JTS-Main] - LOCALE: loaded 9 supported locales
2018-05-24 09:03:53.093 [NJ] INFO  [JTS-Main] - LOCALE: loaded 8 countries
2018-05-24 09:03:53.098 [NJ] INFO  [JTS-Main] - Locale from ini: en
2018-05-24 09:03:53.098 [NJ] INFO  [JTS-Main] - LOCALE: created classloader java.net.URLClassLoader@222114ba with file:/home/eugene/Jts/lynx10/jars/locales.jar, parent: sun.misc.Launcher$AppClassLoader@70dea4e
2018-05-24 09:03:53.098 [NJ] INFO  [JTS-Main] - LOCALE: Property locale_to_use=en
2018-05-24 09:03:53.098 [NJ] INFO  [JTS-Main] - LOCALE: JTS Locale=en_US  country=United States  variant=
2018-05-24 09:03:53.099 [NJ] INFO  [JTS-Main] - Locale=en_US  country=United States  variant=
2018-05-24 09:03:53.102 [NJ] INFO  [JTS-Main] - prohibiting class lookup [twslaunch.ji18n.LauncherLanguage]
2018-05-24 09:03:53.103 [NJ] INFO  [JTS-Main] - prohibiting class lookup [twslaunch.ji18n.LauncherLanguage_en]
2018-05-24 09:03:53.104 [NJ] INFO  [JTS-Main] - prohibiting class lookup [twslaunch.ji18n.LauncherLanguage_en_US]
2018-05-24 09:03:53.104 [NJ] INFO  [JTS-Main] - LOCALE: type: launcher intended: en_US actual:  size: 328
2018-05-24 09:03:53.141 [NJ] INFO  [JTS-Main] - TWS installer version: 2.8
2018-05-24 09:03:53.142 [NJ] INFO  [JTS-Main] - TWS installer type: standalone-white-label
2018-05-24 09:03:53.328 [NJ] INFO  [JTS-Main] - prohibiting class lookup [org.jfree.chart.LocalizationBundle]
2018-05-24 09:03:53.377 [NJ] INFO  [JTS-Main] - prohibiting class lookup [org.jfree.chart.LocalizationBundle_en]
2018-05-24 09:03:53.378 [NJ] INFO  [JTS-Main] - prohibiting resource lookup [org/jfree/chart/LocalizationBundle_en.properties]
2018-05-24 09:03:53.378 [NJ] INFO  [JTS-Main] - prohibiting class lookup [org.jfree.chart.LocalizationBundle_en_US]
2018-05-24 09:03:53.378 [NJ] INFO  [JTS-Main] - prohibiting resource lookup [org/jfree/chart/LocalizationBundle_en_US.properties]
2018-05-24 09:03:53.378 [NJ] INFO  [JTS-Main] - prohibiting class lookup [org.jfree.chart.plot.LocalizationBundle]
2018-05-24 09:03:53.378 [NJ] INFO  [JTS-Main] - prohibiting class lookup [org.jfree.chart.plot.LocalizationBundle_en]
2018-05-24 09:03:53.378 [NJ] INFO  [JTS-Main] - prohibiting resource lookup [org/jfree/chart/plot/LocalizationBundle_en.properties]
2018-05-24 09:03:53.378 [NJ] INFO  [JTS-Main] - prohibiting class lookup [org.jfree.chart.plot.LocalizationBundle_en_US]
2018-05-24 09:03:53.379 [NJ] INFO  [JTS-Main] - prohibiting resource lookup [org/jfree/chart/plot/LocalizationBundle_en_US.properties]
2018-05-24 09:03:53.665 [NJ] INFO  [JTS-Main] - jfreechart version =1.0.8
2018-05-24 09:03:53.665 [NJ] INFO  [JTS-Main] - jcommon version =1.0.12
2018-05-24 09:03:53.666 [NJ] INFO  [JTS-Main] - JDOMFactory Class =interface org.jdom.JDOMFactory
2018-05-24 09:03:53.670 [NJ] INFO  [JTS-Main] - hsqldb jdbc =class org.hsqldb.jdbcDriver 2.2
2018-05-24 09:03:54.335 [NJ] INFO  [JTS-Main] - initPreUI() - entry
2018-05-24 09:03:54.342 [NJ] INFO  [JTS-Main] - Build 964.1a, Mar 21, 2017 4:03:11 PM
2018-05-24 09:03:54.382 [NJ] INFO  [JTS-Main] - LookAndFeelChangedListener installed
2018-05-24 09:03:54.389 [NJ] INFO  [JTS-Main] - JtsLookAndFeel initialized
2018-05-24 09:03:54.471 [NJ] INFO  [JTS-Main] - Current LAF: TWS LAF
2018-05-24 09:03:54.472 [NJ] INFO  [JTS-Main] - initPreUI() - exit
2018-05-24 09:03:54.478 [NJ] INFO  [JTS-Main] - Connect and request MiscUrls
2018-05-24 09:03:54.479 [NJ] INFO  [JTS-MiscUlrsRequester-3] - Connecting gdc1.ibllc.com:4000 timeout=0
2018-05-24 09:03:54.582 [NJ] INFO  [JTS-MiscUlrsRequester-3] - Connected to gdc1.ibllc.com:4000 on local port 0 socket local addrs:port /192.168.1.103:49894
2018-05-24 09:03:54.584 [NJ] INFO  [JTS-MiscUlrsRequester-3] - Resolving mac address
2018-05-24 09:03:54.586 [NJ] INFO  [JTS-MiscUlrsRequester-3] - MACNetworkInfo created <0186c0ec|D0:67:E5:F0:D9:45|192.168.1.103>
2018-05-24 09:03:54.588 [NJ] INFO  [JTS-MISC URLsListenerS1-4] - Starting Listener thread
2018-05-24 09:03:54.603 [NJ] INFO  [JTS-MiscUlrsRequester-3] - Sending MiscUrls request
2018-05-24 09:03:54.603 [NJ] INFO  [JTS-AuthDispatcherS1-5] - Starting dispatcher
2018-05-24 09:03:54.605 [NJ] INFO  [JTS-MiscUlrsRequester-3] - LOGIN_TIME_MONITOR	 false 09:03:54:604 since start = 0 thread delay = 0 global delay = -1 tag=null, cls=AuthDispatcher method=send
2018-05-24 09:03:54.605 [NJ] INFO  [JTS-AuthResponseMonitor-6] - Starting auth response monitor thread
2018-05-24 09:03:54.606 [NJ] INFO  [JTS-MISC URLsListenerS1-4] - Initial listener buffer size is 187200
2018-05-24 09:03:54.606 [NJ] INFO  [JTS-MISC URLsListenerS1-4] - Capping listener buffer size at 65536
2018-05-24 09:03:54.692 [NJ] INFO  [JTS-AuthDispatcherS1-5] - Received NS_MISC_URLS
2018-05-24 09:03:54.694 [NJ] INFO  [JTS-AuthDispatcherS1-5] - Received URLs ='{alpine_help=https://www.interactivebrokers.com/en/general/alpineHelp.php, ib_system_status=http://status.interactivebrokers.net/cgi-bin/bb_status.pl, customer_service=https://www.interactivebrokers.com/en/p.php?f=customerService&ib_entity=llc, wbdemo=direct, java_upgrade_howto=https://www.interactivebrokers.com/en/software/downloadPlugin.php?ib_entity=llc, demo=email, ssl=1, pass_change_ib=https://gdcdyn.interactivebrokers.com/sso/Login?service=AM.LOGIN&MSG=PWD, paper_account_creation=https://gdcdyn.interactivebrokers.com/sso/Login, pass_reset=https://gdcdyn.interactivebrokers.com/Universal/servlet/AccountAccess.PasswordReset, bingo_help=https://www.interactivebrokers.com/en/general/bingoHelp.php, pass_reset_wb=https://www.clientam.com/Universal/servlet/AccountAccess.PasswordReset, gold_help=https://www.interactivebrokers.com/en/general/goldHelp.php, s3store=1}'
2018-05-24 09:03:54.696 [NJ] INFO  [AWT-EventQueue-0] - OvernightManager.dayInit: new values: dayOfTheWeek: 5 (Thu), YYYYMMofToday: 201805, YYYYMMDDofToday: 20180524, m_todayDate: 20180524, dueToChangeInTimezone: false
2018-05-24 09:03:54.697 [NJ] INFO  [JTS-AuthDispatcherS1-5] - Disconnecting gdc1.ibllc.com:4000 with status DISCONNECT_BY_DESIGN
2018-05-24 09:03:54.697 [NJ] INFO  [JTS-AuthDispatcherS1-5] - Terminating dispatcher
2018-05-24 09:03:54.697 [NJ] INFO  [JTS-AuthResponseMonitor-6] - Terminating auth response monitor thread
2018-05-24 09:03:54.698 [NJ] INFO  [JTS-MISC URLsListenerS1-4] - Socket for connection gdc1.ibllc.com:4000 was closed by another thread
2018-05-24 09:03:54.698 [NJ] INFO  [JTS-MISC URLsListenerS1-4] - Terminating Listener thread
2018-05-24 09:03:54.707 [NJ] INFO  [AWT-EventQueue-0] - LauncherFontUpdater: simulatehighdefscreen=false
2018-05-24 09:03:54.708 [NJ] INFO  [AWT-EventQueue-0] - LauncherFontUpdater: Screen dimensions=3840x2160
2018-05-24 09:03:54.708 [NJ] INFO  [AWT-EventQueue-0] - LauncherFontUpdater: highres=true
2018-05-24 09:03:54.708 [NJ] INFO  [AWT-EventQueue-0] - LauncherFontUpdater: FontSize=0
2018-05-24 09:03:55.010 [NJ] INFO  [AWT-EventQueue-0] - twslaunch.autoupdate.serviceImpl: com.ib.tws.twslaunch.install4j.Install4jAutoUpdateService
2018-05-24 09:03:55.013 [NJ] INFO  [AWT-EventQueue-0] - updateDownloadUrl: null
2018-05-24 09:03:55.014 [NJ] INFO  [AWT-EventQueue-0] - skipUpdateCheck: null
2018-05-24 09:03:55.014 [NJ] INFO  [AWT-EventQueue-0] - nightlyEnabled: true
2018-05-24 09:03:55.014 [NJ] INFO  [AWT-EventQueue-0] - channelNameArg: null
2018-05-24 09:03:55.014 [NJ] INFO  [AWT-EventQueue-0] - channelName: latest
2018-05-24 09:03:55.014 [NJ] INFO  [AWT-EventQueue-0] - jtsConfigDir: null
2018-05-24 09:03:55.014 [NJ] INFO  [AWT-EventQueue-0] - sessionId: not set
2018-05-24 09:03:55.014 [NJ] INFO  [AWT-EventQueue-0] - apiPort: null
2018-05-24 09:03:55.014 [NJ] INFO  [AWT-EventQueue-0] - installDir: /home/eugene/Jts/lynx10/
2018-05-24 09:03:55.014 [NJ] INFO  [AWT-EventQueue-0] - exeName: null
2018-05-24 09:03:55.123 [NJ] INFO  [AWT-EventQueue-0] - Started on 20180524-08:03:55 Europe/London
2018-05-24 09:03:55.123 [NJ] INFO  [AWT-EventQueue-0] - java version = 1.8.0_60
2018-05-24 09:03:55.123 [NJ] INFO  [AWT-EventQueue-0] - sun.arch.data.model = 64
2018-05-24 09:03:55.123 [NJ] INFO  [AWT-EventQueue-0] - os = Linux
2018-05-24 09:03:55.123 [NJ] INFO  [AWT-EventQueue-0] - os architecture = 32
2018-05-24 09:03:55.123 [NJ] INFO  [AWT-EventQueue-0] - runtime = Java(TM) SE Runtime Environment
2018-05-24 09:03:55.123 [NJ] INFO  [AWT-EventQueue-0] - vendor = Oracle Corporation
2018-05-24 09:03:55.123 [NJ] INFO  [AWT-EventQueue-0] - vm name = Java HotSpot(TM) 64-Bit Server VM
2018-05-24 09:03:55.123 [NJ] INFO  [AWT-EventQueue-0] - username = 'eugene'
2018-05-24 09:03:55.264 [NJ] INFO  [AWT-EventQueue-0] - Basic init done. Login window shown
2018-05-24 09:04:01.562 [NJ] INFO  [AWT-EventQueue-0] - username = diulishzrp
2018-05-24 09:04:01.563 [NJ] INFO  [AWT-EventQueue-0] - Setting dir is /home/eugene/Jts/
2018-05-24 09:04:01.564 [NJ] INFO  [AWT-EventQueue-0] - PROXY Cleared HTTP proxy: no valid proxy is present (passing on :0)
2018-05-24 09:04:01.575 [NJ] INFO  [AWT-EventQueue-0] - host = gdc1.ibllc.com
2018-05-24 09:04:01.575 [NJ] INFO  [AWT-EventQueue-0] - remotePort = 4000
2018-05-24 09:04:01.575 [NJ] INFO  [AWT-EventQueue-0] - localPort = 0
2018-05-24 09:04:01.577 [NJ] INFO  [AWT-EventQueue-0] - SPLASH Creating screen with 16 steps
2018-05-24 09:04:01.660 [NJ] INFO  [AWT-EventQueue-0] - mapProdToPaper: m_simulatedTradingModeSelected=false
2018-05-24 09:04:01.660 [NJ] INFO  [AWT-EventQueue-0] - CONN CALC: Last connection attempt time is cleared!
2018-05-24 09:04:01.660 [NJ] INFO  [AWT-EventQueue-0] - CONN CALC: Last connection set as now:09:04:01:660
2018-05-24 09:04:01.660 [NJ] INFO  [AWT-EventQueue-0] - Prelogin delay:0
2018-05-24 09:04:01.662 [NJ] INFO  [JTS-Login-10] - Starting launcher login thread
2018-05-24 09:04:01.662 [NJ] INFO  [JTS-Login-10] - SPLASH Connecting to server
2018-05-24 09:04:01.663 [NJ] INFO  [AWT-EventQueue-0] - Network monitor is activated
2018-05-24 09:04:01.663 [NJ] INFO  [JTS-Login-10] - Connecting gdc1.ibllc.com:4000 timeout=20000
2018-05-24 09:04:01.749 [NJ] INFO  [JTS-Login-10] - Connected to gdc1.ibllc.com:4000 on local port 0 socket local addrs:port /192.168.1.103:49900
2018-05-24 09:04:01.760 [NJ] INFO  [JTS-Login-10] - NSCX init:false
2018-05-24 09:04:01.760 [NJ] INFO  [JTS-Login-10] - Changing state for connection from PRELOGON to PRELOGON in y 1623502316: SessionSocket:2
2018-05-24 09:04:01.760 [NJ] INFO  [JTS-Login-10] - Authenticating
2018-05-24 09:04:01.761 [NJ] INFO  [JTS-CCPListenerS2-12] - Starting Listener thread
2018-05-24 09:04:01.761 [NJ] INFO  [JTS-Login-10] - AuthTimeoutMonitor: deactivate
2018-05-24 09:04:01.761 [NJ] INFO  [JTS-Login-10] - AuthTimeoutMonitor: timeout=20000
2018-05-24 09:04:01.762 [NJ] INFO  [JTS-Login-10] - AuthTimeoutMonitor: activate
2018-05-24 09:04:01.762 [NJ] INFO  [JTS-AuthTimeoutMonitorThread-14] - Starting auth timeout monitor thread
2018-05-24 09:04:01.762 [NJ] INFO  [JTS-Login-10] - SPLASH -0001 step 1 AuthDispatcher.connect
2018-05-24 09:04:01.762 [NJ] INFO  [JTS-Login-10] - Sending connect request
2018-05-24 09:04:01.763 [NJ] INFO  [JTS-AuthDispatcherS2-13] - Starting dispatcher
2018-05-24 09:04:01.765 [NJ] INFO  [JTS-Login-10] - SPLASH Authenticating
2018-05-24 09:04:01.765 [NJ] INFO  [JTS-CCPListenerS2-12] - Initial listener buffer size is 187200
2018-05-24 09:04:01.765 [NJ] INFO  [JTS-CCPListenerS2-12] - Capping listener buffer size at 65536
2018-05-24 09:04:01.766 [NJ] INFO  [JTS-Login-10] - Terminating launcher login thread
2018-05-24 09:04:01.874 [NJ] INFO  [JTS-AuthDispatcherS2-13] - cert #0 subject:CN=tws.ibllc.com,OU=tws.ibllc.com,O=IBLLC,C=US	issuer:CN=prod.ckg.ibllc.com,O=Interactive Brokers LLC,L=Greenwich,ST=Connecticut,C=US	notBefore:20180523-15:13:59 Europe/London	notAfter:20180525-23:13:59 Europe/London
2018-05-24 09:04:01.875 [NJ] INFO  [JTS-AuthDispatcherS2-13] - cert #1 subject:CN=prod.ckg.ibllc.com,O=Interactive Brokers LLC,L=Greenwich,ST=Connecticut,C=US	issuer:CN=DigiCert SHA2 Secure Server CA,O=DigiCert Inc,C=US	notBefore:20150806-01:00:00 Europe/London	notAfter:20180810-13:00:00 Europe/London
2018-05-24 09:04:01.875 [NJ] INFO  [JTS-AuthDispatcherS2-13] - cert #2 subject:CN=DigiCert SHA2 Secure Server CA,O=DigiCert Inc,C=US	issuer:CN=DigiCert Global Root CA,OU=www.digicert.com,O=DigiCert Inc,C=US	notBefore:20130308-12:00:00 Europe/London	notAfter:20230308-12:00:00 Europe/London
2018-05-24 09:04:01.876 [NJ] INFO  [JTS-AuthDispatcherS2-13] - Current time is: 20180524-08:04:01 Europe/London
2018-05-24 09:04:01.981 [NJ] INFO  [JTS-AuthDispatcherS2-13] - CipherContext initialization successed.
2018-05-24 09:04:02.105 [NJ] INFO  [JTS-AuthDispatcherS2-13] - SPLASH 0342 step 2 AuthDispatcher.send
2018-05-24 09:04:02.194 [NJ] INFO  [JTS-AuthDispatcherS2-13] - Received NS_AUTH_START: 1
2018-05-24 09:04:02.195 [NJ] INFO  [JTS-AuthDispatcherS2-13] - pwd time to expiry ms: 2575230958000 days: 29806
2018-05-24 09:04:02.195 [NJ] INFO  [JTS-AuthDispatcherS2-13] - Long pwd allowed : true
2018-05-24 09:04:02.195 [NJ] INFO  [JTS-AuthDispatcherS2-13] -  NS_AUTH_START version=28 pwd=1 soft=0 token=3 tokenSubtype=0 initialTokenType=PWD authenticationType=MARKET_DATA_CONNECTION identityHashcode=539790110
2018-05-24 09:04:02.196 [NJ] INFO  [JTS-AuthDispatcherS2-13] - Starting password Authentication
2018-05-24 09:04:02.196 [NJ] INFO  [JTS-AuthDispatcherS2-13] - sendXYZMessage: 777
2018-05-24 09:04:02.287 [NJ] INFO  [JTS-AuthDispatcherS2-13] - Receiver: 777
2018-05-24 09:04:02.287 [NJ] INFO  [JTS-AuthDispatcherS2-13] - processXYZMessage: 777 protocol version: 28
2018-05-24 09:04:02.287 [NJ] INFO  [JTS-AuthDispatcherS2-13] - Received AUTH_PARAMS
2018-05-24 09:04:02.288 [NJ] INFO  [JTS-AuthDispatcherS2-13] - sendXYZMessage: 777
2018-05-24 09:04:02.375 [NJ] INFO  [JTS-AuthDispatcherS2-13] - SPLASH 0270 step 3 AuthDispatcher.processDataItr
2018-05-24 09:04:02.375 [NJ] INFO  [JTS-AuthDispatcherS2-13] - Receiver: 777
2018-05-24 09:04:02.375 [NJ] INFO  [JTS-AuthDispatcherS2-13] - processXYZMessage: 777 protocol version: 28
2018-05-24 09:04:02.375 [NJ] INFO  [JTS-AuthDispatcherS2-13] - Received SERVER_PARAMS
2018-05-24 09:04:02.377 [NJ] INFO  [JTS-AuthDispatcherS2-13] - Session Token received in AuthenticationMessageXYZ: e54cddde04991e44c2b68b24b4caff94db4349c4  messageId=SERVER_KEY (4)
2018-05-24 09:04:02.378 [NJ] INFO  [JTS-AuthDispatcherS2-13] - sendXYZMessage: 777
2018-05-24 09:04:02.464 [NJ] INFO  [JTS-AuthDispatcherS2-13] - Receiver: 777
2018-05-24 09:04:02.464 [NJ] INFO  [JTS-AuthDispatcherS2-13] - processXYZMessage: 777 protocol version: 28
2018-05-24 09:04:02.464 [NJ] INFO  [JTS-AuthDispatcherS2-13] - Received AUTH_RESULT
2018-05-24 09:04:02.464 [NJ] INFO  [JTS-AuthDispatcherS2-13] - Passed pwd authentication.
2018-05-24 09:04:02.464 [NJ] INFO  [JTS-AuthDispatcherS2-13] - sendXYZMessage: 773
2018-05-24 09:04:02.556 [NJ] INFO  [JTS-AuthDispatcherS2-13] - Receiver: 773
2018-05-24 09:04:02.556 [NJ] INFO  [JTS-AuthDispatcherS2-13] - processXYZMessage: 773 protocol version: 28
2018-05-24 09:04:02.556 [NJ] INFO  [JTS-AuthDispatcherS2-13] - Received CHALLENGE: 367
2018-05-24 09:04:02.556 [NJ] INFO  [JTS-AuthDispatcherS2-13] - AuthTimeoutMonitor: pause
2018-05-24 09:04:18.639 [NJ] INFO  [AWT-EventQueue-0] - Response: ***
2018-05-24 09:04:18.639 [NJ] INFO  [AWT-EventQueue-0] - AuthTimeoutMonitor: resume, idleTime=16083
2018-05-24 09:04:18.640 [NJ] INFO  [AWT-EventQueue-0] - sendXYZMessage: 773
2018-05-24 09:04:18.640 [NJ] INFO  [AWT-EventQueue-0] - SPLASH 16266 step 4 AuthDispatcher.send
2018-05-24 09:04:18.727 [NJ] INFO  [JTS-AuthDispatcherS2-13] - Receiver: 773
2018-05-24 09:04:18.727 [NJ] INFO  [JTS-AuthDispatcherS2-13] - processXYZMessage: 773 protocol version: 28
2018-05-24 09:04:18.727 [NJ] INFO  [JTS-AuthDispatcherS2-13] - Received Result
2018-05-24 09:04:18.727 [NJ] INFO  [JTS-AuthDispatcherS2-13] - Passed token authentication.
2018-05-24 09:04:18.811 [NJ] INFO  [JTS-AuthDispatcherS2-13] - Receiver: 771
2018-05-24 09:04:18.811 [NJ] INFO  [JTS-AuthDispatcherS2-13] - processXYZMessage: 771 protocol version: 28
2018-05-24 09:04:18.812 [NJ] INFO  [JTS-AuthDispatcherS2-13] - Received Finish
2018-05-24 09:04:18.812 [NJ] INFO  [JTS-AuthDispatcherS2-13] - Finished authentication.
2018-05-24 09:04:18.812 [NJ] INFO  [JTS-AuthDispatcherS2-13] - Authentication completed.
2018-05-24 09:04:18.812 [NJ] INFO  [JTS-AuthDispatcherS2-13] - setting session token in AuthenticationHandler: authenticationType=MARKET_DATA_CONNECTION hashCode=539790110 new=e54cddde04991e44c2b68b24b4caff94db4349c4 old=NULL ctciOld=NULL
2018-05-24 09:04:18.812 [NJ] INFO  [JTS-AuthDispatcherS2-13] - Received NS_CONNECT_RESPONSE
2018-05-24 09:04:18.812 [NJ] INFO  [JTS-AuthDispatcherS2-13] - Log encryption support is disabled [logKeyId: ].
2018-05-24 09:04:18.898 [NJ] INFO  [JTS-AuthDispatcherS2-13] - SPLASH 0258 step 5 AuthDispatcher.processDataItr
2018-05-24 09:04:18.898 [NJ] INFO  [JTS-AuthDispatcherS2-13] - Received NS_FIX_START
2018-05-24 09:04:18.899 [NJ] INFO  [JTS-AuthDispatcherS2-13] - Terminating dispatcher
2018-05-24 09:04:18.900 [NJ] INFO  [JTS-AuthTimeoutMonitorThread-14] - Terminating auth timeout monitor thread
2018-05-24 09:04:18.900 [NJ] INFO  [JTS-PostAuthenticateS2-20] - AuthTimeoutMonitor: deactivate
2018-05-24 09:04:18.900 [NJ] INFO  [JTS-PostAuthenticateS2-20] - Authentication complete
2018-05-24 09:04:18.901 [NJ] INFO  [JTS-PostAuthenticateS2-20] - Starting FIX logon [sessionId: 2]...
2018-05-24 09:04:18.901 [NJ] INFO  [JTS-PostAuthenticateS2-20] - Creating a FixLogonHandlerFactory instance...
2018-05-24 09:04:18.903 [NJ] INFO  [JTS-PostAuthenticateS2-20] - Instance created.
2018-05-24 09:04:18.910 [NJ] INFO  [JTS-PostAuthenticateS2-20] - jfreechart version =1.0.8
2018-05-24 09:04:18.910 [NJ] INFO  [JTS-PostAuthenticateS2-20] - jcommon version =1.0.12
2018-05-24 09:04:18.910 [NJ] INFO  [JTS-PostAuthenticateS2-20] - JDOMFactory Class =interface org.jdom.JDOMFactory
2018-05-24 09:04:18.910 [NJ] INFO  [JTS-PostAuthenticateS2-20] - hsqldb jdbc =class org.hsqldb.jdbcDriver 2.2
2018-05-24 09:04:18.912 [NJ] INFO  [JTS-PostAuthenticateS2-20] - Changing state for connection from PRELOGON to PRELOGON in y 1623502316: SessionSocket:2
2018-05-24 09:04:18.912 [NJ] INFO  [JTS-PostAuthenticateS2-20] - Switching to a new log '/home/eugene/Jts/diulishzrp/tws.log'...
