2017-06-29 07:59:22.093 [LV] INFO  [JTS-DeadlockMonitor-22] - Memory:total=716,288KB free=442,831KB HeapUsage: Max=716,288KB used=273,456KB committed=716,288KB NonHeapUsage: Max=0KB used=294,617KB committed=299,368KB
2017-06-29 07:59:23.094 [LV] INFO  [JTS-CCPPingS2-25] - Warning: not received heartbeat at 21939000 elapsed:11000
2017-06-29 07:59:23.533 [LV] INFO  [JTS-DeadlockMonitor-22] - CPU:cur=0.21% avg=1.16% 30 min avg=0.21% 5 min avg=0.21% 1 min avg=0.21%
GC:called=879 times CPU used=0.03%
Finalizer:cur=0.00% avg=0.00% 30 min avg=0.00% 5 min avg=0.00% 1 min avg=0.00%
Threads Count:curr live=105 curr daemon=40
2017-06-29 07:59:24.096 [LV] INFO  [JTS-CCPPingS2-25] - Warning: not received heartbeat at 21940000 elapsed:12000
2017-06-29 07:59:24.581 [LV] INFO  [JTS-Clock-26] - SYSTEM CLOCK HAS BEEN CHANGED BY USER; RESETTING TIME OFFSET TO ZERO
2017-06-29 07:59:25.096 [LV] INFO  [JTS-CCPPingS2-25] - Warning: not received heartbeat at 21941000 elapsed:13000
2017-06-29 07:59:26.096 [LV] INFO  [JTS-CCPPingS2-25] - Warning: not received heartbeat at 21942000 elapsed:14000
2017-06-29 07:59:27.097 [LV] INFO  [JTS-CCPPingS2-25] - Warning: sending test request at 21943000
2017-06-29 07:59:27.852 [LV] INFO  [AWT-EventQueue-0] - cdebug: LIQUID_HOURS | ChartPanel9 | Updating chart for new trading day | NQ SEP'17 Futures
2017-06-29 07:59:27.885 [LV] INFO  [AWT-EventQueue-0] - EXEC Refreshing exec report table model from report mgr main model 365858936
2017-06-29 07:59:27.885 [LV] INFO  [JTS-ExecNotifier-37] - EXEC Received end-of-loop marker main model 365858936
2017-06-29 07:59:27.885 [LV] INFO  [AWT-EventQueue-0] - Start adding 0 combo positions
2017-06-29 07:59:27.900 [LV] INFO  [AWT-EventQueue-0] - cdebug: QUERY | qm@6ace6817 | gap-fill | null | 1498705127900 | 1498716000000 | true | 0
2017-06-29 07:59:27.901 [LV] INFO  [AWT-EventQueue-0] - cdebug: DATA | dm@ee0f765 | dataReady | false
2017-06-29 07:59:27.901 [LV] INFO  [AWT-EventQueue-0] - HotBackupStatusManager: observing sites size=1
2017-06-29 07:59:27.901 [LV] INFO  [JTS-HmdsCacheDispatcher-182] - cdebug: CACHE | request | ChartPanel9;;NQU7@GLOBEX Trades;;3;;true;;0;;M | cache27;;NQU7@GLOBEX Trades;;0;;true;;0;;M
2017-06-29 07:59:27.901 [LV] INFO  [JTS-HmdsCacheDispatcher-182] - cdebug: QUERY | passthrough63 | Incoming | q(cache27;;NQU7@GLOBEX Trades;;0;;true;;0;;M 236950080@GLOBEX FUT src:Trades len:10873 S step:1 min +refresh) | passthrough63;;NQU7@GLOBEX Trades;;0;;true;;0;;M
2017-06-29 07:59:27.901 [LV] INFO  [JTS-HmdsCacheDispatcher-182] - cdebug: QUERY | passthrough63 | -4-1/8 Transmitting | q(passthrough63;;NQU7@GLOBEX Trades;;0;;true;;0;;M 236950080@GLOBEX FUT src:Trades len:10873 S step:1 min +refresh) | 0
2017-06-29 07:59:27.902 [LV] INFO  [JTS-HmdsCacheDispatcher-182] - cdebug: QUERY | passthrough63 | Routed | q(passthrough63;;NQU7@GLOBEX Trades;;0;;true;;0;;M 236950080@GLOBEX FUT src:Trades len:10873 S step:1 min +refresh) | cache27;;NQU7@GLOBEX Trades;;0;;true;;0;;M | hmdscore.cache.n@178f3e9f
2017-06-29 07:59:27.902 [LV] INFO  [JTS-HotBackupStatusManager-ProbeThread-3661] - JTS-HotBackupStatusManager-ProbeThread-3661 Starting URLs probing:[gdc1_hb1.ibllc.com:4000]
2017-06-29 07:59:27.907 [LV] INFO  [JTS-HotBackupStatusManager-ProbeThread-3661] - Failed to probe:gdc1_hb1.ibllc.com:4000
2017-06-29 07:59:27.907 [LV] INFO  [JTS-HotBackupStatusManager-ProbeThread-3661] - JTS-HotBackupStatusManager-ProbeThread-3661 Probing of one or more hosts failed. Attempt=1. Sleeping 300s before next attempt
2017-06-29 07:59:27.914 [LV] INFO  [AWT-EventQueue-0] - HotBackupStatusManager: gdc1_hb1.ibllc.com:Unknown->Unknown
2017-06-29 07:59:27.914 [LV] INFO  [AWT-EventQueue-0] - EXEC Sorting now  main model 365858936
2017-06-29 07:59:28.097 [LV] INFO  [JTS-CCPPingS2-25] - Warning: not received heartbeat at 21944000 elapsed:16000
2017-06-29 07:59:29.097 [LV] INFO  [JTS-CCPPingS2-25] - Warning: not received heartbeat at 21945000 elapsed:17000
2017-06-29 07:59:29.113 [LV] INFO  [JTS-AWT-Monitor-21] - ---------- Threads CPU Usage ----------
2017-06-29 07:59:29.113 [LV] INFO  [JTS-AWT-Monitor-21] - 
AWT-EventQueue-0 [main] RUNNABLE :                        CPU Usage 1.88 Used 94 During 5000 ms

Image Animator 3 [main] TIMED_WAITING :                   CPU Usage 0.83 Used 41 During 5000 ms

JavaFX Application Thread [main] RUNNABLE :               CPU Usage 0.07 Used 3 During 5000 ms

JTS-QuickMktDataWrapper-91 [main] WAITING :               CPU Usage 0.06 Used 2 During 5000 ms

JTS-AWT-Monitor-21 [main] RUNNABLE :                      CPU Usage 0.04 Used 2 During 5000 ms

JTS-ChartWin-Time-70 [main] TIMED_WAITING :               CPU Usage 0.03 Used 1 During 5000 ms

JTS-FarmStatusUpdater-94 [main] WAITING :                 CPU Usage 0.02 Used 0 During 5000 ms

JTS-HmdsCacheDispatcher-182 [main] WAITING :              CPU Usage 0.02 Used 0 During 5000 ms

JTS-DeadlockMonitor-22 [main] TIMED_WAITING :             CPU Usage 0.02 Used 0 During 5000 ms

JTS-TimerQueue-7 [main] TIMED_WAITING :                   CPU Usage 0.02 Used 0 During 5000 ms

JTS-CCPPingS2-25 [main] TIMED_WAITING :                   CPU Usage 0.01 Used 0 During 5000 ms

JTS-StatusTime-67 [main] TIMED_WAITING :                  CPU Usage 0.01 Used 0 During 5000 ms

NIA-Output-Queue-1 [main] TIMED_WAITING :                 CPU Usage 0.01 Used 0 During 5000 ms

JTS-HmdsCacheProcessor-181 [main] WAITING :               CPU Usage 0.01 Used 0 During 5000 ms

JTS-ExecNotifier-37 [main] WAITING :                      CPU Usage 0.00 Used 0 During 5000 ms

HSQLDB Timer @69785097 [main] TIMED_WAITING :             CPU Usage 0.00 Used 0 During 5000 ms

JTS-Clock-26 [main] TIMED_WAITING :                       CPU Usage 0.00 Used 0 During 5000 ms

NIA-Input-Queue-2 [main] TIMED_WAITING :                  CPU Usage 0.00 Used 0 During 5000 ms

JTS-HmdsCacheTimer-180 [main] TIMED_WAITING :             CPU Usage 0.00 Used 0 During 5000 ms

Timer-0 [main] TIMED_WAITING :                            CPU Usage 0.00 Used 0 During 5000 ms

JTS-TimedMapCompressorLib-1 [main] TIMED_WAITING :        CPU Usage 0.00 Used 0 During 5000 ms

QuantumRenderer-0 [main] WAITING :                        CPU Usage 0.00 Used 0 During 5000 ms

Thread-5 [main] WAITING :                                 CPU Usage 0.00 Used 0 During 5000 ms

JTS-GC-2 [main] WAITING :                                 CPU Usage 0.00 Used 0 During 5000 ms

DestroyJavaVM [main] RUNNABLE :                           CPU Usage 0.00 Used 0 During 5000 ms

JTS-CCPListenerS2-12 [main] RUNNABLE :                    CPU Usage 0.00 Used 0 During 5000 ms

JTS-TimedMapCompressor-20 [main] WAITING :                CPU Usage 0.00 Used 0 During 5000 ms

JTS-Order-Audit-23 [main] WAITING :                       CPU Usage 0.00 Used 0 During 5000 ms

JTS-LastTradeAgeUpdater-33 [main] WAITING :               CPU Usage 0.00 Used 0 During 5000 ms

JTS-Async-29 [main] WAITING :                             CPU Usage 0.00 Used 0 During 5000 ms

JTS-AsyncNonLocked-30 [main] WAITING :                    CPU Usage 0.00 Used 0 During 5000 ms

JTS-ChartOrderProcessor-31 [main] WAITING :               CPU Usage 0.00 Used 0 During 5000 ms

JTS-Cleaner-34 [main] TIMED_WAITING :                     CPU Usage 0.00 Used 0 During 5000 ms

JTS-CCPDispatcherS2-36 [main] WAITING :                   CPU Usage 0.00 Used 0 During 5000 ms

JTS-PeriodicProcessor-38 [main] WAITING :                 CPU Usage 0.00 Used 0 During 5000 ms

JTS-NewsFetcher-39 [main] WAITING :                       CPU Usage 0.00 Used 0 During 5000 ms

JTS-AWTThreadSnoozer-40 [main] TIMED_WAITING :            CPU Usage 0.00 Used 0 During 5000 ms

JTS-TypeAheadSecDefProcessor-41 [main] WAITING :          CPU Usage 0.00 Used 0 During 5000 ms

JTS-NewsReaderRequest-44 [main] WAITING :                 CPU Usage 0.00 Used 0 During 5000 ms

JTS-EndSession-45 [main] TIMED_WAITING :                  CPU Usage 0.00 Used 0 During 5000 ms

JTS-Fuse-UpdateCurrentDate-46 [main] TIMED_WAITING :      CPU Usage 0.00 Used 0 During 5000 ms

JTS-MDKeepAlive-47 [main] WAITING :                       CPU Usage 0.00 Used 0 During 5000 ms

JTS-CommonScheduler-53 [main] TIMED_WAITING :             CPU Usage 0.00 Used 0 During 5000 ms

JTS-ActivityBus-32 [main] WAITING :                       CPU Usage 0.00 Used 0 During 5000 ms

JTS-NonCritical-66 [main] TIMED_WAITING :                 CPU Usage 0.00 Used 0 During 5000 ms

JTS-UIThreadPacer-68 [main] WAITING :                     CPU Usage 0.00 Used 0 During 5000 ms

JTS-NewsUpdater-SharedTimer-69 [main] WAITING :           CPU Usage 0.00 Used 0 During 5000 ms

JTS-PBIWatchdog-54 [main] WAITING :                       CPU Usage 0.00 Used 0 During 5000 ms

JTS-MktDataWrapper-75 [main] WAITING :                    CPU Usage 0.00 Used 0 During 5000 ms

JTS-DailyCalcContractMultChecker-76 [main] WAITING :      CPU Usage 0.00 Used 0 During 5000 ms

JTS-DailyCalcPriceAtMidnightChecker-77 [main] WAITING :   CPU Usage 0.00 Used 0 During 5000 ms

JTS-OutOfOrderMidnightPriceChecker-78 [main] WAITING :    CPU Usage 0.00 Used 0 During 5000 ms

JTS-secdefusListenerS6-84 [main] RUNNABLE :               CPU Usage 0.00 Used 0 During 5000 ms

JTS-secdefusDispatcherS6-85S6-86 [main] WAITING :         CPU Usage 0.00 Used 0 During 5000 ms

JTS-usfarmListenerS3-95 [main] RUNNABLE :                 CPU Usage 0.00 Used 0 During 5000 ms

JTS-usfarmDispatcherS3-96 [main] WAITING :                CPU Usage 0.00 Used 0 During 5000 ms

JTS-usfarmServicePingS3-97 [main] TIMED_WAITING :         CPU Usage 0.00 Used 0 During 5000 ms

JTS-NewsMgrExecutor-98 [main] WAITING :                   CPU Usage 0.00 Used 0 During 5000 ms

JTS-eufarmListenerS7-102 [main] RUNNABLE :                CPU Usage 0.00 Used 0 During 5000 ms

JTS-eufarmDispatcherS7-103S7-104 [main] WAITING :         CPU Usage 0.00 Used 0 During 5000 ms

JTS-secdefusServicePingS6-107 [main] TIMED_WAITING :      CPU Usage 0.00 Used 0 During 5000 ms

JTS-ushmdsListenerS5-119 [main] RUNNABLE :                CPU Usage 0.00 Used 0 During 5000 ms

JTS-ushmdsDispatcherS5-120 [main] WAITING :               CPU Usage 0.00 Used 0 During 5000 ms

JTS-ushmdsServicePingS5-121 [main] TIMED_WAITING :        CPU Usage 0.00 Used 0 During 5000 ms

JTS-RecordNotifier-35 [main] WAITING :                    CPU Usage 0.00 Used 0 During 5000 ms

FYIEngine :0 [main] WAITING :                             CPU Usage 0.00 Used 0 During 5000 ms

JTS-eufarmServicePingS7-128 [main] TIMED_WAITING :        CPU Usage 0.00 Used 0 During 5000 ms

JTS-BladeMouseHandler-135 [main] WAITING :                CPU Usage 0.00 Used 0 During 5000 ms

JTS-usfutureListenerS10-136 [main] RUNNABLE :             CPU Usage 0.00 Used 0 During 5000 ms

JTS-usfutureDispatcherS10-137S10-138 [main] WAITING :     CPU Usage 0.00 Used 0 During 5000 ms

JTS-Liquid Hours Requestor-142 [main] WAITING :           CPU Usage 0.00 Used 0 During 5000 ms

JTS-Liquid Hours Requestor-143 [main] WAITING :           CPU Usage 0.00 Used 0 During 5000 ms

JTS-euhmdsListenerS11-144 [main] RUNNABLE :               CPU Usage 0.00 Used 0 During 5000 ms

JTS-euhmdsDispatcherS11-145S11-146 [main] WAITING :       CPU Usage 0.00 Used 0 During 5000 ms

JTS-TimedThreadMonitor-149 [main] WAITING :               CPU Usage 0.00 Used 0 During 5000 ms

JTS-PaidPeriodicFetcher-150 [main] WAITING :              CPU Usage 0.00 Used 0 During 5000 ms

JTS-euhmdsServicePingS11-151 [main] TIMED_WAITING :       CPU Usage 0.00 Used 0 During 5000 ms

JTS-usfutureServicePingS10-152 [main] TIMED_WAITING :     CPU Usage 0.00 Used 0 During 5000 ms

JTS-fundfarmListenerS12-154 [main] RUNNABLE :             CPU Usage 0.00 Used 0 During 5000 ms

JTS-fundfarmDispatcherS12-155S12-156 [main] WAITING :     CPU Usage 0.00 Used 0 During 5000 ms

JTS-fundfarmServicePingS12-161 [main] TIMED_WAITING :     CPU Usage 0.00 Used 0 During 5000 ms

JTS-ilhmdsListenerS13-163 [main] RUNNABLE :               CPU Usage 0.00 Used 0 During 5000 ms

JTS-ilhmdsDispatcherS13-164S13-165 [main] WAITING :       CPU Usage 0.00 Used 0 During 5000 ms

JTS-ilhmdsServicePingS13-178 [main] TIMED_WAITING :       CPU Usage 0.00 Used 0 During 5000 ms

JTS-ThreadAnimationHandler-188 [main] WAITING :           CPU Usage 0.00 Used 0 During 5000 ms

JTS-SSO authenticator-202 [main] WAITING :                CPU Usage 0.00 Used 0 During 5000 ms

JTS-SubscriptionUpdatePacer-220 [main] WAITING :          CPU Usage 0.00 Used 0 During 5000 ms

Media Resource Disposer [main] WAITING :                  CPU Usage 0.00 Used 0 During 5000 ms

JTS-ExecCommissionSave-222 [main] WAITING :               CPU Usage 0.00 Used 0 During 5000 ms

Nia-BaseTime [main] TIMED_WAITING :                       CPU Usage 0.00 Used 0 During 5000 ms

JTS-IASession-1 [main] WAITING :                          CPU Usage 0.00 Used 0 During 5000 ms

JTS-Model-Notifier-304 [main] WAITING :                   CPU Usage 0.00 Used 0 During 5000 ms

JTS-usfarm.usListenerS19-1461 [main] RUNNABLE :           CPU Usage 0.00 Used 0 During 5000 ms

JTS-usfarm.usDispatcherS19-1462S19-1463 [main] WAITING :  CPU Usage 0.00 Used 0 During 5000 ms

JTS-usfarm.usServicePingS19-1469 [main] TIMED_WAITING :   CPU Usage 0.00 Used 0 During 5000 ms

JTS-cashfarmListenerS20-3614 [main] RUNNABLE :            CPU Usage 0.00 Used 0 During 5000 ms

JTS-cashfarmDispatcherS20-3615S20-3616 [main] WAITING :   CPU Usage 0.00 Used 0 During 5000 ms

JTS-cashfarmServicePingS20-3620 [main] TIMED_WAITING :    CPU Usage 0.00 Used 0 During 5000 ms


2017-06-29 07:59:30.097 [LV] INFO  [JTS-CCPPingS2-25] - Warning: not received heartbeat at 21946000 elapsed:18000
2017-06-29 07:59:31.097 [LV] INFO  [JTS-CCPPingS2-25] - Warning: not received heartbeat at 21947000 elapsed:19000
2017-06-29 07:59:32.098 [LV] INFO  [JTS-CCPPingS2-25] - Warning: not received heartbeat at 21948000 elapsed:20000
2017-06-29 07:59:33.098 [LV] INFO  [JTS-CCPPingS2-25] - Warning: not received heartbeat at 21949000 elapsed:21000
2017-06-29 07:59:34.098 [LV] INFO  [JTS-CCPPingS2-25] - Warning: not received heartbeat at 21950000 elapsed:22000
2017-06-29 07:59:35.098 [LV] INFO  [JTS-CCPPingS2-25] - Warning: not received heartbeat at 21951000 elapsed:23000
2017-06-29 07:59:36.098 [LV] INFO  [JTS-CCPPingS2-25] - Warning: not received heartbeat at 21952000 elapsed:24000
2017-06-29 07:59:37.099 [LV] INFO  [JTS-CCPPingS2-25] - Warning: not received heartbeat at 21953000 elapsed:25000
2017-06-29 07:59:38.099 [LV] INFO  [JTS-CCPPingS2-25] - Warning: not received heartbeat at 21954000 elapsed:26000
2017-06-29 07:59:39.099 [LV] INFO  [JTS-CCPPingS2-25] - Warning: not received heartbeat at 21955000 elapsed:27000
2017-06-29 07:59:40.099 [LV] INFO  [JTS-CCPPingS2-25] - Warning: not received heartbeat at 21956000 elapsed:28000
2017-06-29 07:59:41.099 [LV] INFO  [JTS-CCPPingS2-25] - Warning: not received heartbeat at 21957000 elapsed:29000
2017-06-29 07:59:42.100 [LV] INFO  [JTS-CCPPingS2-25] - Warning: not received heartbeat at 21958000 elapsed:30000
2017-06-29 07:59:43.100 [LV] INFO  [JTS-CCPPingS2-25] - Warning: not received heartbeat at 21959000 elapsed:31000
2017-06-29 07:59:44.100 [LV] INFO  [JTS-CCPPingS2-25] - Warning: not received heartbeat at 21960000 elapsed:32000
2017-06-29 07:59:45.100 [LV] INFO  [JTS-CCPPingS2-25] - Warning: not received heartbeat at 21961000 elapsed:33000
2017-06-29 07:59:45.598 [LV] INFO  [JTS-Cleaner-34] - market data wrapper, cleaning maps
2017-06-29 07:59:46.100 [LV] INFO  [JTS-CCPPingS2-25] - Warning: not received heartbeat at 21962000 elapsed:34000
2017-06-29 07:59:47.101 [LV] INFO  [JTS-CCPPingS2-25] - Warning: not received heartbeat at 21963000 elapsed:35000
2017-06-29 07:59:48.101 [LV] INFO  [JTS-CCPPingS2-25] - It's time to reset the connection.
2017-06-29 07:59:48.101 [LV] INFO  [JTS-CCPPingS2-25] - Disconnecting gdc1.ibllc.com:4000 with status NO_PING_RESPONSE
2017-06-29 07:59:48.101 [LV] INFO  [JTS-CCPPingS2-25] - AuthTimeoutMonitor: deactivate
2017-06-29 07:59:48.101 [LV] INFO  [JTS-CCPDispatcherS2-36] - Terminating dispatcher
2017-06-29 07:59:48.101 [LV] INFO  [JTS-CCPListenerS2-12] - Socket for connection gdc1.ibllc.com:4000 was closed by another thread
2017-06-29 07:59:48.104 [LV] INFO  [JTS-CCPPingS2-25] - SPLASH Creating mini screen for reconnect
2017-06-29 07:59:48.104 [LV] INFO  [JTS-CCPPingS2-25] - LOGIN_TIME_MONITOR	 false 07:59:48:104 since start = 53810611 thread delay = 53810611 global delay = 0 tag=TURN OFF, cls=DelayReporter method=turnOff
2017-06-29 07:59:48.105 [LV] INFO  [JTS-CCPPingS2-25] - CONN CALC: Last connection attempt time is cleared!
2017-06-29 07:59:48.105 [LV] INFO  [JTS-CCPPingS2-25] - CONN CALC: Last connection set as now:07:59:48:105
2017-06-29 07:59:48.105 [LV] INFO  [JTS-CCPPingS2-25] - HTBP Disconnected from live peer!:gdc1.ibllc.com:4000
2017-06-29 07:59:48.105 [LV] INFO  [JTS-CCPPingS2-25] - CONN CALC: Last disconnect time set as now:07:59:48:105
2017-06-29 07:59:48.106 [LV] INFO  [JTS-CCPPingS2-25] - Terminating ping thread
2017-06-29 07:59:48.106 [LV] INFO  [JTS-Fuse-Reconnect-3663] - Prelogin delay:0
2017-06-29 07:59:48.106 [LV] INFO  [JTS-Login-3665] - Starting launcher login thread
2017-06-29 07:59:48.106 [LV] INFO  [JTS-CCPListenerS2-12] - Terminating Listener thread
2017-06-29 07:59:48.107 [LV] INFO  [JTS-Login-3665] - AsyncDisconnectNotifiers:1
2017-06-29 07:59:48.107 [LV] INFO  [JTS-Login-3665] - Waiting asyncDisconnectNotifiers:JTS-DisconnectedS2-3664
2017-06-29 07:59:48.113 [LV] INFO  [JTS-DisconnectedS2-3664] - Before clearing batch requets for:2 settings-state:true settings:0
2017-06-29 07:59:48.113 [LV] INFO  [JTS-DisconnectedS2-3664] - Connection to ccp disconnected.
2017-06-29 07:59:48.113 [LV] INFO  [JTS-DisconnectedS2-3664] - Storing background batch requests for retry:[]
2017-06-29 07:59:48.130 [LV] INFO  [AWT-EventQueue-0] - SPLASH Connecting to server
2017-06-29 07:59:48.137 [LV] INFO  [AWT-EventQueue-0] - Check settings BatchRequests are back:2 res:true
2017-06-29 07:59:48.137 [LV] INFO  [AWT-EventQueue-0] - Saving factory settings. RestoreAllInCurrentWorkspace=true onExit=false inBackground=true
2017-06-29 07:59:49.870 [LV] INFO  [JTS-Fuse-ServiceAuthTimeout-3662] - Farm usfarm.us/CCP: No ping response
2017-06-29 07:59:49.871 [LV] INFO  [JTS-Fuse-ServiceAuthTimeout-3662] - Disconnecting gdc1.ibllc.com:4000 with status NO_PING_RESPONSE
2017-06-29 07:59:49.871 [LV] INFO  [JTS-usfarm.usServicePingS19-1469] - Terminating ping thread
2017-06-29 07:59:49.871 [LV] INFO  [JTS-Fuse-ServiceAuthTimeout-3662] - AuthTimeoutMonitor: deactivate
2017-06-29 07:59:49.871 [LV] INFO  [JTS-usfarm.usListenerS19-1461] - Socket for connection gdc1.ibllc.com:4000 was closed by another thread
2017-06-29 07:59:49.871 [LV] INFO  [JTS-usfarm.usDispatcherS19-1462S19-1463] - Terminating dispatcher
2017-06-29 07:59:49.872 [LV] INFO  [JTS-DisconnectedS19-3670] - Farm usfarm.us/CCP: Lost active connection with disconnect status NO_PING_RESPONSE
2017-06-29 07:59:49.872 [LV] INFO  [JTS-DisconnectedS19-3670] - Farm usfarm.us/CCP: Resetting
2017-06-29 07:59:49.872 [LV] INFO  [JTS-usfarm.usListenerS19-1461] - Terminating Listener thread
2017-06-29 07:59:49.874 [LV] INFO  [JTS-AsyncNonLocked-30] - Keep-alive scheduled for:usfarm.us
2017-06-29 07:59:49.875 [LV] INFO  [AWT-EventQueue-0] - update connection status: usfarm.us
2017-06-29 07:59:50.107 [LV] INFO  [JTS-Login-3665] - Connecting gdc1.ibllc.com:4000 timeout=20000
2017-06-29 07:59:50.231 [LV] INFO  [JTS-Login-3665] - Connected to gdc1.ibllc.com:4000 on local port 0 socket local addrs:port /1.1.1.12:58900
2017-06-29 07:59:50.233 [LV] INFO  [JTS-Login-3665] - NSCX init:false
2017-06-29 07:59:50.233 [LV] INFO  [JTS-Login-3665] - Changing state for connection from LOGGEDON to PRELOGON in y 1900690044: SessionSocket:21
2017-06-29 07:59:50.233 [LV] INFO  [JTS-Login-3665] - Authenticating
2017-06-29 07:59:50.233 [LV] INFO  [JTS-Login-3665] - AuthTimeoutMonitor: deactivate
2017-06-29 07:59:50.233 [LV] INFO  [JTS-Login-3665] - AuthTimeoutMonitor: timeout=20000
2017-06-29 07:59:50.233 [LV] INFO  [JTS-CCPListenerS21-3672] - Starting Listener thread
2017-06-29 07:59:50.233 [LV] INFO  [JTS-Login-3665] - AuthTimeoutMonitor: activate
2017-06-29 07:59:50.233 [LV] INFO  [JTS-AuthTimeoutMonitorThread-3674] - Starting auth timeout monitor thread
2017-06-29 07:59:50.233 [LV] INFO  [JTS-Login-3665] - LOGIN_TIME_MONITOR	 false 07:59:50:233 since start = 2129 thread delay = 2129 global delay = 0 tag=null, cls=AuthDispatcher method=connect
2017-06-29 07:59:50.234 [LV] INFO  [JTS-Login-3665] - SPLASH -0001 step 1 AuthDispatcher.connect
2017-06-29 07:59:50.234 [LV] INFO  [JTS-Login-3665] - Sending connect request
2017-06-29 07:59:50.234 [LV] INFO  [JTS-AuthDispatcherS21-3673] - Starting dispatcher
2017-06-29 07:59:50.234 [LV] INFO  [JTS-Login-3665] - SPLASH Attempt 2: Authenticating
2017-06-29 07:59:50.234 [LV] INFO  [JTS-CCPListenerS21-3672] - Initial listener buffer size is 187200
2017-06-29 07:59:50.234 [LV] INFO  [JTS-CCPListenerS21-3672] - Capping listener buffer size at 65536
2017-06-29 07:59:50.235 [LV] INFO  [JTS-Login-3665] - Terminating launcher login thread
2017-06-29 07:59:50.237 [LV] INFO  [JTS-DisconnectedS2-3664] - Can't send message, reconnection occurred and FIX auth is not completed yet. Ignored message for session:0 Type:? Body:ComplexPositionRequest:DU739313.-UNSUBSCRIBE
2017-06-29 07:59:50.237 [LV] INFO  [JTS-DisconnectedS2-3664] - Can't send message, reconnection occurred and FIX auth is not completed yet. Ignored message for session:0 Type:? Body:ComplexPositionRequest:DU739313.-UNSUBSCRIBE
2017-06-29 07:59:50.237 [LV] INFO  [JTS-DisconnectedS2-3664] - Disconnected from a CCP. Cleaning up state...
2017-06-29 07:59:50.237 [LV] INFO  [JTS-DisconnectedS2-3664] - Releasing the send permit...
2017-06-29 07:59:50.237 [LV] INFO  [JTS-DisconnectedS2-3664] - In DailyPnLMgr.clearAfterDisconnect(): cleared maps
2017-06-29 07:59:50.237 [LV] INFO  [JTS-DisconnectedS2-3664] - JSONSecDefFarmConnector onDisconnected
2017-06-29 07:59:50.238 [LV] INFO  [JTS-ActivityBus-32] - Remove all completed orders
2017-06-29 07:59:50.383 [LV] INFO  [JTS-AuthDispatcherS21-3673] - cert #0 subject:CN=tws.ibllc.com,OU=tws.ibllc.com,O=IBLLC,C=US	issuer:CN=prod.ckg.ibllc.com,O=Interactive Brokers LLC,L=Greenwich,ST=Connecticut,C=US	notBefore:20170628-13:31:12 Europe/London	notAfter:20170630-21:31:12 Europe/London
2017-06-29 07:59:50.383 [LV] INFO  [JTS-AuthDispatcherS21-3673] - cert #1 subject:CN=prod.ckg.ibllc.com,O=Interactive Brokers LLC,L=Greenwich,ST=Connecticut,C=US	issuer:CN=DigiCert SHA2 Secure Server CA,O=DigiCert Inc,C=US	notBefore:20150806-01:00:00 Europe/London	notAfter:20180810-13:00:00 Europe/London
2017-06-29 07:59:50.383 [LV] INFO  [JTS-AuthDispatcherS21-3673] - cert #2 subject:CN=DigiCert SHA2 Secure Server CA,O=DigiCert Inc,C=US	issuer:CN=DigiCert Global Root CA,OU=www.digicert.com,O=DigiCert Inc,C=US	notBefore:20130308-12:00:00 Europe/London	notAfter:20230308-12:00:00 Europe/London
2017-06-29 07:59:50.383 [LV] INFO  [JTS-AuthDispatcherS21-3673] - Current time is: 20170629-06:59:50 Europe/London
2017-06-29 07:59:50.386 [LV] INFO  [JTS-AuthDispatcherS21-3673] - CipherContext initialization successed.
2017-06-29 07:59:50.388 [LV] INFO  [JTS-AuthDispatcherS21-3673] - mapProdToPaper: In NSConnectRequest: sending PAPER_CONNECT=0x2000
2017-06-29 07:59:50.872 [LV] INFO  [JTS-Fuse-ccppause-3671] - connectViaCcp currently is not allowed for 504827036
2017-06-29 07:59:53.467 [LV] INFO  [JTS-CCPListenerS21-3672] - Socket for connection gdc1.ibllc.com:4000 was closed by peer
2017-06-29 07:59:53.468 [LV] INFO  [JTS-CCPListenerS21-3672] - Terminating Listener thread
2017-06-29 07:59:53.568 [LV] INFO  [JTS-Fuse-ClosedSocket-3685] - Disconnecting gdc1.ibllc.com:4000 with status DISCONNECT_ON_BROKEN_SOCKET
2017-06-29 07:59:53.568 [LV] INFO  [JTS-Fuse-ClosedSocket-3685] - AuthTimeoutMonitor: deactivate
2017-06-29 07:59:53.568 [LV] INFO  [JTS-AuthTimeoutMonitorThread-3674] - Terminating auth timeout monitor thread
2017-06-29 07:59:53.568 [LV] INFO  [JTS-AuthDispatcherS21-3673] - Terminating dispatcher
2017-06-29 07:59:53.568 [LV] INFO  [JTS-Fuse-ClosedSocket-3685] - CONN CALC: gdc1.ibllc.com:4000 next attempt: 07:59:53:568 delay:0ms; LastAttempt:07:59:48:105 socketTimeout:20sec;  base=0 range=5000
2017-06-29 07:59:53.568 [LV] INFO  [JTS-Fuse-ClosedSocket-3685] - CONN CALC: Timeout increased base=5000 range=10000
2017-06-29 07:59:53.569 [LV] INFO  [JTS-Fuse-ClosedSocket-3685] - CONN CALC: Last disconnect time set as now:07:59:53:569
2017-06-29 07:59:53.569 [LV] INFO  [JTS-Fuse-ClosedSocket-3685] - SPLASH Attempt 2: server error, will retry in seconds
2017-06-29 07:59:53.569 [LV] INFO  [JTS-Fuse-Reconnect-3686] - Prelogin delay:0
2017-06-29 07:59:53.569 [LV] INFO  [JTS-DisconnectedS21-3687] - SoundQueue addToQueue: Trading connection lost  play at once: true
2017-06-29 07:59:53.569 [LV] INFO  [JTS-DisconnectedS21-3687] - SoundQueue addToQueue: Trading connection lost  - event added
2017-06-29 07:59:53.570 [LV] INFO  [JTS-Login-3688] - Starting launcher login thread
2017-06-29 07:59:53.570 [LV] INFO  [JTS-Login-3688] - SPLASH Attempt 3: connecting to server
2017-06-29 07:59:53.570 [LV] INFO  [JTS-Login-3688] - SPLASH Attempt 3: connecting to server
2017-06-29 07:59:53.570 [LV] INFO  [JTS-DisconnectedS21-3687] - TranslatableSound: default voice sound trading_connection_lost.wav selected
2017-06-29 07:59:53.570 [LV] INFO  [JTS-Login-3688] - AsyncDisconnectNotifiers:1
2017-06-29 07:59:53.570 [LV] INFO  [JTS-DisconnectedS21-3687] - Sound queue playNext
2017-06-29 07:59:53.570 [LV] INFO  [JTS-Login-3688] - Waiting asyncDisconnectNotifiers:JTS-DisconnectedS21-3687
2017-06-29 07:59:53.570 [LV] INFO  [JavaFX Application Thread] - SoundPLayer: fileSupported check for uri : jar:file:/home/eugene/Jts/lynx10/jars/jts4launch-964.jar!/trader/common/sounds/uk_m/trading_connection_lost.wav
2017-06-29 07:59:53.570 [LV] INFO  [JTS-DisconnectedS21-3687] - Check settings BatchRequests are back:2 res:true
2017-06-29 07:59:53.570 [LV] INFO  [JTS-DisconnectedS21-3687] - Before clearing batch requets for:21 settings-state:true settings:0
2017-06-29 07:59:53.571 [LV] INFO  [JTS-DisconnectedS21-3687] - Connection to ccp disconnected.
2017-06-29 07:59:53.571 [LV] INFO  [JTS-DisconnectedS21-3687] - Storing background batch requests for retry:[]
2017-06-29 07:59:53.571 [LV] INFO  [JTS-DisconnectedS21-3687] - Disconnected from a CCP. Cleaning up state...
2017-06-29 07:59:53.571 [LV] INFO  [JTS-DisconnectedS21-3687] - Releasing the send permit...
2017-06-29 07:59:53.572 [LV] INFO  [JTS-DisconnectedS21-3687] - In DailyPnLMgr.clearAfterDisconnect(): cleared maps
2017-06-29 07:59:53.572 [LV] INFO  [JTS-Login-3688] - Connecting gdc1.ibllc.com:4000 timeout=20000
2017-06-29 07:59:53.572 [LV] INFO  [JTS-ActivityBus-32] - Remove all completed orders
2017-06-29 07:59:53.571 [LV] INFO  [JavaFX Application Thread] - SoundPLayer: file is supported
2017-06-29 07:59:53.572 [LV] INFO  [JavaFX Application Thread] - SoundPlayer: scheme: jar
2017-06-29 07:59:53.573 [LV] INFO  [AWT-EventQueue-0] - Check settings BatchRequests are back:21 res:true
2017-06-29 07:59:53.573 [LV] INFO  [AWT-EventQueue-0] - Saving factory settings. RestoreAllInCurrentWorkspace=true onExit=false inBackground=true
2017-06-29 07:59:53.573 [LV] INFO  [JavaFX Application Thread] - SoundPlayer: media cached
2017-06-29 07:59:53.595 [LV] INFO  [JavaFX Application Thread] - SoundPlayer onReady
2017-06-29 07:59:53.688 [LV] INFO  [JTS-Login-3688] - Connected to gdc1.ibllc.com:4000 on local port 0 socket local addrs:port /1.1.1.12:58906
2017-06-29 07:59:53.689 [LV] INFO  [JTS-Login-3688] - NSCX init:false
2017-06-29 07:59:53.689 [LV] INFO  [JTS-Login-3688] - Changing state for connection from PRELOGON to PRELOGON in y 1900690044: SessionSocket:22
2017-06-29 07:59:53.689 [LV] INFO  [JTS-Login-3688] - Authenticating
2017-06-29 07:59:53.689 [LV] INFO  [JTS-Login-3688] - AuthTimeoutMonitor: deactivate
2017-06-29 07:59:53.689 [LV] INFO  [JTS-CCPListenerS22-3690] - Starting Listener thread
2017-06-29 07:59:53.689 [LV] INFO  [JTS-Login-3688] - AuthTimeoutMonitor: timeout=20000
2017-06-29 07:59:53.690 [LV] INFO  [JTS-Login-3688] - AuthTimeoutMonitor: activate
2017-06-29 07:59:53.690 [LV] INFO  [JTS-Login-3688] - SPLASH 3457 step 1 AuthDispatcher.connect
2017-06-29 07:59:53.690 [LV] INFO  [JTS-AuthTimeoutMonitorThread-3692] - Starting auth timeout monitor thread
2017-06-29 07:59:53.691 [LV] INFO  [JTS-Login-3688] - Sending connect request
2017-06-29 07:59:53.691 [LV] INFO  [JTS-AuthDispatcherS22-3691] - Starting dispatcher
2017-06-29 07:59:53.692 [LV] INFO  [JTS-CCPListenerS22-3690] - Initial listener buffer size is 187200
2017-06-29 07:59:53.692 [LV] INFO  [JTS-Login-3688] - SPLASH Attempt 3: Authenticating
2017-06-29 07:59:53.692 [LV] INFO  [JTS-CCPListenerS22-3690] - Capping listener buffer size at 65536
2017-06-29 07:59:53.692 [LV] INFO  [JTS-Login-3688] - Terminating launcher login thread
2017-06-29 07:59:53.839 [LV] INFO  [JTS-AuthDispatcherS22-3691] - cert #0 subject:CN=tws.ibllc.com,OU=tws.ibllc.com,O=IBLLC,C=US	issuer:CN=prod.ckg.ibllc.com,O=Interactive Brokers LLC,L=Greenwich,ST=Connecticut,C=US	notBefore:20170628-13:31:12 Europe/London	notAfter:20170630-21:31:12 Europe/London
2017-06-29 07:59:53.839 [LV] INFO  [JTS-AuthDispatcherS22-3691] - cert #1 subject:CN=prod.ckg.ibllc.com,O=Interactive Brokers LLC,L=Greenwich,ST=Connecticut,C=US	issuer:CN=DigiCert SHA2 Secure Server CA,O=DigiCert Inc,C=US	notBefore:20150806-01:00:00 Europe/London	notAfter:20180810-13:00:00 Europe/London
2017-06-29 07:59:53.839 [LV] INFO  [JTS-AuthDispatcherS22-3691] - cert #2 subject:CN=DigiCert SHA2 Secure Server CA,O=DigiCert Inc,C=US	issuer:CN=DigiCert Global Root CA,OU=www.digicert.com,O=DigiCert Inc,C=US	notBefore:20130308-12:00:00 Europe/London	notAfter:20230308-12:00:00 Europe/London
2017-06-29 07:59:53.840 [LV] INFO  [JTS-AuthDispatcherS22-3691] - Current time is: 20170629-06:59:53 Europe/London
2017-06-29 07:59:53.842 [LV] INFO  [JTS-AuthDispatcherS22-3691] - CipherContext initialization successed.
2017-06-29 07:59:53.842 [LV] INFO  [JTS-AuthDispatcherS22-3691] - mapProdToPaper: In NSConnectRequest: sending PAPER_CONNECT=0x2000
2017-06-29 07:59:55.899 [LV] INFO  [JavaFX Application Thread] - SoundPlayer endOfMedia
2017-06-29 07:59:55.943 [LV] INFO  [AWT-EventQueue-0] - SoundQueue soundStopped
2017-06-29 07:59:59.328 [LV] INFO  [JTS-CCPListenerS22-3690] - Socket for connection gdc1.ibllc.com:4000 was closed by peer
2017-06-29 07:59:59.328 [LV] INFO  [JTS-CCPListenerS22-3690] - Terminating Listener thread
2017-06-29 07:59:59.428 [LV] INFO  [JTS-Fuse-ClosedSocket-3702] - Disconnecting gdc1.ibllc.com:4000 with status DISCONNECT_ON_BROKEN_SOCKET
2017-06-29 07:59:59.429 [LV] INFO  [JTS-Fuse-ClosedSocket-3702] - AuthTimeoutMonitor: deactivate
2017-06-29 07:59:59.429 [LV] INFO  [JTS-AuthTimeoutMonitorThread-3692] - Terminating auth timeout monitor thread
2017-06-29 07:59:59.429 [LV] INFO  [JTS-AuthDispatcherS22-3691] - Terminating dispatcher
2017-06-29 07:59:59.429 [LV] INFO  [JTS-Fuse-ClosedSocket-3702] - CONN CALC: gdc1_hb1.ibllc.com:4000 next attempt: 08:00:03:594 delay:4165ms; LastAttempt:07:59:53:568 socketTimeout:30sec;  base=5000 range=10000 delayFactor:0.5
2017-06-29 07:59:59.429 [LV] INFO  [JTS-Fuse-ClosedSocket-3702] - CONN CALC: Last disconnect time set as now:07:59:59:429
2017-06-29 07:59:59.429 [LV] INFO  [JTS-Fuse-ClosedSocket-3702] - SPLASH Attempt 3: server error, will retry in seconds
2017-06-29 07:59:59.430 [LV] INFO  [JTS-DisconnectedS22-3704] - Check settings BatchRequests are back:2 res:true
2017-06-29 07:59:59.430 [LV] INFO  [JTS-DisconnectedS22-3704] - Before clearing batch requets for:22 settings-state:true settings:0
2017-06-29 07:59:59.430 [LV] INFO  [JTS-DisconnectedS22-3704] - Connection to ccp disconnected.
2017-06-29 07:59:59.430 [LV] INFO  [JTS-DisconnectedS22-3704] - Storing background batch requests for retry:[]
2017-06-29 07:59:59.430 [LV] INFO  [JTS-DisconnectedS22-3704] - Disconnected from a CCP. Cleaning up state...
2017-06-29 07:59:59.431 [LV] INFO  [JTS-DisconnectedS22-3704] - Releasing the send permit...
2017-06-29 07:59:59.431 [LV] INFO  [JTS-DisconnectedS22-3704] - In DailyPnLMgr.clearAfterDisconnect(): cleared maps
2017-06-29 07:59:59.431 [LV] INFO  [JTS-ActivityBus-32] - Remove all completed orders
2017-06-29 07:59:59.432 [LV] INFO  [AWT-EventQueue-0] - Check settings BatchRequests are back:22 res:true
2017-06-29 07:59:59.432 [LV] INFO  [AWT-EventQueue-0] - Saving factory settings. RestoreAllInCurrentWorkspace=true onExit=false inBackground=true
2017-06-29 08:00:00.707 [LV] INFO  [JTS-Fuse-ServiceAuthTimeout-3666] - Farm ushmds/CCP: No ping response
2017-06-29 08:00:00.707 [LV] INFO  [JTS-Fuse-ServiceAuthTimeout-3669] - Farm secdefus/CCP: No ping response
2017-06-29 08:00:00.707 [LV] INFO  [JTS-Fuse-ServiceAuthTimeout-3669] - Disconnecting gdc1.ibllc.com:4000 with status NO_PING_RESPONSE
2017-06-29 08:00:00.707 [LV] INFO  [JTS-secdefusServicePingS6-107] - Terminating ping thread
2017-06-29 08:00:00.707 [LV] INFO  [JTS-Fuse-ServiceAuthTimeout-3666] - Disconnecting gdc1.ibllc.com:4000 with status NO_PING_RESPONSE
2017-06-29 08:00:00.707 [LV] INFO  [JTS-Fuse-ServiceAuthTimeout-3667] - Farm usfarm/CCP: No ping response
2017-06-29 08:00:00.707 [LV] INFO  [JTS-secdefusDispatcherS6-85S6-86] - Terminating dispatcher
2017-06-29 08:00:00.707 [LV] INFO  [JTS-Fuse-ServiceAuthTimeout-3669] - AuthTimeoutMonitor: deactivate
2017-06-29 08:00:00.707 [LV] INFO  [JTS-Fuse-ServiceAuthTimeout-3668] - Farm eufarm/NATIVE: No ping response
2017-06-29 08:00:00.707 [LV] INFO  [JTS-Fuse-ServiceAuthTimeout-3668] - Disconnecting zdc1.ibllc.com:4000 with status NO_PING_RESPONSE
2017-06-29 08:00:00.707 [LV] INFO  [JTS-ushmdsServicePingS5-121] - Terminating ping thread
2017-06-29 08:00:00.707 [LV] INFO  [JTS-Fuse-ServiceAuthTimeout-3667] - Disconnecting gdc1.ibllc.com:4000 with status NO_PING_RESPONSE
2017-06-29 08:00:00.707 [LV] INFO  [JTS-secdefusListenerS6-84] - Socket for connection gdc1.ibllc.com:4000 was closed by another thread
2017-06-29 08:00:00.707 [LV] INFO  [JTS-ushmdsListenerS5-119] - Socket for connection gdc1.ibllc.com:4000 was closed by another thread
2017-06-29 08:00:00.707 [LV] INFO  [JTS-secdefusListenerS6-84] - Terminating Listener thread
2017-06-29 08:00:00.707 [LV] INFO  [JTS-usfarmServicePingS3-97] - Terminating ping thread
2017-06-29 08:00:00.707 [LV] INFO  [JTS-DisconnectedS6-3707] - Farm secdefus/CCP: Lost active connection with disconnect status NO_PING_RESPONSE
2017-06-29 08:00:00.708 [LV] INFO  [JTS-DisconnectedS6-3707] - Farm secdefus/CCP: Resetting
2017-06-29 08:00:00.708 [LV] INFO  [JTS-usfarmListenerS3-95] - Socket for connection gdc1.ibllc.com:4000 was closed by another thread
2017-06-29 08:00:00.708 [LV] INFO  [JTS-usfarmDispatcherS3-96] - Terminating dispatcher
2017-06-29 08:00:00.708 [LV] INFO  [JTS-Fuse-ServiceAuthTimeout-3667] - AuthTimeoutMonitor: deactivate
2017-06-29 08:00:00.708 [LV] INFO  [JTS-DisconnectedS3-3709] - Farm usfarm/CCP: Lost active connection with disconnect status NO_PING_RESPONSE
2017-06-29 08:00:00.708 [LV] INFO  [JTS-eufarmServicePingS7-128] - Terminating ping thread
2017-06-29 08:00:00.708 [LV] INFO  [JTS-ushmdsDispatcherS5-120] - Terminating dispatcher
2017-06-29 08:00:00.708 [LV] INFO  [JTS-DisconnectedS3-3709] - Farm usfarm/CCP: Resetting
2017-06-29 08:00:00.708 [LV] INFO  [JTS-eufarmListenerS7-102] - Socket for connection zdc1.ibllc.com:4000 was closed by another thread
2017-06-29 08:00:00.708 [LV] INFO  [JTS-usfarmListenerS3-95] - Terminating Listener thread
2017-06-29 08:00:00.708 [LV] INFO  [JTS-eufarmDispatcherS7-103S7-104] - Terminating dispatcher
2017-06-29 08:00:00.708 [LV] INFO  [JTS-Fuse-ServiceAuthTimeout-3668] - AuthTimeoutMonitor: deactivate
2017-06-29 08:00:00.709 [LV] INFO  [JTS-Fuse-ServiceAuthTimeout-3666] - AuthTimeoutMonitor: deactivate
2017-06-29 08:00:00.709 [LV] INFO  [JTS-eufarmListenerS7-102] - Terminating Listener thread
2017-06-29 08:00:00.709 [LV] INFO  [JTS-DisconnectedS5-3712] - Farm ushmds/CCP: Lost active connection with disconnect status NO_PING_RESPONSE
2017-06-29 08:00:00.709 [LV] INFO  [JTS-DisconnectedS5-3712] - Farm ushmds/CCP: Resetting
2017-06-29 08:00:00.709 [LV] INFO  [JTS-ushmdsListenerS5-119] - Terminating Listener thread
2017-06-29 08:00:00.709 [LV] INFO  [JTS-DisconnectedS7-3711] - Farm eufarm/NATIVE: Lost active connection with disconnect status NO_PING_RESPONSE
2017-06-29 08:00:00.709 [LV] INFO  [JTS-DisconnectedS7-3711] - Farm eufarm/NATIVE: Resetting
2017-06-29 08:00:00.710 [LV] INFO  [JTS-AsyncNonLocked-30] - Keep-alive scheduled for:secdefus
2017-06-29 08:00:00.710 [LV] INFO  [AWT-EventQueue-0] - update connection status: secdefus
2017-06-29 08:00:00.718 [LV] INFO  [JTS-AsyncNonLocked-30] - Keep-alive scheduled for:usfarm
2017-06-29 08:00:00.720 [LV] INFO  [JTS-AsyncNonLocked-30] - Keep-alive scheduled for:ushmds
2017-06-29 08:00:00.720 [LV] INFO  [JTS-AsyncNonLocked-30] - cdebug: ROUTING | connTracker:ushmds@49e2c0a2 | Disconnected | 1498716000720 | true
2017-06-29 08:00:00.721 [LV] INFO  [AWT-EventQueue-0] - update connection status: usfarm
2017-06-29 08:00:00.721 [LV] INFO  [AWT-EventQueue-0] - update connection status: ushmds
2017-06-29 08:00:00.728 [LV] INFO  [JTS-AsyncNonLocked-30] - Keep-alive scheduled for:eufarm
2017-06-29 08:00:00.728 [LV] INFO  [AWT-EventQueue-0] - update connection status: eufarm
2017-06-29 08:00:00.728 [LV] INFO  [JTS-AsyncNonLocked-30] - ScanParameterResponse: isNull=true isValid=false
2017-06-29 08:00:00.728 [LV] INFO  [JTS-AsyncNonLocked-30] - ScanParameterResponse: isNull=true isValid=false
2017-06-29 08:00:00.728 [LV] INFO  [JTS-AsyncNonLocked-30] - ScanParameterResponse: isNull=true isValid=false
2017-06-29 08:00:00.728 [LV] INFO  [JTS-AsyncNonLocked-30] - Lost news connection( hasMDConnection: false isMDConnect: false hasHmdsConnection: true isHMDSConnected: false)
2017-06-29 08:00:00.729 [LV] INFO  [JTS-AsyncNonLocked-30] - News farm status: usfarm.us connected: false hmds: false
2017-06-29 08:00:00.729 [LV] INFO  [JTS-AsyncNonLocked-30] - News farm status: ushmds connected: false hmds: true
2017-06-29 08:00:00.729 [LV] INFO  [JTS-AsyncNonLocked-30] - NewswirePanel MDConnection.disconnected(), blanking out newswire window...
2017-06-29 08:00:00.730 [LV] INFO  [JTS-AsyncNonLocked-30] - NewswirePanel MDConnection.disconnected(), blanking out newswire window...
2017-06-29 08:00:00.730 [LV] INFO  [JTS-AsyncNonLocked-30] - NewswirePanel MDConnection.disconnected(), blanking out newswire window...
2017-06-29 08:00:00.732 [LV] INFO  [AWT-EventQueue-0] - News Debug: []  Updating UI with   0  Contracts. Listener:feature.rss.newswire.a_@77c7a2d8
2017-06-29 08:00:00.732 [LV] INFO  [AWT-EventQueue-0] - News Debug: []  Updating UI with   0  Contracts. Listener:feature.rss.newswire.a_@69688c61
2017-06-29 08:00:00.732 [LV] INFO  [AWT-EventQueue-0] - News Debug: [ (Portfolio)]  Updating UI with   0  Contracts. Listener:feature.rss.newswire.a_@305f9bf2
2017-06-29 08:00:00.964 [LV] INFO  [AWT-EventQueue-0] - cdebug: LIQUID_HOURS | ChartPanel7 | Updating chart for new trading day | EOE JUL'17 Futures
2017-06-29 08:00:00.967 [LV] INFO  [JTS-QuickMktDataWrapper-91] - Farm usfarm/DISCONNECTED: Adding message to queue 0 
2017-06-29 08:00:00.967 [LV] INFO  [JTS-QuickMktDataWrapper-91] - Farm usfarm.us/DISCONNECTED: Adding message to queue 0 
2017-06-29 08:00:00.968 [LV] INFO  [JTS-QuickMktDataWrapper-91] - Farm eufarm/DISCONNECTED: Adding message to queue 0 
2017-06-29 08:00:00.973 [LV] INFO  [JTS-QuickMktDataWrapper-91] - Farm eufarm/DISCONNECTED: Adding message to queue 1 
2017-06-29 08:00:00.977 [LV] INFO  [AWT-EventQueue-0] - EXEC Refreshing exec report table model from report mgr main model 1498977516
2017-06-29 08:00:00.977 [LV] INFO  [AWT-EventQueue-0] - Start adding 0 combo positions
2017-06-29 08:00:00.977 [LV] INFO  [JTS-ExecNotifier-37] - EXEC starting loop main model 1498977516
2017-06-29 08:00:00.977 [LV] INFO  [JTS-ExecNotifier-37] - EXEC Received end-of-loop marker main model 1498977516
2017-06-29 08:00:00.985 [LV] INFO  [JTS-QuickMktDataWrapper-91] - Farm eufarm/DISCONNECTED: Adding message to queue 2 
2017-06-29 08:00:00.985 [LV] INFO  [JTS-QuickMktDataWrapper-91] - Farm eufarm/DISCONNECTED: Adding message to queue 3 
2017-06-29 08:00:00.990 [LV] INFO  [JTS-QuickMktDataWrapper-91] - Farm eufarm/DISCONNECTED: Adding message to queue 4 
2017-06-29 08:00:00.995 [LV] INFO  [AWT-EventQueue-0] - EXEC Refreshing exec report table model from report mgr main model 1498977516
2017-06-29 08:00:00.995 [LV] INFO  [AWT-EventQueue-0] - Start adding 0 combo positions
2017-06-29 08:00:00.995 [LV] INFO  [JTS-ExecNotifier-37] - EXEC Received end-of-loop marker main model 1498977516
2017-06-29 08:00:00.995 [LV] INFO  [AWT-EventQueue-0] - update connection status: usfarm.us
2017-06-29 08:00:00.995 [LV] INFO  [AWT-EventQueue-0] - update connection status: eufarm
2017-06-29 08:00:00.995 [LV] INFO  [AWT-EventQueue-0] - update connection status: usfarm
2017-06-29 08:00:01.031 [LV] INFO  [AWT-EventQueue-0] - EXEC completing loop main model 1498977516
2017-06-29 08:00:01.031 [LV] INFO  [AWT-EventQueue-0] - EXEC calculating all rows main model 1498977516
2017-06-29 08:00:01.037 [LV] INFO  [AWT-EventQueue-0] - EXEC Sorting now  main model 1498977516
2017-06-29 08:00:01.480 [LV] INFO  [JTS-Fuse-ServiceAuthTimeout-3678] - Farm euhmds/NATIVE: No ping response
2017-06-29 08:00:01.480 [LV] INFO  [JTS-Fuse-ServiceAuthTimeout-3678] - Disconnecting zdc1.ibllc.com:4000 with status NO_PING_RESPONSE
2017-06-29 08:00:01.480 [LV] INFO  [JTS-euhmdsServicePingS11-151] - Terminating ping thread
2017-06-29 08:00:01.480 [LV] INFO  [JTS-Fuse-ServiceAuthTimeout-3678] - AuthTimeoutMonitor: deactivate
2017-06-29 08:00:01.480 [LV] INFO  [JTS-euhmdsDispatcherS11-145S11-146] - Terminating dispatcher
2017-06-29 08:00:01.481 [LV] INFO  [JTS-DisconnectedS11-3716] - Farm euhmds/NATIVE: Lost active connection with disconnect status NO_PING_RESPONSE
2017-06-29 08:00:01.481 [LV] INFO  [JTS-euhmdsListenerS11-144] - Socket for connection zdc1.ibllc.com:4000 was closed by another thread
2017-06-29 08:00:01.481 [LV] INFO  [JTS-DisconnectedS11-3716] - Farm euhmds/NATIVE: Resetting
2017-06-29 08:00:01.481 [LV] INFO  [JTS-euhmdsListenerS11-144] - Terminating Listener thread
2017-06-29 08:00:01.483 [LV] INFO  [JTS-AsyncNonLocked-30] - Keep-alive scheduled for:euhmds
2017-06-29 08:00:01.483 [LV] INFO  [JTS-AsyncNonLocked-30] - cdebug: ROUTING | connTracker:euhmds@49e2c0a2 | Disconnected | 1498716001483 | true
2017-06-29 08:00:01.483 [LV] INFO  [JTS-AsyncNonLocked-30] - cdebug: ROUTING | connTracker:euhmds@83ad3f1 | Disconnected | 1498716001483 | true
2017-06-29 08:00:01.483 [LV] INFO  [AWT-EventQueue-0] - update connection status: euhmds
2017-06-29 08:00:01.483 [LV] INFO  [JTS-AsyncNonLocked-30] - cdebug: ROUTING | connTracker:euhmds@632d8db3 | Disconnected | 1498716001483 | true
2017-06-29 08:00:01.483 [LV] INFO  [AWT-EventQueue-0] - cdebug: CHARTS | ChartPanel7 | The application was disconnected from the HMDS Server.  Reconnection will be attempted...[java.awt.Color[r=255,g=0,b=0]]
2017-06-29 08:00:01.603 [LV] INFO  [JTS-Fuse-ServiceAuthTimeout-3679] - Farm usfuture/NATIVE: No ping response
2017-06-29 08:00:01.604 [LV] INFO  [JTS-Fuse-ServiceAuthTimeout-3679] - Disconnecting cdc1.ibllc.com:4000 with status NO_PING_RESPONSE
2017-06-29 08:00:01.604 [LV] INFO  [JTS-usfutureServicePingS10-152] - Terminating ping thread
2017-06-29 08:00:01.604 [LV] INFO  [JTS-Fuse-ServiceAuthTimeout-3679] - AuthTimeoutMonitor: deactivate
2017-06-29 08:00:01.604 [LV] INFO  [JTS-usfutureDispatcherS10-137S10-138] - Terminating dispatcher
2017-06-29 08:00:01.604 [LV] INFO  [JTS-usfutureListenerS10-136] - Socket for connection cdc1.ibllc.com:4000 was closed by another thread
2017-06-29 08:00:01.604 [LV] INFO  [JTS-usfutureListenerS10-136] - Terminating Listener thread
2017-06-29 08:00:01.604 [LV] INFO  [JTS-DisconnectedS10-3718] - Farm usfuture/NATIVE: Lost active connection with disconnect status NO_PING_RESPONSE
2017-06-29 08:00:01.605 [LV] INFO  [JTS-DisconnectedS10-3718] - Farm usfuture/NATIVE: Resetting
2017-06-29 08:00:01.607 [LV] INFO  [JTS-AsyncNonLocked-30] - Keep-alive scheduled for:usfuture
2017-06-29 08:00:01.611 [LV] INFO  [AWT-EventQueue-0] - update connection status: usfuture
2017-06-29 08:00:01.708 [LV] INFO  [JTS-Fuse-ccppause-3710] - connectViaCcp currently is not allowed for 2092570627
2017-06-29 08:00:01.709 [LV] INFO  [JTS-Fuse-ccppause-3708] - connectViaCcp currently is not allowed for 1366074959
2017-06-29 08:00:01.709 [LV] INFO  [JTS-Fuse-ccppause-3713] - connectViaCcp currently is not allowed for 1294059070
2017-06-29 08:00:01.717 [LV] INFO  [JTS-Fuse-nativepause-3714] - connectNative currently is not allowed for state=DISCONNECTED info=eufarm native=zdc1.ibllc.com:4000 UNCONNECTED ccp=gdc1.ibllc.com:4000 UNCONNECTED active=none laststatus=NO_PING_RESPONSE activeDispatcherID=n/a
2017-06-29 08:00:02.482 [LV] INFO  [JTS-Fuse-nativepause-3717] - connectNative currently is not allowed for state=DISCONNECTED info=euhmds native=zdc1.ibllc.com:4000 UNCONNECTED ccp=gdc1.ibllc.com:4000 UNCONNECTED active=none laststatus=NO_PING_RESPONSE activeDispatcherID=n/a
2017-06-29 08:00:02.605 [LV] INFO  [JTS-Fuse-nativepause-3719] - connectNative currently is not allowed for state=DISCONNECTED info=usfuture native=cdc1.ibllc.com:4000 UNCONNECTED ccp=gdc1.ibllc.com:4000 UNCONNECTED active=none laststatus=NO_PING_RESPONSE activeDispatcherID=n/a
2017-06-29 08:00:02.610 [LV] INFO  [JTS-Fuse-ServiceAuthTimeout-3681] - Farm fundfarm/CCP: No ping response
2017-06-29 08:00:02.610 [LV] INFO  [JTS-Fuse-ServiceAuthTimeout-3681] - Disconnecting gdc1.ibllc.com:4000 with status NO_PING_RESPONSE
2017-06-29 08:00:02.610 [LV] INFO  [JTS-fundfarmServicePingS12-161] - Terminating ping thread
2017-06-29 08:00:02.610 [LV] INFO  [JTS-Fuse-ServiceAuthTimeout-3681] - AuthTimeoutMonitor: deactivate
2017-06-29 08:00:02.610 [LV] INFO  [JTS-fundfarmDispatcherS12-155S12-156] - Terminating dispatcher
2017-06-29 08:00:02.611 [LV] INFO  [JTS-DisconnectedS12-3727] - Farm fundfarm/CCP: Lost active connection with disconnect status NO_PING_RESPONSE
2017-06-29 08:00:02.611 [LV] INFO  [JTS-DisconnectedS12-3727] - Farm fundfarm/CCP: Resetting
2017-06-29 08:00:02.611 [LV] INFO  [JTS-fundfarmListenerS12-154] - Socket for connection gdc1.ibllc.com:4000 was closed by another thread
2017-06-29 08:00:02.611 [LV] INFO  [JTS-fundfarmListenerS12-154] - Terminating Listener thread
2017-06-29 08:00:02.612 [LV] INFO  [JTS-AsyncNonLocked-30] - Keep-alive scheduled for:fundfarm
2017-06-29 08:00:02.613 [LV] INFO  [JTS-AsyncNonLocked-30] - cdebug: ROUTING | connTracker:fundfarm@49e2c0a2 | Disconnected | 1498716002613 | true
2017-06-29 08:00:02.613 [LV] INFO  [AWT-EventQueue-0] - update connection status: fundfarm
2017-06-29 08:00:03.595 [LV] INFO  [JTS-Fuse-Reconnect-3703] - Prelogin delay:0
2017-06-29 08:00:03.595 [LV] INFO  [JTS-Login-3735] - Starting launcher login thread
2017-06-29 08:00:03.596 [LV] INFO  [JTS-Login-3735] - SPLASH Attempt 4: connecting to server
2017-06-29 08:00:03.596 [LV] INFO  [JTS-Login-3735] - SPLASH Attempt 4: connecting to server
2017-06-29 08:00:03.596 [LV] INFO  [JTS-Login-3735] - AsyncDisconnectNotifiers:1
2017-06-29 08:00:03.596 [LV] INFO  [JTS-Login-3735] - Connecting gdc1_hb1.ibllc.com:4000 timeout=30000
2017-06-29 08:00:03.612 [LV] INFO  [JTS-Fuse-ccppause-3728] - connectViaCcp currently is not allowed for 242767442
2017-06-29 08:00:03.742 [LV] INFO  [JTS-Login-3735] - Connected to gdc1_hb1.ibllc.com:4000 on local port 0 socket local addrs:port /1.1.1.12:48882
2017-06-29 08:00:03.743 [LV] INFO  [JTS-Login-3735] - NSCX init:false
2017-06-29 08:00:03.743 [LV] INFO  [JTS-Login-3735] - Changing state for connection from PRELOGON to PRELOGON in y 1900690044: SessionSocket:23
2017-06-29 08:00:03.743 [LV] INFO  [JTS-Login-3735] - Authenticating
2017-06-29 08:00:03.743 [LV] INFO  [JTS-Login-3735] - AuthTimeoutMonitor: deactivate
2017-06-29 08:00:03.743 [LV] INFO  [JTS-Login-3735] - AuthTimeoutMonitor: timeout=30000
2017-06-29 08:00:03.743 [LV] INFO  [JTS-CCPListenerS23-3744] - Starting Listener thread
2017-06-29 08:00:03.743 [LV] INFO  [JTS-Login-3735] - AuthTimeoutMonitor: activate
2017-06-29 08:00:03.744 [LV] INFO  [JTS-Login-3735] - SPLASH 10054 step 1 AuthDispatcher.connect
2017-06-29 08:00:03.744 [LV] INFO  [JTS-AuthTimeoutMonitorThread-3746] - Starting auth timeout monitor thread
2017-06-29 08:00:03.744 [LV] INFO  [JTS-Login-3735] - Sending connect request
2017-06-29 08:00:03.744 [LV] INFO  [JTS-AuthDispatcherS23-3745] - Starting dispatcher
2017-06-29 08:00:03.744 [LV] INFO  [JTS-Login-3735] - SPLASH Attempt 4: Authenticating
2017-06-29 08:00:03.745 [LV] INFO  [JTS-CCPListenerS23-3744] - Initial listener buffer size is 186240
2017-06-29 08:00:03.745 [LV] INFO  [JTS-CCPListenerS23-3744] - Capping listener buffer size at 65536
2017-06-29 08:00:03.745 [LV] INFO  [JTS-Login-3735] - Terminating launcher login thread
2017-06-29 08:00:03.947 [LV] INFO  [JTS-Fuse-ServiceAuthTimeout-3684] - Farm ilhmds/NATIVE: No ping response
2017-06-29 08:00:03.947 [LV] INFO  [JTS-Fuse-ServiceAuthTimeout-3684] - Disconnecting cdc1.ibllc.com:4000 with status NO_PING_RESPONSE
2017-06-29 08:00:03.947 [LV] INFO  [JTS-ilhmdsServicePingS13-178] - Terminating ping thread
2017-06-29 08:00:03.947 [LV] INFO  [JTS-Fuse-ServiceAuthTimeout-3684] - AuthTimeoutMonitor: deactivate
2017-06-29 08:00:03.947 [LV] INFO  [JTS-ilhmdsDispatcherS13-164S13-165] - Terminating dispatcher
2017-06-29 08:00:03.948 [LV] INFO  [JTS-ilhmdsListenerS13-163] - Socket for connection cdc1.ibllc.com:4000 was closed by another thread
2017-06-29 08:00:03.948 [LV] INFO  [JTS-ilhmdsListenerS13-163] - Terminating Listener thread
2017-06-29 08:00:03.948 [LV] INFO  [JTS-DisconnectedS13-3750] - Farm ilhmds/NATIVE: Lost active connection with disconnect status NO_PING_RESPONSE
2017-06-29 08:00:03.948 [LV] INFO  [JTS-DisconnectedS13-3750] - Farm ilhmds/NATIVE: Resetting
2017-06-29 08:00:03.950 [LV] INFO  [JTS-AsyncNonLocked-30] - Keep-alive scheduled for:ilhmds
2017-06-29 08:00:03.950 [LV] INFO  [JTS-AsyncNonLocked-30] - cdebug: ROUTING | connTracker:ilhmds@49e2c0a2 | Disconnected | 1498716003950 | true
2017-06-29 08:00:03.950 [LV] INFO  [AWT-EventQueue-0] - update connection status: ilhmds
2017-06-29 08:00:03.950 [LV] INFO  [JTS-AsyncNonLocked-30] - cdebug: ROUTING | connTracker:ilhmds@6ace6817 | Disconnected | 1498716003950 | true
2017-06-29 08:00:03.951 [LV] INFO  [JTS-AsyncNonLocked-30] - cdebug: QUERY | qm@6ace6817 | all EOQ
2017-06-29 08:00:03.951 [LV] INFO  [JTS-AsyncNonLocked-30] - cdebug: ROUTING | connTracker:ilhmds@632d8db3 | Disconnected | 1498716003951 | true
2017-06-29 08:00:03.951 [LV] INFO  [AWT-EventQueue-0] - cdebug: CHARTS | ChartPanel9 | The application was disconnected from the HMDS Server.  Reconnection will be attempted...[java.awt.Color[r=255,g=0,b=0]]
2017-06-29 08:00:03.951 [LV] INFO  [JTS-onEndQuery-3752] - ---caliberateUsingTodaysClose 5763.5 vs. 5767.0
2017-06-29 08:00:03.951 [LV] INFO  [JTS-HmdsCacheProcessor-181] - cdebug: CACHE | cancel | q(ChartPanel9;;NQU7@GLOBEX Trades;;3;;true;;0;;M 236950080@GLOBEX FUT src:Trades len:10873 S step:1 min +refresh) | true | cache27;;NQU7@GLOBEX Trades;;0;;true;;0;;M to:ilhmds
2017-06-29 08:00:03.951 [LV] INFO  [JTS-HmdsCacheDispatcher-182] - cdebug: QUERY | passthrough63 | Transmitting | c(passthrough63;;NQU7@GLOBEX Trades;;0;;true;;0;;M) | 1
2017-06-29 08:00:03.951 [LV] INFO  [JTS-HmdsCacheDispatcher-182] - cdebug: QUERY | passthrough63 | Done | passthrough63;;NQU7@GLOBEX Trades;;0;;true;;0;;M | 0
2017-06-29 08:00:03.953 [LV] INFO  [AWT-EventQueue-0] - cdebug: DATA | dm@ee0f765 | dataReady | true
2017-06-29 08:00:03.954 [LV] INFO  [JTS-QuickMktDataWrapper-91] - Farm usfuture/DISCONNECTED: Adding message to queue 0 
2017-06-29 08:00:03.955 [LV] INFO  [JTS-QuickMktDataWrapper-91] - Ignoring unsupported MD request for CFD contract 97589585/NYMEX: conid=97589585 exchange=NYMEX(CL  AUG'17 currency=USD) tag=null type=BidAsk(442) delayed=false aggGroup=-1 seedExchange=null extended=null
2017-06-29 08:00:03.955 [LV] INFO  [JTS-QuickMktDataWrapper-91] - Ignoring unsupported MD request for CFD contract 97589585/NYMEX: conid=97589585 exchange=NYMEX(CL  AUG'17 currency=USD) tag=null type=Last(443) delayed=false aggGroup=-1 seedExchange=null extended=null
2017-06-29 08:00:03.955 [LV] INFO  [JTS-QuickMktDataWrapper-91] - Farm usfuture/DISCONNECTED: Adding message to queue 1 
2017-06-29 08:00:03.961 [LV] INFO  [JTS-QuickMktDataWrapper-91] - Farm usfuture/DISCONNECTED: Adding message to queue 2 
2017-06-29 08:00:03.961 [LV] INFO  [JTS-QuickMktDataWrapper-91] - Ignoring unsupported MD request for CFD contract 97589585/NYMEX: conid=97589585 exchange=NYMEX(CL  AUG'17 currency=USD) tag=null type=MarketDataStatus(398) delayed=false aggGroup=-1 seedExchange=null extended=null
2017-06-29 08:00:03.964 [LV] INFO  [AWT-EventQueue-0] - EXEC Refreshing exec report table model from report mgr main model 365858936
2017-06-29 08:00:03.964 [LV] INFO  [AWT-EventQueue-0] - Start adding 0 combo positions
2017-06-29 08:00:03.964 [LV] INFO  [JTS-ExecNotifier-37] - EXEC Received end-of-loop marker main model 365858936
2017-06-29 08:00:03.995 [LV] INFO  [AWT-EventQueue-0] - update connection status: usfuture
2017-06-29 08:00:03.995 [LV] INFO  [AWT-EventQueue-0] - cdebug: CHARTS | ChartPanel9 | The application was disconnected from the HMDS Server.  Reconnection will be attempted...[java.awt.Color[r=255,g=0,b=0]]
2017-06-29 08:00:04.011 [LV] INFO  [AWT-EventQueue-0] - EXEC Sorting now  main model 365858936
2017-06-29 08:00:04.032 [LV] INFO  [JTS-AuthDispatcherS23-3745] - SPLASH 0288 step 2 AuthDispatcher.processDataItr
2017-06-29 08:00:04.033 [LV] INFO  [JTS-AuthDispatcherS23-3745] - cert #0 subject:CN=tws.ibllc.com,OU=tws.ibllc.com,O=IBLLC,C=US	issuer:CN=prod.ckg.ibllc.com,O=Interactive Brokers LLC,L=Greenwich,ST=Connecticut,C=US	notBefore:20170628-13:31:12 Europe/London	notAfter:20170630-21:31:12 Europe/London
2017-06-29 08:00:04.033 [LV] INFO  [JTS-AuthDispatcherS23-3745] - cert #1 subject:CN=prod.ckg.ibllc.com,O=Interactive Brokers LLC,L=Greenwich,ST=Connecticut,C=US	issuer:CN=DigiCert SHA2 Secure Server CA,O=DigiCert Inc,C=US	notBefore:20150806-01:00:00 Europe/London	notAfter:20180810-13:00:00 Europe/London
2017-06-29 08:00:04.033 [LV] INFO  [JTS-AuthDispatcherS23-3745] - cert #2 subject:CN=DigiCert SHA2 Secure Server CA,O=DigiCert Inc,C=US	issuer:CN=DigiCert Global Root CA,OU=www.digicert.com,O=DigiCert Inc,C=US	notBefore:20130308-12:00:00 Europe/London	notAfter:20230308-12:00:00 Europe/London
2017-06-29 08:00:04.034 [LV] INFO  [JTS-AuthDispatcherS23-3745] - Current time is: 20170629-07:00:04 Europe/London
2017-06-29 08:00:04.035 [LV] INFO  [JTS-AuthDispatcherS23-3745] - CipherContext initialization successed.
2017-06-29 08:00:04.036 [LV] INFO  [JTS-AuthDispatcherS23-3745] - mapProdToPaper: In NSConnectRequest: sending PAPER_CONNECT=0x2000
2017-06-29 08:00:04.164 [LV] INFO  [JTS-AuthDispatcherS23-3745] - Received NS_REDIRECT
2017-06-29 08:00:04.164 [LV] INFO  [JTS-AuthDispatcherS23-3745] - Disconnecting gdc1_hb1.ibllc.com:4000 with status DISCONNECT_ON_REDIRECTION
2017-06-29 08:00:04.164 [LV] INFO  [JTS-AuthDispatcherS23-3745] - AuthTimeoutMonitor: deactivate
2017-06-29 08:00:04.164 [LV] INFO  [JTS-AuthTimeoutMonitorThread-3746] - Terminating auth timeout monitor thread
2017-06-29 08:00:04.164 [LV] INFO  [JTS-CCPListenerS23-3744] - Socket for connection gdc1_hb1.ibllc.com:4000 was closed by another thread
2017-06-29 08:00:04.165 [LV] INFO  [JTS-DisconnectedS23-3753] - Check settings BatchRequests are back:2 res:true
2017-06-29 08:00:04.165 [LV] INFO  [JTS-DisconnectedS23-3753] - Before clearing batch requets for:23 settings-state:true settings:0
2017-06-29 08:00:04.165 [LV] INFO  [JTS-DisconnectedS23-3753] - Connection to ccp disconnected.
2017-06-29 08:00:04.165 [LV] INFO  [JTS-AuthDispatcherS23-3745] - SSL support status for gdc1.ibllc.com:4000 is true
2017-06-29 08:00:04.165 [LV] INFO  [JTS-DisconnectedS23-3753] - Storing background batch requests for retry:[]
2017-06-29 08:00:04.165 [LV] INFO  [JTS-AuthDispatcherS23-3745] - Redirecting to gdc1.ibllc.com:4000
2017-06-29 08:00:04.165 [LV] INFO  [JTS-DisconnectedS23-3753] - Disconnected from a CCP. Cleaning up state...
2017-06-29 08:00:04.165 [LV] INFO  [JTS-DisconnectedS23-3753] - Releasing the send permit...
2017-06-29 08:00:04.165 [LV] INFO  [JTS-AuthDispatcherS23-3745] - Prelogin delay:0
2017-06-29 08:00:04.165 [LV] INFO  [JTS-DisconnectedS23-3753] - In DailyPnLMgr.clearAfterDisconnect(): cleared maps
2017-06-29 08:00:04.165 [LV] INFO  [JTS-ActivityBus-32] - Remove all completed orders
2017-06-29 08:00:04.166 [LV] INFO  [JTS-AuthDispatcherS23-3745] - Terminating dispatcher
2017-06-29 08:00:04.166 [LV] INFO  [JTS-CCPListenerS23-3744] - Terminating Listener thread
2017-06-29 08:00:04.166 [LV] INFO  [JTS-Login-3754] - Starting launcher login thread
2017-06-29 08:00:04.166 [LV] INFO  [JTS-Login-3754] - SPLASH Attempt 4: connecting to server
2017-06-29 08:00:04.166 [LV] INFO  [JTS-Login-3754] - SPLASH Attempt 4: connecting to server
2017-06-29 08:00:04.166 [LV] INFO  [JTS-Login-3754] - AsyncDisconnectNotifiers:1
2017-06-29 08:00:04.166 [LV] INFO  [JTS-Login-3754] - Connecting gdc1.ibllc.com:4000 timeout=30000
2017-06-29 08:00:04.167 [LV] INFO  [AWT-EventQueue-0] - Check settings BatchRequests are back:23 res:true
2017-06-29 08:00:04.167 [LV] INFO  [AWT-EventQueue-0] - Saving factory settings. RestoreAllInCurrentWorkspace=true onExit=false inBackground=true
2017-06-29 08:00:04.281 [LV] INFO  [JTS-Login-3754] - Connected to gdc1.ibllc.com:4000 on local port 0 socket local addrs:port /1.1.1.12:58912
2017-06-29 08:00:04.283 [LV] INFO  [JTS-Login-3754] - NSCX init:false
2017-06-29 08:00:04.283 [LV] INFO  [JTS-Login-3754] - Changing state for connection from PRELOGON to PRELOGON in y 1900690044: SessionSocket:24
2017-06-29 08:00:04.283 [LV] INFO  [JTS-Login-3754] - Authenticating
2017-06-29 08:00:04.283 [LV] INFO  [JTS-Login-3754] - AuthTimeoutMonitor: deactivate
2017-06-29 08:00:04.283 [LV] INFO  [JTS-Login-3754] - AuthTimeoutMonitor: timeout=30000
2017-06-29 08:00:04.283 [LV] INFO  [JTS-CCPListenerS24-3756] - Starting Listener thread
2017-06-29 08:00:04.283 [LV] INFO  [JTS-Login-3754] - AuthTimeoutMonitor: activate
2017-06-29 08:00:04.283 [LV] INFO  [JTS-Login-3754] - SPLASH 0251 step 2 AuthDispatcher.connect
2017-06-29 08:00:04.283 [LV] INFO  [JTS-AuthTimeoutMonitorThread-3758] - Starting auth timeout monitor thread
2017-06-29 08:00:04.284 [LV] INFO  [JTS-Login-3754] - Sending connect request
2017-06-29 08:00:04.284 [LV] INFO  [JTS-AuthDispatcherS24-3757] - Starting dispatcher
2017-06-29 08:00:04.284 [LV] INFO  [JTS-Login-3754] - SPLASH Attempt 4: Authenticating
2017-06-29 08:00:04.284 [LV] INFO  [JTS-CCPListenerS24-3756] - Initial listener buffer size is 187200
2017-06-29 08:00:04.284 [LV] INFO  [JTS-CCPListenerS24-3756] - Capping listener buffer size at 65536
2017-06-29 08:00:04.285 [LV] INFO  [JTS-Login-3754] - Terminating launcher login thread
2017-06-29 08:00:04.433 [LV] INFO  [JTS-AuthDispatcherS24-3757] - cert #0 subject:CN=tws.ibllc.com,OU=tws.ibllc.com,O=IBLLC,C=US	issuer:CN=prod.ckg.ibllc.com,O=Interactive Brokers LLC,L=Greenwich,ST=Connecticut,C=US	notBefore:20170628-13:31:12 Europe/London	notAfter:20170630-21:31:12 Europe/London
2017-06-29 08:00:04.433 [LV] INFO  [JTS-AuthDispatcherS24-3757] - cert #1 subject:CN=prod.ckg.ibllc.com,O=Interactive Brokers LLC,L=Greenwich,ST=Connecticut,C=US	issuer:CN=DigiCert SHA2 Secure Server CA,O=DigiCert Inc,C=US	notBefore:20150806-01:00:00 Europe/London	notAfter:20180810-13:00:00 Europe/London
2017-06-29 08:00:04.433 [LV] INFO  [JTS-AuthDispatcherS24-3757] - cert #2 subject:CN=DigiCert SHA2 Secure Server CA,O=DigiCert Inc,C=US	issuer:CN=DigiCert Global Root CA,OU=www.digicert.com,O=DigiCert Inc,C=US	notBefore:20130308-12:00:00 Europe/London	notAfter:20230308-12:00:00 Europe/London
2017-06-29 08:00:04.434 [LV] INFO  [JTS-AuthDispatcherS24-3757] - Current time is: 20170629-07:00:04 Europe/London
2017-06-29 08:00:04.435 [LV] INFO  [JTS-AuthDispatcherS24-3757] - CipherContext initialization successed.
2017-06-29 08:00:04.436 [LV] INFO  [JTS-AuthDispatcherS24-3757] - mapProdToPaper: In NSConnectRequest: sending PAPER_CONNECT=0x2000
2017-06-29 08:00:04.701 [LV] INFO  [JTS-Fuse-ServiceAuthTimeout-3696] - Farm cashfarm/CCP: No ping response
2017-06-29 08:00:04.701 [LV] INFO  [JTS-Fuse-ServiceAuthTimeout-3696] - Disconnecting gdc1.ibllc.com:4000 with status NO_PING_RESPONSE
2017-06-29 08:00:04.701 [LV] INFO  [JTS-cashfarmServicePingS20-3620] - Terminating ping thread
2017-06-29 08:00:04.701 [LV] INFO  [JTS-Fuse-ServiceAuthTimeout-3696] - AuthTimeoutMonitor: deactivate
2017-06-29 08:00:04.701 [LV] INFO  [JTS-cashfarmDispatcherS20-3615S20-3616] - Terminating dispatcher
2017-06-29 08:00:04.701 [LV] INFO  [JTS-cashfarmListenerS20-3614] - Socket for connection gdc1.ibllc.com:4000 was closed by another thread
2017-06-29 08:00:04.701 [LV] INFO  [JTS-DisconnectedS20-3765] - Farm cashfarm/CCP: Lost active connection with disconnect status NO_PING_RESPONSE
2017-06-29 08:00:04.701 [LV] INFO  [JTS-DisconnectedS20-3765] - Farm cashfarm/CCP: Resetting
2017-06-29 08:00:04.701 [LV] INFO  [JTS-cashfarmListenerS20-3614] - Terminating Listener thread
2017-06-29 08:00:04.703 [LV] INFO  [JTS-AsyncNonLocked-30] - Keep-alive scheduled for:cashfarm
2017-06-29 08:00:04.707 [LV] INFO  [AWT-EventQueue-0] - update connection status: cashfarm
2017-06-29 08:00:04.948 [LV] INFO  [JTS-Fuse-nativepause-3751] - connectNative currently is not allowed for state=DISCONNECTED info=ilhmds native=cdc1.ibllc.com:4000 UNCONNECTED ccp=gdc1.ibllc.com:4000 UNCONNECTED active=none laststatus=NO_PING_RESPONSE activeDispatcherID=n/a
2017-06-29 08:00:05.702 [LV] INFO  [JTS-Fuse-ccppause-3766] - connectViaCcp currently is not allowed for 47851797
2017-06-29 08:00:09.511 [LV] INFO  [JTS-CCPListenerS24-3756] - Socket for connection gdc1.ibllc.com:4000 was closed by peer
2017-06-29 08:00:09.511 [LV] INFO  [JTS-CCPListenerS24-3756] - Terminating Listener thread
2017-06-29 08:00:09.612 [LV] INFO  [JTS-Fuse-ClosedSocket-3814] - Disconnecting gdc1.ibllc.com:4000 with status DISCONNECT_ON_BROKEN_SOCKET
2017-06-29 08:00:09.612 [LV] INFO  [JTS-Fuse-ClosedSocket-3814] - AuthTimeoutMonitor: deactivate
2017-06-29 08:00:09.612 [LV] INFO  [JTS-AuthTimeoutMonitorThread-3758] - Terminating auth timeout monitor thread
2017-06-29 08:00:09.612 [LV] INFO  [JTS-Fuse-ClosedSocket-3814] - CONN CALC: gdc1_hb1.ibllc.com:4000 next attempt: 08:00:13:908 delay:4296ms; LastAttempt:08:00:03:594 socketTimeout:30sec;  base=5000 range=10000 delayFactor:0.5
2017-06-29 08:00:09.612 [LV] INFO  [JTS-AuthDispatcherS24-3757] - Terminating dispatcher
2017-06-29 08:00:09.612 [LV] INFO  [JTS-Fuse-ClosedSocket-3814] - CONN CALC: Last disconnect time set as now:08:00:09:612
2017-06-29 08:00:09.612 [LV] INFO  [JTS-Fuse-ClosedSocket-3814] - SPLASH Attempt 4: server error, will retry in seconds
2017-06-29 08:00:09.613 [LV] INFO  [JTS-DisconnectedS24-3817] - Check settings BatchRequests are back:2 res:true
2017-06-29 08:00:09.615 [LV] INFO  [JTS-DisconnectedS24-3817] - Before clearing batch requets for:24 settings-state:true settings:0
2017-06-29 08:00:09.615 [LV] INFO  [JTS-DisconnectedS24-3817] - Connection to ccp disconnected.
2017-06-29 08:00:09.617 [LV] INFO  [AWT-EventQueue-0] - Check settings BatchRequests are back:24 res:true
2017-06-29 08:00:09.619 [LV] INFO  [JTS-DisconnectedS24-3817] - Storing background batch requests for retry:[]
2017-06-29 08:00:09.619 [LV] INFO  [AWT-EventQueue-0] - Saving factory settings. RestoreAllInCurrentWorkspace=true onExit=false inBackground=true
2017-06-29 08:00:09.619 [LV] INFO  [JTS-DisconnectedS24-3817] - Disconnected from a CCP. Cleaning up state...
2017-06-29 08:00:09.619 [LV] INFO  [JTS-DisconnectedS24-3817] - Releasing the send permit...
2017-06-29 08:00:09.619 [LV] INFO  [JTS-DisconnectedS24-3817] - In DailyPnLMgr.clearAfterDisconnect(): cleared maps
2017-06-29 08:00:09.620 [LV] INFO  [JTS-ActivityBus-32] - Remove all completed orders
2017-06-29 08:00:13.909 [LV] INFO  [JTS-Fuse-Reconnect-3816] - Prelogin delay:0
2017-06-29 08:00:13.909 [LV] INFO  [JTS-Login-3866] - Starting launcher login thread
2017-06-29 08:00:13.909 [LV] INFO  [JTS-Login-3866] - SPLASH Attempt 5: connecting to server
2017-06-29 08:00:13.909 [LV] INFO  [JTS-Login-3866] - SPLASH Attempt 5: connecting to server
2017-06-29 08:00:13.910 [LV] INFO  [JTS-Login-3866] - AsyncDisconnectNotifiers:1
2017-06-29 08:00:13.910 [LV] INFO  [JTS-Login-3866] - Connecting gdc1_hb1.ibllc.com:4000 timeout=30000
2017-06-29 08:00:14.038 [LV] INFO  [JTS-Login-3866] - Connected to gdc1_hb1.ibllc.com:4000 on local port 0 socket local addrs:port /1.1.1.12:48888
2017-06-29 08:00:14.039 [LV] INFO  [JTS-Login-3866] - NSCX init:false
2017-06-29 08:00:14.039 [LV] INFO  [JTS-Login-3866] - Changing state for connection from PRELOGON to PRELOGON in y 1900690044: SessionSocket:25
2017-06-29 08:00:14.039 [LV] INFO  [JTS-Login-3866] - Authenticating
2017-06-29 08:00:14.039 [LV] INFO  [JTS-Login-3866] - AuthTimeoutMonitor: deactivate
2017-06-29 08:00:14.039 [LV] INFO  [JTS-Login-3866] - AuthTimeoutMonitor: timeout=30000
2017-06-29 08:00:14.039 [LV] INFO  [JTS-CCPListenerS25-3869] - Starting Listener thread
2017-06-29 08:00:14.040 [LV] INFO  [JTS-Login-3866] - AuthTimeoutMonitor: activate
2017-06-29 08:00:14.040 [LV] INFO  [JTS-Login-3866] - SPLASH 9757 step 2 AuthDispatcher.connect
2017-06-29 08:00:14.040 [LV] INFO  [JTS-AuthTimeoutMonitorThread-3871] - Starting auth timeout monitor thread
2017-06-29 08:00:14.040 [LV] INFO  [JTS-Login-3866] - Sending connect request
2017-06-29 08:00:14.040 [LV] INFO  [JTS-AuthDispatcherS25-3870] - Starting dispatcher
2017-06-29 08:00:14.041 [LV] INFO  [JTS-Login-3866] - SPLASH Attempt 5: Authenticating
2017-06-29 08:00:14.041 [LV] INFO  [JTS-CCPListenerS25-3869] - Initial listener buffer size is 186240
2017-06-29 08:00:14.041 [LV] INFO  [JTS-CCPListenerS25-3869] - Capping listener buffer size at 65536
2017-06-29 08:00:14.041 [LV] INFO  [JTS-Login-3866] - Terminating launcher login thread
2017-06-29 08:00:14.326 [LV] INFO  [JTS-AuthDispatcherS25-3870] - SPLASH 0286 step 3 AuthDispatcher.processDataItr
2017-06-29 08:00:14.327 [LV] INFO  [JTS-AuthDispatcherS25-3870] - cert #0 subject:CN=tws.ibllc.com,OU=tws.ibllc.com,O=IBLLC,C=US	issuer:CN=prod.ckg.ibllc.com,O=Interactive Brokers LLC,L=Greenwich,ST=Connecticut,C=US	notBefore:20170628-13:31:12 Europe/London	notAfter:20170630-21:31:12 Europe/London
2017-06-29 08:00:14.327 [LV] INFO  [JTS-AuthDispatcherS25-3870] - cert #1 subject:CN=prod.ckg.ibllc.com,O=Interactive Brokers LLC,L=Greenwich,ST=Connecticut,C=US	issuer:CN=DigiCert SHA2 Secure Server CA,O=DigiCert Inc,C=US	notBefore:20150806-01:00:00 Europe/London	notAfter:20180810-13:00:00 Europe/London
2017-06-29 08:00:14.327 [LV] INFO  [JTS-AuthDispatcherS25-3870] - cert #2 subject:CN=DigiCert SHA2 Secure Server CA,O=DigiCert Inc,C=US	issuer:CN=DigiCert Global Root CA,OU=www.digicert.com,O=DigiCert Inc,C=US	notBefore:20130308-12:00:00 Europe/London	notAfter:20230308-12:00:00 Europe/London
2017-06-29 08:00:14.327 [LV] INFO  [JTS-AuthDispatcherS25-3870] - Current time is: 20170629-07:00:14 Europe/London
2017-06-29 08:00:14.329 [LV] INFO  [JTS-AuthDispatcherS25-3870] - CipherContext initialization successed.
2017-06-29 08:00:14.330 [LV] INFO  [JTS-AuthDispatcherS25-3870] - mapProdToPaper: In NSConnectRequest: sending PAPER_CONNECT=0x2000
2017-06-29 08:00:14.456 [LV] INFO  [JTS-AuthDispatcherS25-3870] - Received NS_REDIRECT
2017-06-29 08:00:14.456 [LV] INFO  [JTS-AuthDispatcherS25-3870] - Disconnecting gdc1_hb1.ibllc.com:4000 with status DISCONNECT_ON_REDIRECTION
2017-06-29 08:00:14.456 [LV] INFO  [JTS-AuthDispatcherS25-3870] - AuthTimeoutMonitor: deactivate
2017-06-29 08:00:14.456 [LV] INFO  [JTS-AuthTimeoutMonitorThread-3871] - Terminating auth timeout monitor thread
2017-06-29 08:00:14.456 [LV] INFO  [JTS-CCPListenerS25-3869] - Socket for connection gdc1_hb1.ibllc.com:4000 was closed by another thread
2017-06-29 08:00:14.457 [LV] INFO  [JTS-DisconnectedS25-3875] - Check settings BatchRequests are back:2 res:true
2017-06-29 08:00:14.457 [LV] INFO  [JTS-DisconnectedS25-3875] - Before clearing batch requets for:25 settings-state:true settings:0
2017-06-29 08:00:14.457 [LV] INFO  [JTS-DisconnectedS25-3875] - Connection to ccp disconnected.
2017-06-29 08:00:14.457 [LV] INFO  [JTS-AuthDispatcherS25-3870] - SSL support status for gdc1.ibllc.com:4000 is true
2017-06-29 08:00:14.457 [LV] INFO  [JTS-AuthDispatcherS25-3870] - Redirecting to gdc1.ibllc.com:4000
2017-06-29 08:00:14.457 [LV] INFO  [JTS-DisconnectedS25-3875] - Storing background batch requests for retry:[]
2017-06-29 08:00:14.457 [LV] INFO  [JTS-AuthDispatcherS25-3870] - CONN CALC: gdc1.ibllc.com:4000 next attempt: 08:00:22:483 delay:8026ms; LastAttempt:08:00:13:908 socketTimeout:30sec;  base=5000 range=10000 delayFactor:0.5
2017-06-29 08:00:14.457 [LV] INFO  [JTS-AuthDispatcherS25-3870] - CONN CALC: Timeout increased base=15000 range=15000
2017-06-29 08:00:14.457 [LV] INFO  [JTS-DisconnectedS25-3875] - Disconnected from a CCP. Cleaning up state...
2017-06-29 08:00:14.457 [LV] INFO  [JTS-AuthDispatcherS25-3870] - Prelogin delay:8026
2017-06-29 08:00:14.457 [LV] INFO  [JTS-DisconnectedS25-3875] - Releasing the send permit...
2017-06-29 08:00:14.457 [LV] INFO  [JTS-DisconnectedS25-3875] - In DailyPnLMgr.clearAfterDisconnect(): cleared maps
2017-06-29 08:00:14.457 [LV] INFO  [JTS-ActivityBus-32] - Remove all completed orders
2017-06-29 08:00:14.458 [LV] INFO  [JTS-AuthDispatcherS25-3870] - Terminating dispatcher
2017-06-29 08:00:14.458 [LV] INFO  [JTS-CCPListenerS25-3869] - Terminating Listener thread
2017-06-29 08:00:14.458 [LV] INFO  [JTS-Login-3876] - Starting launcher login thread
2017-06-29 08:00:14.458 [LV] INFO  [JTS-Login-3876] - SPLASH Connecting to server
2017-06-29 08:00:14.458 [LV] INFO  [AWT-EventQueue-0] - Check settings BatchRequests are back:25 res:true
2017-06-29 08:00:14.458 [LV] INFO  [AWT-EventQueue-0] - Saving factory settings. RestoreAllInCurrentWorkspace=true onExit=false inBackground=true
2017-06-29 08:00:22.485 [LV] INFO  [JTS-Login-3876] - SPLASH Attempt 5: connecting to server
2017-06-29 08:00:22.486 [LV] INFO  [JTS-Login-3876] - SPLASH Attempt 5: connecting to server
2017-06-29 08:00:22.486 [LV] INFO  [JTS-Login-3876] - AsyncDisconnectNotifiers:1
2017-06-29 08:00:22.487 [LV] INFO  [JTS-Login-3876] - Connecting gdc1.ibllc.com:4000 timeout=30000
2017-06-29 08:00:22.612 [LV] INFO  [JTS-Login-3876] - Connected to gdc1.ibllc.com:4000 on local port 0 socket local addrs:port /1.1.1.12:58920
2017-06-29 08:00:22.613 [LV] INFO  [JTS-Login-3876] - NSCX init:false
2017-06-29 08:00:22.613 [LV] INFO  [JTS-Login-3876] - Changing state for connection from PRELOGON to PRELOGON in y 1900690044: SessionSocket:26
2017-06-29 08:00:22.613 [LV] INFO  [JTS-Login-3876] - Authenticating
2017-06-29 08:00:22.614 [LV] INFO  [JTS-Login-3876] - AuthTimeoutMonitor: deactivate
2017-06-29 08:00:22.614 [LV] INFO  [JTS-CCPListenerS26-3960] - Starting Listener thread
2017-06-29 08:00:22.614 [LV] INFO  [JTS-Login-3876] - AuthTimeoutMonitor: timeout=30000
2017-06-29 08:00:22.614 [LV] INFO  [JTS-Login-3876] - AuthTimeoutMonitor: activate
2017-06-29 08:00:22.614 [LV] INFO  [JTS-Login-3876] - SPLASH 8288 step 3 AuthDispatcher.connect
2017-06-29 08:00:22.614 [LV] INFO  [JTS-Login-3876] - Sending connect request
2017-06-29 08:00:22.614 [LV] INFO  [JTS-AuthTimeoutMonitorThread-3962] - Starting auth timeout monitor thread
2017-06-29 08:00:22.615 [LV] INFO  [JTS-Login-3876] - SPLASH Attempt 5: Authenticating
2017-06-29 08:00:22.615 [LV] INFO  [JTS-AuthDispatcherS26-3961] - Starting dispatcher
2017-06-29 08:00:22.615 [LV] INFO  [JTS-Login-3876] - Terminating launcher login thread
2017-06-29 08:00:22.616 [LV] INFO  [JTS-CCPListenerS26-3960] - Initial listener buffer size is 187200
2017-06-29 08:00:22.617 [LV] INFO  [JTS-CCPListenerS26-3960] - Capping listener buffer size at 65536
2017-06-29 08:00:22.762 [LV] INFO  [JTS-AuthDispatcherS26-3961] - cert #0 subject:CN=tws.ibllc.com,OU=tws.ibllc.com,O=IBLLC,C=US	issuer:CN=prod.ckg.ibllc.com,O=Interactive Brokers LLC,L=Greenwich,ST=Connecticut,C=US	notBefore:20170628-13:31:12 Europe/London	notAfter:20170630-21:31:12 Europe/London
2017-06-29 08:00:22.762 [LV] INFO  [JTS-AuthDispatcherS26-3961] - cert #1 subject:CN=prod.ckg.ibllc.com,O=Interactive Brokers LLC,L=Greenwich,ST=Connecticut,C=US	issuer:CN=DigiCert SHA2 Secure Server CA,O=DigiCert Inc,C=US	notBefore:20150806-01:00:00 Europe/London	notAfter:20180810-13:00:00 Europe/London
2017-06-29 08:00:22.762 [LV] INFO  [JTS-AuthDispatcherS26-3961] - cert #2 subject:CN=DigiCert SHA2 Secure Server CA,O=DigiCert Inc,C=US	issuer:CN=DigiCert Global Root CA,OU=www.digicert.com,O=DigiCert Inc,C=US	notBefore:20130308-12:00:00 Europe/London	notAfter:20230308-12:00:00 Europe/London
2017-06-29 08:00:22.763 [LV] INFO  [JTS-AuthDispatcherS26-3961] - Current time is: 20170629-07:00:22 Europe/London
2017-06-29 08:00:22.765 [LV] INFO  [JTS-AuthDispatcherS26-3961] - CipherContext initialization successed.
2017-06-29 08:00:22.765 [LV] INFO  [JTS-AuthDispatcherS26-3961] - mapProdToPaper: In NSConnectRequest: sending PAPER_CONNECT=0x2000
2017-06-29 08:00:24.443 [LV] INFO  [JTS-CCPListenerS26-3960] - Socket for connection gdc1.ibllc.com:4000 was closed by peer
2017-06-29 08:00:24.443 [LV] INFO  [JTS-CCPListenerS26-3960] - Terminating Listener thread
2017-06-29 08:00:24.543 [LV] INFO  [JTS-Fuse-ClosedSocket-3985] - Disconnecting gdc1.ibllc.com:4000 with status DISCONNECT_ON_BROKEN_SOCKET
2017-06-29 08:00:24.543 [LV] INFO  [JTS-Fuse-ClosedSocket-3985] - AuthTimeoutMonitor: deactivate
2017-06-29 08:00:24.543 [LV] INFO  [JTS-Fuse-ClosedSocket-3985] - CONN CALC: gdc1_hb1.ibllc.com:4000 next attempt: 08:00:32:542 delay:7999ms; LastAttempt:08:00:22:483 socketTimeout:30sec;  base=15000 range=15000 delayFactor:0.5
2017-06-29 08:00:24.543 [LV] INFO  [JTS-Fuse-ClosedSocket-3985] - CONN CALC: Last disconnect time set as now:08:00:24:543
2017-06-29 08:00:24.543 [LV] INFO  [JTS-AuthTimeoutMonitorThread-3962] - Terminating auth timeout monitor thread
2017-06-29 08:00:24.543 [LV] INFO  [JTS-AuthDispatcherS26-3961] - Terminating dispatcher
2017-06-29 08:00:24.543 [LV] INFO  [JTS-Fuse-ClosedSocket-3985] - SPLASH Attempt 5: server error, will retry in seconds
2017-06-29 08:00:24.544 [LV] INFO  [JTS-DisconnectedS26-3988] - Check settings BatchRequests are back:2 res:true
2017-06-29 08:00:24.544 [LV] INFO  [JTS-DisconnectedS26-3988] - Before clearing batch requets for:26 settings-state:true settings:0
2017-06-29 08:00:24.544 [LV] INFO  [JTS-DisconnectedS26-3988] - Connection to ccp disconnected.
2017-06-29 08:00:24.544 [LV] INFO  [JTS-DisconnectedS26-3988] - Storing background batch requests for retry:[]
2017-06-29 08:00:24.544 [LV] INFO  [JTS-DisconnectedS26-3988] - Disconnected from a CCP. Cleaning up state...
2017-06-29 08:00:24.544 [LV] INFO  [JTS-DisconnectedS26-3988] - Releasing the send permit...
2017-06-29 08:00:24.544 [LV] INFO  [JTS-DisconnectedS26-3988] - In DailyPnLMgr.clearAfterDisconnect(): cleared maps
2017-06-29 08:00:24.545 [LV] INFO  [JTS-ActivityBus-32] - Remove all completed orders
2017-06-29 08:00:24.545 [LV] INFO  [AWT-EventQueue-0] - Check settings BatchRequests are back:26 res:true
2017-06-29 08:00:24.546 [LV] INFO  [AWT-EventQueue-0] - Saving factory settings. RestoreAllInCurrentWorkspace=true onExit=false inBackground=true
2017-06-29 08:00:32.543 [LV] INFO  [JTS-Fuse-Reconnect-3987] - Prelogin delay:0
2017-06-29 08:00:32.543 [LV] INFO  [JTS-Login-4070] - Starting launcher login thread
2017-06-29 08:00:32.543 [LV] INFO  [JTS-Login-4070] - SPLASH Attempt 6: connecting to server
2017-06-29 08:00:32.544 [LV] INFO  [JTS-Login-4070] - SPLASH Attempt 6: connecting to server
2017-06-29 08:00:32.544 [LV] INFO  [JTS-Login-4070] - AsyncDisconnectNotifiers:1
2017-06-29 08:00:32.544 [LV] INFO  [JTS-Login-4070] - Connecting gdc1_hb1.ibllc.com:4000 timeout=30000
2017-06-29 08:00:32.671 [LV] INFO  [JTS-Login-4070] - Connected to gdc1_hb1.ibllc.com:4000 on local port 0 socket local addrs:port /1.1.1.12:48932
2017-06-29 08:00:32.673 [LV] INFO  [JTS-Login-4070] - NSCX init:false
2017-06-29 08:00:32.673 [LV] INFO  [JTS-Login-4070] - Changing state for connection from PRELOGON to PRELOGON in y 1900690044: SessionSocket:27
2017-06-29 08:00:32.673 [LV] INFO  [JTS-Login-4070] - Authenticating
2017-06-29 08:00:32.673 [LV] INFO  [JTS-Login-4070] - AuthTimeoutMonitor: deactivate
2017-06-29 08:00:32.673 [LV] INFO  [JTS-Login-4070] - AuthTimeoutMonitor: timeout=30000
2017-06-29 08:00:32.673 [LV] INFO  [JTS-CCPListenerS27-4074] - Starting Listener thread
2017-06-29 08:00:32.673 [LV] INFO  [JTS-Login-4070] - AuthTimeoutMonitor: activate
2017-06-29 08:00:32.673 [LV] INFO  [JTS-Login-4070] - SPLASH 10059 step 3 AuthDispatcher.connect
2017-06-29 08:00:32.673 [LV] INFO  [JTS-AuthTimeoutMonitorThread-4076] - Starting auth timeout monitor thread
2017-06-29 08:00:32.674 [LV] INFO  [JTS-Login-4070] - Sending connect request
2017-06-29 08:00:32.674 [LV] INFO  [JTS-AuthDispatcherS27-4075] - Starting dispatcher
2017-06-29 08:00:32.674 [LV] INFO  [JTS-Login-4070] - SPLASH Attempt 6: Authenticating
2017-06-29 08:00:32.675 [LV] INFO  [JTS-CCPListenerS27-4074] - Initial listener buffer size is 186240
2017-06-29 08:00:32.675 [LV] INFO  [JTS-CCPListenerS27-4074] - Capping listener buffer size at 65536
2017-06-29 08:00:32.675 [LV] INFO  [JTS-Login-4070] - Terminating launcher login thread
2017-06-29 08:00:32.962 [LV] INFO  [JTS-AuthDispatcherS27-4075] - SPLASH 0289 step 4 AuthDispatcher.processDataItr
2017-06-29 08:00:32.962 [LV] INFO  [JTS-AuthDispatcherS27-4075] - cert #0 subject:CN=tws.ibllc.com,OU=tws.ibllc.com,O=IBLLC,C=US	issuer:CN=prod.ckg.ibllc.com,O=Interactive Brokers LLC,L=Greenwich,ST=Connecticut,C=US	notBefore:20170628-13:31:12 Europe/London	notAfter:20170630-21:31:12 Europe/London
2017-06-29 08:00:32.962 [LV] INFO  [JTS-AuthDispatcherS27-4075] - cert #1 subject:CN=prod.ckg.ibllc.com,O=Interactive Brokers LLC,L=Greenwich,ST=Connecticut,C=US	issuer:CN=DigiCert SHA2 Secure Server CA,O=DigiCert Inc,C=US	notBefore:20150806-01:00:00 Europe/London	notAfter:20180810-13:00:00 Europe/London
2017-06-29 08:00:32.962 [LV] INFO  [JTS-AuthDispatcherS27-4075] - cert #2 subject:CN=DigiCert SHA2 Secure Server CA,O=DigiCert Inc,C=US	issuer:CN=DigiCert Global Root CA,OU=www.digicert.com,O=DigiCert Inc,C=US	notBefore:20130308-12:00:00 Europe/London	notAfter:20230308-12:00:00 Europe/London
2017-06-29 08:00:32.963 [LV] INFO  [JTS-AuthDispatcherS27-4075] - Current time is: 20170629-07:00:32 Europe/London
2017-06-29 08:00:32.965 [LV] INFO  [JTS-AuthDispatcherS27-4075] - CipherContext initialization successed.
2017-06-29 08:00:32.965 [LV] INFO  [JTS-AuthDispatcherS27-4075] - mapProdToPaper: In NSConnectRequest: sending PAPER_CONNECT=0x2000
2017-06-29 08:00:33.094 [LV] INFO  [JTS-AuthDispatcherS27-4075] - Received NS_REDIRECT
2017-06-29 08:00:33.094 [LV] INFO  [JTS-AuthDispatcherS27-4075] - Disconnecting gdc1_hb1.ibllc.com:4000 with status DISCONNECT_ON_REDIRECTION
2017-06-29 08:00:33.094 [LV] INFO  [JTS-AuthDispatcherS27-4075] - AuthTimeoutMonitor: deactivate
2017-06-29 08:00:33.094 [LV] INFO  [JTS-AuthTimeoutMonitorThread-4076] - Terminating auth timeout monitor thread
2017-06-29 08:00:33.094 [LV] INFO  [JTS-CCPListenerS27-4074] - Socket for connection gdc1_hb1.ibllc.com:4000 was closed by another thread
2017-06-29 08:00:33.094 [LV] INFO  [JTS-AuthDispatcherS27-4075] - SSL support status for gdc1.ibllc.com:4000 is true
2017-06-29 08:00:33.094 [LV] INFO  [JTS-DisconnectedS27-4087] - Check settings BatchRequests are back:2 res:true
2017-06-29 08:00:33.094 [LV] INFO  [JTS-AuthDispatcherS27-4075] - Redirecting to gdc1.ibllc.com:4000
2017-06-29 08:00:33.094 [LV] INFO  [JTS-DisconnectedS27-4087] - Before clearing batch requets for:27 settings-state:true settings:0
2017-06-29 08:00:33.094 [LV] INFO  [JTS-DisconnectedS27-4087] - Connection to ccp disconnected.
2017-06-29 08:00:33.095 [LV] INFO  [JTS-AuthDispatcherS27-4075] - CONN CALC: gdc1.ibllc.com:4000 next attempt: 08:00:48:359 delay:15264ms; LastAttempt:08:00:32:542 socketTimeout:30sec;  base=15000 range=15000 delayFactor:0.5
2017-06-29 08:00:33.095 [LV] INFO  [JTS-DisconnectedS27-4087] - Storing background batch requests for retry:[]
2017-06-29 08:00:33.095 [LV] INFO  [JTS-AuthDispatcherS27-4075] - CONN CALC: Timeout increased base=30000 range=20000
2017-06-29 08:00:33.095 [LV] INFO  [JTS-AuthDispatcherS27-4075] - Prelogin delay:15264
2017-06-29 08:00:33.095 [LV] INFO  [JTS-DisconnectedS27-4087] - Disconnected from a CCP. Cleaning up state...
2017-06-29 08:00:33.095 [LV] INFO  [JTS-DisconnectedS27-4087] - Releasing the send permit...
2017-06-29 08:00:33.095 [LV] INFO  [JTS-DisconnectedS27-4087] - In DailyPnLMgr.clearAfterDisconnect(): cleared maps
2017-06-29 08:00:33.095 [LV] INFO  [JTS-AuthDispatcherS27-4075] - Terminating dispatcher
2017-06-29 08:00:33.095 [LV] INFO  [JTS-Login-4088] - Starting launcher login thread
2017-06-29 08:00:33.095 [LV] INFO  [JTS-CCPListenerS27-4074] - Terminating Listener thread
2017-06-29 08:00:33.095 [LV] INFO  [JTS-ActivityBus-32] - Remove all completed orders
2017-06-29 08:00:33.095 [LV] INFO  [JTS-Login-4088] - SPLASH Connecting to server
2017-06-29 08:00:33.096 [LV] INFO  [AWT-EventQueue-0] - Check settings BatchRequests are back:27 res:true
2017-06-29 08:00:33.096 [LV] INFO  [AWT-EventQueue-0] - Saving factory settings. RestoreAllInCurrentWorkspace=true onExit=false inBackground=true
2017-06-29 08:00:47.499 [LV] INFO  [pool-1-thread-1] - |NIA|Thread[NIA-DBSHUTDOWNHOOK,6,main] | run()#390 | Interrupt NIA RDBMS connection | 
2017-06-29 08:00:47.499 [LV] INFO  [pool-1-thread-1] - |NIA|com.ib.nia.histdb.h@113143a1 | destroy()#268 | Shutdown NIA RDBMS | 
2017-06-29 08:00:47.670 [LV] INFO  [pool-1-thread-1] - |NIA|com.ib.nia.histdb.h@113143a1 | destroy()#271 | NIA DB Closed | 
2017-06-29 08:00:47.671 [LV] INFO  [pool-1-thread-1] - |NIA|Thread[NIA-DBSHUTDOWNHOOK,6,main] | run()#395 | HSQLDB connections are closed | 
