<?xml version="1.0" encoding="UTF-8" standalone="no"?>
<fileLog>
<createdFiles>
<entry name=".install4j/user.jar" shared="false" uninstallMode="2"/>
<entry name=".install4j/d958696.lprop" shared="false" uninstallMode="0"/>
<entry name=".install4j/i4j_extf_27_ehxa44.properties" shared="false" uninstallMode="2"/>
<entry name=".install4j/autoUninstall.1" shared="false" uninstallMode="0"/>
<entry name=".install4j/i4j_extf_33_ehxa44.utf8" shared="false" uninstallMode="2"/>
<entry name=".install4j/i4j_extf_12_ehxa44.utf8" shared="false" uninstallMode="2"/>
<entry name=".install4j/response.varfile" shared="false" uninstallMode="0"/>
<entry name=".install4j/i4j_extf_8_ehxa44.properties" shared="false" uninstallMode="2"/>
<entry name=".install4j/i4j_extf_22_ehxa44.properties" shared="false" uninstallMode="2"/>
<entry name=".install4j/i4j_extf_1_ehxa44.properties" shared="false" uninstallMode="2"/>
<entry name=".install4j/i4j_extf_35_ehxa44.properties" shared="false" uninstallMode="2"/>
<entry name=".install4j/i4j_extf_31_ehxa44.utf8" shared="false" uninstallMode="2"/>
<entry name=".install4j/i4j_extf_10_ehxa44.utf8" shared="false" uninstallMode="2"/>
<entry name=".install4j/i4j_extf_30_ehxa44.utf8" shared="false" uninstallMode="2"/>
<entry name=".install4j/MessagesDefault" shared="false" uninstallMode="2"/>
<entry name=".install4j/i4j_extf_4_ehxa44.utf8" shared="false" uninstallMode="2"/>
<entry name=".install4j/i4j_extf_6_ehxa44.utf8" shared="false" uninstallMode="2"/>
<entry name=".install4j/3257f6f9.lprop" shared="false" uninstallMode="0"/>
<entry name=".install4j/i4j_extf_19_ehxa44.utf8" shared="false" uninstallMode="2"/>
<entry name=".install4j/i4j_extf_3_ehxa44.properties" shared="false" uninstallMode="2"/>
<entry name=".install4j/i4j_extf_7_ehxa44.utf8" shared="false" uninstallMode="2"/>
<entry name=".install4j/i4j_extf_29_ehxa44.utf8" shared="false" uninstallMode="2"/>
<entry name=".install4j/restarter" shared="false" uninstallMode="0"/>
<entry name=".install4j/i4j_extf_40_ehxa44_czgnkz.ico" shared="false" uninstallMode="2"/>
<entry name=".install4j/i4j_extf_39_ehxa44.utf8" shared="false" uninstallMode="2"/>
<entry name=".install4j/i4j_extf_2_ehxa44.utf8" shared="false" uninstallMode="2"/>
<entry name=".install4j/i4j_extf_0_ehxa44.utf8" shared="false" uninstallMode="2"/>
<entry name="uninstall" shared="false" uninstallMode="0"/>
<entry name=".install4j/i4j_extf_9_ehxa44.utf8" shared="false" uninstallMode="2"/>
<entry name=".install4j/i4j_extf_23_ehxa44.utf8" shared="false" uninstallMode="2"/>
<entry name=".install4j/i4j_extf_34_ehxa44.utf8" shared="false" uninstallMode="2"/>
<entry name=".install4j/i4jruntime.jar" shared="false" uninstallMode="2"/>
<entry name=".install4j/installation.log" shared="false" uninstallMode="0"/>
<entry name="jars/twslaunch-install4j-1.8.jar" shared="false" uninstallMode="0"/>
<entry name="jars/jts4launch-963.jar" shared="false" uninstallMode="0"/>
<entry name=".install4j/i4j_extf_25_ehxa44.utf8" shared="false" uninstallMode="2"/>
<entry name=".install4j/i4j_extf_36_ehxa44.utf8" shared="false" uninstallMode="2"/>
<entry name="jars/twslaunch-963.jar" shared="false" uninstallMode="0"/>
<entry name=".install4j/i4j_extf_14_ehxa44.utf8" shared="false" uninstallMode="2"/>
<entry name=".install4j/stats.properties" shared="false" uninstallMode="2"/>
<entry name=".install4j/i4j_extf_26_ehxa44.utf8" shared="false" uninstallMode="2"/>
<entry name=".install4j/i4j_extf_28_ehxa44.utf8" shared="false" uninstallMode="2"/>
<entry name="ibgateway" shared="false" uninstallMode="0"/>
<entry name=".install4j/i4j_extf_15_ehxa44.utf8" shared="false" uninstallMode="2"/>
<entry name=".install4j/i4j_extf_17_ehxa44.utf8" shared="false" uninstallMode="2"/>
<entry name=".install4j/install.prop" shared="false" uninstallMode="0"/>
<entry name=".install4j/i4j_extf_38_ehxa44.utf8" shared="false" uninstallMode="2"/>
<entry name=".install4j/i4j_extf_13_ehxa44.properties" shared="false" uninstallMode="2"/>
<entry name="jars/total-2015c.jar" shared="false" uninstallMode="0"/>
<entry name=".install4j/ibgateway.png" shared="false" uninstallMode="2"/>
<entry name="jars/log4j-core-2.5.jar" shared="false" uninstallMode="0"/>
<entry name=".install4j/i4j_extf_11_ehxa44.properties" shared="false" uninstallMode="2"/>
<entry name="/home/eugene/.local/share/applications/IB Gateway 963-1.desktop" shared="false" uninstallMode="2"/>
<entry name=".install4j/i4j_extf_24_ehxa44.properties" shared="false" uninstallMode="2"/>
<entry name=".install4j/i4j_extf_32_ehxa44.properties" shared="false" uninstallMode="2"/>
<entry name=".install4j/i4j_extf_37_ehxa44.properties" shared="false" uninstallMode="2"/>
<entry name=".install4j/i4j_extf_5_ehxa44.properties" shared="false" uninstallMode="2"/>
<entry name="IB Gateway 963.desktop" shared="false" uninstallMode="2"/>
<entry name=".install4j/i4j_extf_21_ehxa44.utf8" shared="false" uninstallMode="2"/>
<entry name="jars/log4j-api-2.5.jar" shared="false" uninstallMode="0"/>
<entry name=".install4j/i4j_extf_18_ehxa44.properties" shared="false" uninstallMode="2"/>
<entry name="jars/locales.jar" shared="false" uninstallMode="0"/>
<entry name=".install4j/i4j_extf_20_ehxa44.utf8" shared="false" uninstallMode="2"/>
<entry name=".install4j/i4j_extf_41_ehxa44_d36cl.png" shared="false" uninstallMode="2"/>
<entry name=".install4j/inst_jre.cfg" shared="false" uninstallMode="0"/>
<entry name=".install4j/2bfa42ba.lprop" shared="false" uninstallMode="0"/>
<entry name=".install4j/s_1fmt56t.png" shared="false" uninstallMode="2"/>
<entry name=".install4j/uninstall.png" shared="false" uninstallMode="2"/>
<entry name=".install4j/i4j_extf_16_ehxa44.properties" shared="false" uninstallMode="2"/>
<entry name="/home/eugene/Desktop/IB Gateway 963.desktop" shared="false" uninstallMode="2"/>
<entry name=".install4j/i4jparams.conf" shared="false" uninstallMode="2"/>
</createdFiles>
<createdDirs>
<entry name="jars" shared="false" uninstallMode="0"/>
<entry name=".install4j" shared="false" uninstallMode="0"/>
<entry name="." shared="false" uninstallMode="0"/>
<entry name="/home/eugene/Jts/ibgateway" shared="false" uninstallMode="0"/>
</createdDirs>
</fileLog>
